{"/Users/virginie/Applications/matcha_42/server/src/app.ts": {"path":"/Users/virginie/Applications/matcha_42/server/src/app.ts","statementMap":{"0":{"start":{"line":2,"column":0},"end":{"line":2,"column":76}},"1":{"start":{"line":3,"column":0},"end":{"line":3,"column":24}},"2":{"start":{"line":4,"column":0},"end":{"line":4,"column":28}},"3":{"start":{"line":5,"column":0},"end":{"line":5,"column":38}},"4":{"start":{"line":6,"column":0},"end":{"line":6,"column":28}},"5":{"start":{"line":7,"column":0},"end":{"line":7,"column":32}},"6":{"start":{"line":8,"column":0},"end":{"line":8,"column":36}},"7":{"start":{"line":9,"column":0},"end":{"line":9,"column":39}},"8":{"start":{"line":10,"column":0},"end":{"line":10,"column":45}},"9":{"start":{"line":11,"column":0},"end":{"line":11,"column":46}},"10":{"start":{"line":12,"column":0},"end":{"line":12,"column":68}},"11":{"start":{"line":15,"column":0},"end":{"line":15,"column":9}},"12":{"start":{"line":18,"column":21},"end":{"line":18,"column":30}},"13":{"start":{"line":19,"column":15},"end":{"line":19,"column":32}},"14":{"start":{"line":22,"column":20},"end":{"line":22,"column":43}},"15":{"start":{"line":25,"column":0},"end":{"line":28,"column":4}},"16":{"start":{"line":30,"column":0},"end":{"line":30,"column":33}},"17":{"start":{"line":31,"column":0},"end":{"line":31,"column":18}},"18":{"start":{"line":32,"column":0},"end":{"line":36,"column":2}},"19":{"start":{"line":37,"column":0},"end":{"line":37,"column":23}},"20":{"start":{"line":38,"column":0},"end":{"line":38,"column":24}},"21":{"start":{"line":39,"column":0},"end":{"line":39,"column":48}},"22":{"start":{"line":42,"column":0},"end":{"line":42,"column":33}},"23":{"start":{"line":43,"column":0},"end":{"line":43,"column":39}},"24":{"start":{"line":46,"column":0},"end":{"line":48,"column":3}},"25":{"start":{"line":47,"column":4},"end":{"line":47,"column":33}},"26":{"start":{"line":50,"column":0},"end":{"line":52,"column":3}},"27":{"start":{"line":51,"column":2},"end":{"line":51,"column":29}},"28":{"start":{"line":55,"column":0},"end":{"line":57,"column":3}},"29":{"start":{"line":56,"column":4},"end":{"line":56,"column":49}},"30":{"start":{"line":64,"column":0},"end":{"line":69,"column":3}},"31":{"start":{"line":65,"column":4},"end":{"line":65,"column":29}},"32":{"start":{"line":66,"column":4},"end":{"line":68,"column":7}},"33":{"start":{"line":71,"column":0},"end":{"line":81,"column":3}},"34":{"start":{"line":72,"column":2},"end":{"line":72,"column":21}},"35":{"start":{"line":74,"column":2},"end":{"line":80,"column":3}},"36":{"start":{"line":75,"column":6},"end":{"line":75,"column":58}},"37":{"start":{"line":76,"column":9},"end":{"line":80,"column":3}},"38":{"start":{"line":77,"column":6},"end":{"line":77,"column":82}},"39":{"start":{"line":79,"column":6},"end":{"line":79,"column":64}},"40":{"start":{"line":84,"column":0},"end":{"line":89,"column":1}},"41":{"start":{"line":85,"column":25},"end":{"line":85,"column":81}},"42":{"start":{"line":86,"column":4},"end":{"line":88,"column":7}},"43":{"start":{"line":87,"column":8},"end":{"line":87,"column":57}},"44":{"start":{"line":91,"column":0},"end":{"line":91,"column":19}}},"fnMap":{"0":{"name":"(anonymous_1)","decl":{"start":{"line":46,"column":29},"end":{"line":46,"column":30}},"loc":{"start":{"line":46,"column":61},"end":{"line":48,"column":1}}},"1":{"name":"(anonymous_2)","decl":{"start":{"line":50,"column":23},"end":{"line":50,"column":26}},"loc":{"start":{"line":50,"column":28},"end":{"line":52,"column":1}}},"2":{"name":"(anonymous_3)","decl":{"start":{"line":55,"column":8},"end":{"line":55,"column":9}},"loc":{"start":{"line":55,"column":40},"end":{"line":57,"column":1}}},"3":{"name":"(anonymous_4)","decl":{"start":{"line":64,"column":8},"end":{"line":64,"column":9}},"loc":{"start":{"line":64,"column":78},"end":{"line":69,"column":1}}},"4":{"name":"(anonymous_5)","decl":{"start":{"line":71,"column":8},"end":{"line":71,"column":9}},"loc":{"start":{"line":71,"column":74},"end":{"line":81,"column":1}}},"5":{"name":"(anonymous_6)","decl":{"start":{"line":86,"column":24},"end":{"line":86,"column":27}},"loc":{"start":{"line":86,"column":29},"end":{"line":88,"column":5}}}},"branchMap":{"0":{"loc":{"start":{"line":66,"column":15},"end":{"line":66,"column":32}},"type":"binary-expr","locations":[{"start":{"line":66,"column":15},"end":{"line":66,"column":25}},{"start":{"line":66,"column":29},"end":{"line":66,"column":32}}]},"1":{"loc":{"start":{"line":67,"column":15},"end":{"line":67,"column":48}},"type":"binary-expr","locations":[{"start":{"line":67,"column":15},"end":{"line":67,"column":26}},{"start":{"line":67,"column":30},"end":{"line":67,"column":48}}]},"2":{"loc":{"start":{"line":74,"column":2},"end":{"line":80,"column":3}},"type":"if","locations":[{"start":{"line":74,"column":2},"end":{"line":80,"column":3}},{"start":{"line":76,"column":9},"end":{"line":80,"column":3}}]},"3":{"loc":{"start":{"line":76,"column":9},"end":{"line":80,"column":3}},"type":"if","locations":[{"start":{"line":76,"column":9},"end":{"line":80,"column":3}},{"start":{"line":78,"column":9},"end":{"line":80,"column":3}}]},"4":{"loc":{"start":{"line":77,"column":18},"end":{"line":77,"column":51}},"type":"binary-expr","locations":[{"start":{"line":77,"column":18},"end":{"line":77,"column":44}},{"start":{"line":77,"column":48},"end":{"line":77,"column":51}}]},"5":{"loc":{"start":{"line":84,"column":0},"end":{"line":89,"column":1}},"type":"if","locations":[{"start":{"line":84,"column":0},"end":{"line":89,"column":1}}]},"6":{"loc":{"start":{"line":85,"column":25},"end":{"line":85,"column":81}},"type":"cond-expr","locations":[{"start":{"line":85,"column":44},"end":{"line":85,"column":74}},{"start":{"line":85,"column":77},"end":{"line":85,"column":81}}]}},"s":{"0":2,"1":2,"2":2,"3":2,"4":2,"5":2,"6":2,"7":2,"8":2,"9":2,"10":2,"11":2,"12":2,"13":2,"14":2,"15":2,"16":2,"17":2,"18":2,"19":2,"20":2,"21":2,"22":2,"23":2,"24":2,"25":1,"26":2,"27":1,"28":2,"29":3,"30":2,"31":5,"32":5,"33":2,"34":0,"35":0,"36":0,"37":0,"38":0,"39":0,"40":2,"41":0,"42":0,"43":0,"44":2},"f":{"0":1,"1":1,"2":3,"3":5,"4":0,"5":0},"b":{"0":[5,5],"1":[5,1],"2":[0,0],"3":[0,0],"4":[0,0],"5":[0],"6":[0,0]}}
,"/Users/virginie/Applications/matcha_42/server/src/config/database.ts": {"path":"/Users/virginie/Applications/matcha_42/server/src/config/database.ts","statementMap":{"0":{"start":{"line":2,"column":0},"end":{"line":2,"column":55}},"1":{"start":{"line":3,"column":0},"end":{"line":3,"column":28}},"2":{"start":{"line":5,"column":0},"end":{"line":5,"column":16}},"3":{"start":{"line":7,"column":0},"end":{"line":9,"column":1}},"4":{"start":{"line":8,"column":1},"end":{"line":8,"column":78}},"5":{"start":{"line":11,"column":13},"end":{"line":13,"column":2}},"6":{"start":{"line":15,"column":0},"end":{"line":18,"column":3}},"7":{"start":{"line":16,"column":1},"end":{"line":16,"column":55}},"8":{"start":{"line":17,"column":1},"end":{"line":17,"column":18}},"9":{"start":{"line":20,"column":13},"end":{"line":32,"column":2}},"10":{"start":{"line":25,"column":2},"end":{"line":30,"column":3}},"11":{"start":{"line":26,"column":3},"end":{"line":26,"column":44}},"12":{"start":{"line":28,"column":3},"end":{"line":28,"column":58}},"13":{"start":{"line":29,"column":3},"end":{"line":29,"column":15}},"14":{"start":{"line":34,"column":30},"end":{"line":42,"column":1}},"15":{"start":{"line":35,"column":1},"end":{"line":41,"column":2}},"16":{"start":{"line":36,"column":2},"end":{"line":36,"column":35}},"17":{"start":{"line":37,"column":2},"end":{"line":37,"column":48}},"18":{"start":{"line":39,"column":2},"end":{"line":39,"column":54}},"19":{"start":{"line":40,"column":2},"end":{"line":40,"column":14}},"20":{"start":{"line":34,"column":13},"end":{"line":34,"column":30}}},"fnMap":{"0":{"name":"(anonymous_1)","decl":{"start":{"line":15,"column":17},"end":{"line":15,"column":18}},"loc":{"start":{"line":15,"column":25},"end":{"line":18,"column":1}}},"1":{"name":"(anonymous_2)","decl":{"start":{"line":21,"column":8},"end":{"line":21,"column":13}},"loc":{"start":{"line":24,"column":30},"end":{"line":31,"column":2}}},"2":{"name":"(anonymous_3)","decl":{"start":{"line":34,"column":30},"end":{"line":34,"column":35}},"loc":{"start":{"line":34,"column":56},"end":{"line":42,"column":1}}}},"branchMap":{"0":{"loc":{"start":{"line":7,"column":0},"end":{"line":9,"column":1}},"type":"if","locations":[{"start":{"line":7,"column":0},"end":{"line":9,"column":1}}]}},"s":{"0":17,"1":17,"2":17,"3":17,"4":0,"5":17,"6":17,"7":0,"8":0,"9":17,"10":3,"11":3,"12":1,"13":1,"14":17,"15":3,"16":3,"17":2,"18":1,"19":1,"20":17},"f":{"0":0,"1":3,"2":3},"b":{"0":[0]}}
,"/Users/virginie/Applications/matcha_42/server/src/config/upload.ts": {"path":"/Users/virginie/Applications/matcha_42/server/src/config/upload.ts","statementMap":{"0":{"start":{"line":2,"column":0},"end":{"line":2,"column":28}},"1":{"start":{"line":3,"column":0},"end":{"line":3,"column":36}},"2":{"start":{"line":4,"column":0},"end":{"line":4,"column":24}},"3":{"start":{"line":6,"column":16},"end":{"line":14,"column":2}},"4":{"start":{"line":8,"column":2},"end":{"line":8,"column":32}},"5":{"start":{"line":11,"column":23},"end":{"line":11,"column":31}},"6":{"start":{"line":12,"column":2},"end":{"line":12,"column":64}},"7":{"start":{"line":16,"column":19},"end":{"line":25,"column":1}},"8":{"start":{"line":17,"column":22},"end":{"line":17,"column":62}},"9":{"start":{"line":19,"column":1},"end":{"line":22,"column":2}},"10":{"start":{"line":20,"column":2},"end":{"line":20,"column":69}},"11":{"start":{"line":21,"column":2},"end":{"line":21,"column":9}},"12":{"start":{"line":24,"column":1},"end":{"line":24,"column":16}},"13":{"start":{"line":27,"column":13},"end":{"line":34,"column":3}}},"fnMap":{"0":{"name":"(anonymous_1)","decl":{"start":{"line":7,"column":14},"end":{"line":7,"column":15}},"loc":{"start":{"line":7,"column":32},"end":{"line":9,"column":2}}},"1":{"name":"(anonymous_2)","decl":{"start":{"line":10,"column":11},"end":{"line":10,"column":12}},"loc":{"start":{"line":10,"column":29},"end":{"line":13,"column":2}}},"2":{"name":"(anonymous_3)","decl":{"start":{"line":16,"column":19},"end":{"line":16,"column":20}},"loc":{"start":{"line":16,"column":90},"end":{"line":25,"column":1}}}},"branchMap":{"0":{"loc":{"start":{"line":19,"column":1},"end":{"line":22,"column":2}},"type":"if","locations":[{"start":{"line":19,"column":1},"end":{"line":22,"column":2}}]}},"s":{"0":3,"1":3,"2":3,"3":3,"4":3,"5":3,"6":3,"7":3,"8":4,"9":4,"10":1,"11":1,"12":3,"13":3},"f":{"0":3,"1":3,"2":4},"b":{"0":[1]}}
,"/Users/virginie/Applications/matcha_42/server/src/controllers/auth.ts": {"path":"/Users/virginie/Applications/matcha_42/server/src/controllers/auth.ts","statementMap":{"0":{"start":{"line":3,"column":0},"end":{"line":3,"column":31}},"1":{"start":{"line":4,"column":0},"end":{"line":4,"column":43}},"2":{"start":{"line":5,"column":0},"end":{"line":5,"column":57}},"3":{"start":{"line":6,"column":0},"end":{"line":6,"column":66}},"4":{"start":{"line":10,"column":2},"end":{"line":47,"column":3}},"5":{"start":{"line":11,"column":26},"end":{"line":11,"column":56}},"6":{"start":{"line":13,"column":17},"end":{"line":16,"column":null}},"7":{"start":{"line":19,"column":30},"end":{"line":22,"column":null}},"8":{"start":{"line":25,"column":4},"end":{"line":25,"column":63}},"9":{"start":{"line":27,"column":4},"end":{"line":34,"column":7}},"10":{"start":{"line":36,"column":4},"end":{"line":46,"column":5}},"11":{"start":{"line":37,"column":3},"end":{"line":43,"column":4}},"12":{"start":{"line":38,"column":5},"end":{"line":38,"column":52}},"13":{"start":{"line":39,"column":10},"end":{"line":43,"column":4}},"14":{"start":{"line":40,"column":5},"end":{"line":40,"column":62}},"15":{"start":{"line":42,"column":5},"end":{"line":42,"column":52}},"16":{"start":{"line":45,"column":3},"end":{"line":45,"column":60}},"17":{"start":{"line":52,"column":2},"end":{"line":102,"column":3}},"18":{"start":{"line":53,"column":26},"end":{"line":53,"column":53}},"19":{"start":{"line":55,"column":17},"end":{"line":55,"column":65}},"20":{"start":{"line":56,"column":4},"end":{"line":59,"column":5}},"21":{"start":{"line":57,"column":3},"end":{"line":57,"column":58}},"22":{"start":{"line":58,"column":3},"end":{"line":58,"column":10}},"23":{"start":{"line":61,"column":26},"end":{"line":63,"column":null}},"24":{"start":{"line":65,"column":4},"end":{"line":68,"column":5}},"25":{"start":{"line":66,"column":3},"end":{"line":66,"column":58}},"26":{"start":{"line":67,"column":3},"end":{"line":67,"column":10}},"27":{"start":{"line":70,"column":4},"end":{"line":73,"column":5}},"28":{"start":{"line":71,"column":3},"end":{"line":71,"column":69}},"29":{"start":{"line":72,"column":3},"end":{"line":72,"column":10}},"30":{"start":{"line":75,"column":18},"end":{"line":78,"column":null}},"31":{"start":{"line":81,"column":4},"end":{"line":89,"column":7}},"32":{"start":{"line":91,"column":4},"end":{"line":101,"column":5}},"33":{"start":{"line":92,"column":3},"end":{"line":98,"column":4}},"34":{"start":{"line":93,"column":5},"end":{"line":93,"column":62}},"35":{"start":{"line":94,"column":10},"end":{"line":98,"column":4}},"36":{"start":{"line":95,"column":5},"end":{"line":95,"column":62}},"37":{"start":{"line":97,"column":5},"end":{"line":97,"column":52}},"38":{"start":{"line":100,"column":3},"end":{"line":100,"column":60}},"39":{"start":{"line":8,"column":0},"end":{"line":8,"column":13}}},"fnMap":{"0":{"name":"(anonymous_1)","decl":{"start":{"line":9,"column":1},"end":{"line":9,"column":7}},"loc":{"start":{"line":9,"column":50},"end":{"line":48,"column":4}}},"1":{"name":"(anonymous_2)","decl":{"start":{"line":51,"column":3},"end":{"line":51,"column":9}},"loc":{"start":{"line":51,"column":49},"end":{"line":103,"column":2}}}},"branchMap":{"0":{"loc":{"start":{"line":36,"column":4},"end":{"line":46,"column":5}},"type":"if","locations":[{"start":{"line":36,"column":4},"end":{"line":46,"column":5}},{"start":{"line":44,"column":11},"end":{"line":46,"column":5}}]},"1":{"loc":{"start":{"line":37,"column":3},"end":{"line":43,"column":4}},"type":"if","locations":[{"start":{"line":37,"column":3},"end":{"line":43,"column":4}},{"start":{"line":39,"column":10},"end":{"line":43,"column":4}}]},"2":{"loc":{"start":{"line":39,"column":10},"end":{"line":43,"column":4}},"type":"if","locations":[{"start":{"line":39,"column":10},"end":{"line":43,"column":4}},{"start":{"line":41,"column":10},"end":{"line":43,"column":4}}]},"3":{"loc":{"start":{"line":56,"column":4},"end":{"line":59,"column":5}},"type":"if","locations":[{"start":{"line":56,"column":4},"end":{"line":59,"column":5}}]},"4":{"loc":{"start":{"line":65,"column":4},"end":{"line":68,"column":5}},"type":"if","locations":[{"start":{"line":65,"column":4},"end":{"line":68,"column":5}}]},"5":{"loc":{"start":{"line":70,"column":4},"end":{"line":73,"column":5}},"type":"if","locations":[{"start":{"line":70,"column":4},"end":{"line":73,"column":5}}]},"6":{"loc":{"start":{"line":91,"column":4},"end":{"line":101,"column":5}},"type":"if","locations":[{"start":{"line":91,"column":4},"end":{"line":101,"column":5}},{"start":{"line":99,"column":11},"end":{"line":101,"column":5}}]},"7":{"loc":{"start":{"line":92,"column":3},"end":{"line":98,"column":4}},"type":"if","locations":[{"start":{"line":92,"column":3},"end":{"line":98,"column":4}},{"start":{"line":94,"column":10},"end":{"line":98,"column":4}}]},"8":{"loc":{"start":{"line":94,"column":10},"end":{"line":98,"column":4}},"type":"if","locations":[{"start":{"line":94,"column":10},"end":{"line":98,"column":4}},{"start":{"line":96,"column":10},"end":{"line":98,"column":4}}]}},"s":{"0":3,"1":3,"2":3,"3":3,"4":7,"5":7,"6":6,"7":5,"8":3,"9":1,"10":6,"11":5,"12":2,"13":3,"14":2,"15":1,"16":1,"17":7,"18":7,"19":7,"20":5,"21":1,"22":1,"23":4,"24":3,"25":1,"26":1,"27":2,"28":1,"29":1,"30":1,"31":1,"32":3,"33":2,"34":1,"35":1,"36":1,"37":0,"38":1,"39":3},"f":{"0":7,"1":7},"b":{"0":[5,1],"1":[2,3],"2":[2,1],"3":[1],"4":[1],"5":[1],"6":[2,1],"7":[1,1],"8":[1,0]}}
,"/Users/virginie/Applications/matcha_42/server/src/controllers/chat.ts": {"path":"/Users/virginie/Applications/matcha_42/server/src/controllers/chat.ts","statementMap":{"0":{"start":{"line":6,"column":23},"end":{"line":6,"column":47}},"1":{"start":{"line":9,"column":7},"end":{"line":19,"column":8}},"2":{"start":{"line":10,"column":40},"end":{"line":10,"column":50}},"3":{"start":{"line":11,"column":28},"end":{"line":13,"column":null}},"4":{"start":{"line":15,"column":11},"end":{"line":15,"column":30}},"5":{"start":{"line":17,"column":11},"end":{"line":17,"column":63}},"6":{"start":{"line":18,"column":11},"end":{"line":18,"column":73}},"7":{"start":{"line":23,"column":7},"end":{"line":30,"column":8}},"8":{"start":{"line":24,"column":33},"end":{"line":24,"column":43}},"9":{"start":{"line":25,"column":11},"end":{"line":25,"column":73}},"10":{"start":{"line":26,"column":11},"end":{"line":26,"column":39}},"11":{"start":{"line":28,"column":11},"end":{"line":28,"column":66}},"12":{"start":{"line":29,"column":11},"end":{"line":29,"column":77}},"13":{"start":{"line":34,"column":7},"end":{"line":41,"column":8}},"14":{"start":{"line":35,"column":30},"end":{"line":35,"column":40}},"15":{"start":{"line":36,"column":25},"end":{"line":36,"column":88}},"16":{"start":{"line":37,"column":11},"end":{"line":37,"column":44}},"17":{"start":{"line":39,"column":11},"end":{"line":39,"column":63}},"18":{"start":{"line":40,"column":11},"end":{"line":40,"column":73}},"19":{"start":{"line":5,"column":0},"end":{"line":5,"column":13}}},"fnMap":{"0":{"name":"(anonymous_0)","decl":{"start":{"line":6,"column":3},"end":{"line":6,"column":23}},"loc":{"start":{"line":6,"column":47},"end":{"line":6,"column":51}}},"1":{"name":"(anonymous_1)","decl":{"start":{"line":8,"column":3},"end":{"line":8,"column":8}},"loc":{"start":{"line":8,"column":52},"end":{"line":20,"column":4}}},"2":{"name":"(anonymous_2)","decl":{"start":{"line":22,"column":3},"end":{"line":22,"column":8}},"loc":{"start":{"line":22,"column":47},"end":{"line":31,"column":4}}},"3":{"name":"(anonymous_3)","decl":{"start":{"line":33,"column":3},"end":{"line":33,"column":8}},"loc":{"start":{"line":33,"column":51},"end":{"line":42,"column":4}}}},"branchMap":{},"s":{"0":6,"1":2,"2":2,"3":2,"4":1,"5":1,"6":1,"7":2,"8":2,"9":2,"10":1,"11":1,"12":1,"13":2,"14":2,"15":2,"16":1,"17":1,"18":1,"19":1},"f":{"0":6,"1":2,"2":2,"3":2},"b":{}}
,"/Users/virginie/Applications/matcha_42/server/src/controllers/notifications.ts": {"path":"/Users/virginie/Applications/matcha_42/server/src/controllers/notifications.ts","statementMap":{"0":{"start":{"line":6,"column":23},"end":{"line":6,"column":63}},"1":{"start":{"line":9,"column":7},"end":{"line":16,"column":8}},"2":{"start":{"line":10,"column":26},"end":{"line":10,"column":53}},"3":{"start":{"line":11,"column":33},"end":{"line":11,"column":94}},"4":{"start":{"line":12,"column":11},"end":{"line":12,"column":35}},"5":{"start":{"line":14,"column":11},"end":{"line":14,"column":71}},"6":{"start":{"line":15,"column":11},"end":{"line":15,"column":74}},"7":{"start":{"line":20,"column":7},"end":{"line":27,"column":8}},"8":{"start":{"line":21,"column":38},"end":{"line":21,"column":48}},"9":{"start":{"line":22,"column":11},"end":{"line":22,"column":91}},"10":{"start":{"line":23,"column":11},"end":{"line":23,"column":39}},"11":{"start":{"line":25,"column":11},"end":{"line":25,"column":71}},"12":{"start":{"line":26,"column":11},"end":{"line":26,"column":82}},"13":{"start":{"line":31,"column":7},"end":{"line":41,"column":8}},"14":{"start":{"line":32,"column":48},"end":{"line":32,"column":56}},"15":{"start":{"line":33,"column":11},"end":{"line":36,"column":13}},"16":{"start":{"line":37,"column":11},"end":{"line":37,"column":39}},"17":{"start":{"line":39,"column":11},"end":{"line":39,"column":70}},"18":{"start":{"line":40,"column":11},"end":{"line":40,"column":76}},"19":{"start":{"line":45,"column":7},"end":{"line":55,"column":8}},"20":{"start":{"line":46,"column":46},"end":{"line":46,"column":54}},"21":{"start":{"line":47,"column":11},"end":{"line":50,"column":13}},"22":{"start":{"line":51,"column":11},"end":{"line":51,"column":39}},"23":{"start":{"line":53,"column":11},"end":{"line":53,"column":77}},"24":{"start":{"line":54,"column":11},"end":{"line":54,"column":76}},"25":{"start":{"line":59,"column":7},"end":{"line":69,"column":8}},"26":{"start":{"line":60,"column":40},"end":{"line":60,"column":48}},"27":{"start":{"line":61,"column":11},"end":{"line":64,"column":13}},"28":{"start":{"line":65,"column":11},"end":{"line":65,"column":39}},"29":{"start":{"line":67,"column":11},"end":{"line":67,"column":70}},"30":{"start":{"line":68,"column":11},"end":{"line":68,"column":76}},"31":{"start":{"line":73,"column":7},"end":{"line":83,"column":8}},"32":{"start":{"line":74,"column":44},"end":{"line":74,"column":52}},"33":{"start":{"line":75,"column":11},"end":{"line":78,"column":13}},"34":{"start":{"line":79,"column":11},"end":{"line":79,"column":39}},"35":{"start":{"line":81,"column":11},"end":{"line":81,"column":72}},"36":{"start":{"line":82,"column":11},"end":{"line":82,"column":76}},"37":{"start":{"line":5,"column":0},"end":{"line":5,"column":13}}},"fnMap":{"0":{"name":"(anonymous_0)","decl":{"start":{"line":6,"column":3},"end":{"line":6,"column":23}},"loc":{"start":{"line":6,"column":63},"end":{"line":6,"column":67}}},"1":{"name":"(anonymous_1)","decl":{"start":{"line":8,"column":3},"end":{"line":8,"column":8}},"loc":{"start":{"line":8,"column":59},"end":{"line":17,"column":4}}},"2":{"name":"(anonymous_2)","decl":{"start":{"line":19,"column":3},"end":{"line":19,"column":8}},"loc":{"start":{"line":19,"column":47},"end":{"line":28,"column":4}}},"3":{"name":"(anonymous_3)","decl":{"start":{"line":30,"column":3},"end":{"line":30,"column":8}},"loc":{"start":{"line":30,"column":60},"end":{"line":42,"column":4}}},"4":{"name":"(anonymous_4)","decl":{"start":{"line":44,"column":3},"end":{"line":44,"column":8}},"loc":{"start":{"line":44,"column":66},"end":{"line":56,"column":4}}},"5":{"name":"(anonymous_5)","decl":{"start":{"line":58,"column":3},"end":{"line":58,"column":8}},"loc":{"start":{"line":58,"column":60},"end":{"line":70,"column":4}}},"6":{"name":"(anonymous_6)","decl":{"start":{"line":72,"column":3},"end":{"line":72,"column":8}},"loc":{"start":{"line":72,"column":62},"end":{"line":84,"column":4}}}},"branchMap":{},"s":{"0":12,"1":2,"2":2,"3":2,"4":1,"5":1,"6":1,"7":2,"8":2,"9":2,"10":1,"11":1,"12":1,"13":2,"14":2,"15":2,"16":1,"17":1,"18":1,"19":2,"20":2,"21":2,"22":1,"23":1,"24":1,"25":2,"26":2,"27":2,"28":1,"29":1,"30":1,"31":2,"32":2,"33":2,"34":1,"35":1,"36":1,"37":2},"f":{"0":12,"1":2,"2":2,"3":2,"4":2,"5":2,"6":2},"b":{}}
,"/Users/virginie/Applications/matcha_42/server/src/controllers/photo.ts": {"path":"/Users/virginie/Applications/matcha_42/server/src/controllers/photo.ts","statementMap":{"0":{"start":{"line":4,"column":0},"end":{"line":4,"column":49}},"1":{"start":{"line":5,"column":0},"end":{"line":5,"column":49}},"2":{"start":{"line":6,"column":0},"end":{"line":6,"column":59}},"3":{"start":{"line":16,"column":7},"end":{"line":54,"column":8}},"4":{"start":{"line":17,"column":11},"end":{"line":20,"column":12}},"5":{"start":{"line":18,"column":15},"end":{"line":18,"column":67}},"6":{"start":{"line":19,"column":15},"end":{"line":19,"column":22}},"7":{"start":{"line":22,"column":26},"end":{"line":22,"column":38}},"8":{"start":{"line":23,"column":11},"end":{"line":26,"column":12}},"9":{"start":{"line":24,"column":15},"end":{"line":24,"column":63}},"10":{"start":{"line":25,"column":15},"end":{"line":25,"column":22}},"11":{"start":{"line":28,"column":26},"end":{"line":28,"column":62}},"12":{"start":{"line":29,"column":11},"end":{"line":32,"column":12}},"13":{"start":{"line":30,"column":15},"end":{"line":30,"column":87}},"14":{"start":{"line":31,"column":15},"end":{"line":31,"column":22}},"15":{"start":{"line":34,"column":29},"end":{"line":34,"column":48}},"16":{"start":{"line":36,"column":26},"end":{"line":39,"column":null}},"17":{"start":{"line":42,"column":11},"end":{"line":42,"column":60}},"18":{"start":{"line":44,"column":11},"end":{"line":47,"column":14}},"19":{"start":{"line":49,"column":11},"end":{"line":53,"column":12}},"20":{"start":{"line":50,"column":15},"end":{"line":50,"column":62}},"21":{"start":{"line":52,"column":15},"end":{"line":52,"column":72}},"22":{"start":{"line":58,"column":7},"end":{"line":84,"column":8}},"23":{"start":{"line":59,"column":26},"end":{"line":59,"column":38}},"24":{"start":{"line":60,"column":31},"end":{"line":60,"column":41}},"25":{"start":{"line":62,"column":11},"end":{"line":65,"column":12}},"26":{"start":{"line":63,"column":15},"end":{"line":63,"column":63}},"27":{"start":{"line":64,"column":15},"end":{"line":64,"column":22}},"28":{"start":{"line":67,"column":11},"end":{"line":70,"column":12}},"29":{"start":{"line":68,"column":15},"end":{"line":68,"column":71}},"30":{"start":{"line":69,"column":15},"end":{"line":69,"column":22}},"31":{"start":{"line":72,"column":11},"end":{"line":72,"column":63}},"32":{"start":{"line":73,"column":11},"end":{"line":73,"column":60}},"33":{"start":{"line":75,"column":11},"end":{"line":77,"column":14}},"34":{"start":{"line":79,"column":11},"end":{"line":83,"column":12}},"35":{"start":{"line":80,"column":15},"end":{"line":80,"column":62}},"36":{"start":{"line":82,"column":15},"end":{"line":82,"column":72}},"37":{"start":{"line":88,"column":7},"end":{"line":114,"column":8}},"38":{"start":{"line":89,"column":26},"end":{"line":89,"column":38}},"39":{"start":{"line":90,"column":31},"end":{"line":90,"column":41}},"40":{"start":{"line":92,"column":11},"end":{"line":95,"column":12}},"41":{"start":{"line":93,"column":15},"end":{"line":93,"column":63}},"42":{"start":{"line":94,"column":15},"end":{"line":94,"column":22}},"43":{"start":{"line":97,"column":11},"end":{"line":100,"column":12}},"44":{"start":{"line":98,"column":15},"end":{"line":98,"column":71}},"45":{"start":{"line":99,"column":15},"end":{"line":99,"column":22}},"46":{"start":{"line":102,"column":11},"end":{"line":102,"column":59}},"47":{"start":{"line":103,"column":11},"end":{"line":103,"column":60}},"48":{"start":{"line":105,"column":11},"end":{"line":107,"column":14}},"49":{"start":{"line":109,"column":11},"end":{"line":113,"column":12}},"50":{"start":{"line":110,"column":15},"end":{"line":110,"column":62}},"51":{"start":{"line":112,"column":15},"end":{"line":112,"column":72}},"52":{"start":{"line":118,"column":7},"end":{"line":133,"column":8}},"53":{"start":{"line":119,"column":26},"end":{"line":119,"column":38}},"54":{"start":{"line":120,"column":11},"end":{"line":123,"column":12}},"55":{"start":{"line":121,"column":15},"end":{"line":121,"column":63}},"56":{"start":{"line":122,"column":15},"end":{"line":122,"column":22}},"57":{"start":{"line":125,"column":26},"end":{"line":125,"column":62}},"58":{"start":{"line":126,"column":11},"end":{"line":126,"column":32}},"59":{"start":{"line":128,"column":11},"end":{"line":132,"column":12}},"60":{"start":{"line":129,"column":15},"end":{"line":129,"column":62}},"61":{"start":{"line":131,"column":15},"end":{"line":131,"column":72}},"62":{"start":{"line":14,"column":0},"end":{"line":14,"column":13}}},"fnMap":{"0":{"name":"(anonymous_0)","decl":{"start":{"line":15,"column":3},"end":{"line":15,"column":9}},"loc":{"start":{"line":15,"column":61},"end":{"line":55,"column":4}}},"1":{"name":"(anonymous_1)","decl":{"start":{"line":57,"column":3},"end":{"line":57,"column":9}},"loc":{"start":{"line":57,"column":65},"end":{"line":85,"column":4}}},"2":{"name":"(anonymous_2)","decl":{"start":{"line":87,"column":3},"end":{"line":87,"column":9}},"loc":{"start":{"line":87,"column":61},"end":{"line":115,"column":4}}},"3":{"name":"(anonymous_3)","decl":{"start":{"line":117,"column":3},"end":{"line":117,"column":9}},"loc":{"start":{"line":117,"column":59},"end":{"line":134,"column":4}}}},"branchMap":{"0":{"loc":{"start":{"line":17,"column":11},"end":{"line":20,"column":12}},"type":"if","locations":[{"start":{"line":17,"column":11},"end":{"line":20,"column":12}}]},"1":{"loc":{"start":{"line":23,"column":11},"end":{"line":26,"column":12}},"type":"if","locations":[{"start":{"line":23,"column":11},"end":{"line":26,"column":12}}]},"2":{"loc":{"start":{"line":29,"column":11},"end":{"line":32,"column":12}},"type":"if","locations":[{"start":{"line":29,"column":11},"end":{"line":32,"column":12}}]},"3":{"loc":{"start":{"line":49,"column":11},"end":{"line":53,"column":12}},"type":"if","locations":[{"start":{"line":49,"column":11},"end":{"line":53,"column":12}},{"start":{"line":51,"column":18},"end":{"line":53,"column":12}}]},"4":{"loc":{"start":{"line":62,"column":11},"end":{"line":65,"column":12}},"type":"if","locations":[{"start":{"line":62,"column":11},"end":{"line":65,"column":12}}]},"5":{"loc":{"start":{"line":67,"column":11},"end":{"line":70,"column":12}},"type":"if","locations":[{"start":{"line":67,"column":11},"end":{"line":70,"column":12}}]},"6":{"loc":{"start":{"line":79,"column":11},"end":{"line":83,"column":12}},"type":"if","locations":[{"start":{"line":79,"column":11},"end":{"line":83,"column":12}},{"start":{"line":81,"column":18},"end":{"line":83,"column":12}}]},"7":{"loc":{"start":{"line":92,"column":11},"end":{"line":95,"column":12}},"type":"if","locations":[{"start":{"line":92,"column":11},"end":{"line":95,"column":12}}]},"8":{"loc":{"start":{"line":97,"column":11},"end":{"line":100,"column":12}},"type":"if","locations":[{"start":{"line":97,"column":11},"end":{"line":100,"column":12}}]},"9":{"loc":{"start":{"line":109,"column":11},"end":{"line":113,"column":12}},"type":"if","locations":[{"start":{"line":109,"column":11},"end":{"line":113,"column":12}},{"start":{"line":111,"column":18},"end":{"line":113,"column":12}}]},"10":{"loc":{"start":{"line":120,"column":11},"end":{"line":123,"column":12}},"type":"if","locations":[{"start":{"line":120,"column":11},"end":{"line":123,"column":12}}]},"11":{"loc":{"start":{"line":128,"column":11},"end":{"line":132,"column":12}},"type":"if","locations":[{"start":{"line":128,"column":11},"end":{"line":132,"column":12}},{"start":{"line":130,"column":18},"end":{"line":132,"column":12}}]}},"s":{"0":3,"1":3,"2":3,"3":6,"4":6,"5":1,"6":1,"7":5,"8":5,"9":1,"10":1,"11":4,"12":4,"13":1,"14":1,"15":3,"16":3,"17":1,"18":1,"19":2,"20":1,"21":1,"22":5,"23":5,"24":5,"25":5,"26":1,"27":1,"28":4,"29":1,"30":1,"31":3,"32":2,"33":1,"34":2,"35":2,"36":0,"37":6,"38":6,"39":6,"40":6,"41":1,"42":1,"43":5,"44":1,"45":1,"46":4,"47":3,"48":2,"49":2,"50":2,"51":0,"52":4,"53":4,"54":4,"55":1,"56":1,"57":3,"58":1,"59":2,"60":1,"61":1,"62":3},"f":{"0":6,"1":5,"2":6,"3":4},"b":{"0":[1],"1":[1],"2":[1],"3":[1,1],"4":[1],"5":[1],"6":[2,0],"7":[1],"8":[1],"9":[2,0],"10":[1],"11":[1,1]}}
,"/Users/virginie/Applications/matcha_42/server/src/controllers/profile.ts": {"path":"/Users/virginie/Applications/matcha_42/server/src/controllers/profile.ts","statementMap":{"0":{"start":{"line":3,"column":0},"end":{"line":3,"column":49}},"1":{"start":{"line":4,"column":0},"end":{"line":4,"column":52}},"2":{"start":{"line":15,"column":4},"end":{"line":69,"column":5}},"3":{"start":{"line":16,"column":28},"end":{"line":16,"column":57}},"4":{"start":{"line":17,"column":21},"end":{"line":17,"column":33}},"5":{"start":{"line":19,"column":6},"end":{"line":22,"column":7}},"6":{"start":{"line":20,"column":8},"end":{"line":20,"column":56}},"7":{"start":{"line":21,"column":8},"end":{"line":21,"column":15}},"8":{"start":{"line":24,"column":20},"end":{"line":24,"column":59}},"9":{"start":{"line":25,"column":6},"end":{"line":35,"column":7}},"10":{"start":{"line":26,"column":8},"end":{"line":29,"column":11}},"11":{"start":{"line":31,"column":8},"end":{"line":34,"column":11}},"12":{"start":{"line":38,"column":31},"end":{"line":38,"column":70}},"13":{"start":{"line":39,"column":27},"end":{"line":39,"column":56}},"14":{"start":{"line":42,"column":6},"end":{"line":46,"column":7}},"15":{"start":{"line":43,"column":8},"end":{"line":45,"column":9}},"16":{"start":{"line":44,"column":10},"end":{"line":44,"column":62}},"17":{"start":{"line":49,"column":6},"end":{"line":53,"column":7}},"18":{"start":{"line":50,"column":8},"end":{"line":52,"column":9}},"19":{"start":{"line":51,"column":10},"end":{"line":51,"column":59}},"20":{"start":{"line":55,"column":31},"end":{"line":55,"column":70}},"21":{"start":{"line":57,"column":6},"end":{"line":62,"column":9}},"22":{"start":{"line":64,"column":6},"end":{"line":67,"column":7}},"23":{"start":{"line":65,"column":8},"end":{"line":65,"column":55}},"24":{"start":{"line":66,"column":8},"end":{"line":66,"column":15}},"25":{"start":{"line":68,"column":6},"end":{"line":68,"column":63}},"26":{"start":{"line":73,"column":4},"end":{"line":97,"column":5}},"27":{"start":{"line":74,"column":21},"end":{"line":74,"column":33}},"28":{"start":{"line":76,"column":6},"end":{"line":79,"column":7}},"29":{"start":{"line":77,"column":8},"end":{"line":77,"column":56}},"30":{"start":{"line":78,"column":8},"end":{"line":78,"column":15}},"31":{"start":{"line":81,"column":22},"end":{"line":81,"column":61}},"32":{"start":{"line":82,"column":6},"end":{"line":85,"column":7}},"33":{"start":{"line":83,"column":8},"end":{"line":83,"column":61}},"34":{"start":{"line":84,"column":8},"end":{"line":84,"column":15}},"35":{"start":{"line":87,"column":24},"end":{"line":87,"column":63}},"36":{"start":{"line":89,"column":6},"end":{"line":94,"column":9}},"37":{"start":{"line":96,"column":6},"end":{"line":96,"column":63}},"38":{"start":{"line":13,"column":0},"end":{"line":13,"column":13}},"39":{"start":{"line":101,"column":0},"end":{"line":101,"column":33}}},"fnMap":{"0":{"name":"(anonymous_0)","decl":{"start":{"line":14,"column":2},"end":{"line":14,"column":8}},"loc":{"start":{"line":14,"column":62},"end":{"line":70,"column":3}}},"1":{"name":"(anonymous_1)","decl":{"start":{"line":72,"column":2},"end":{"line":72,"column":8}},"loc":{"start":{"line":72,"column":59},"end":{"line":98,"column":3}}}},"branchMap":{"0":{"loc":{"start":{"line":19,"column":6},"end":{"line":22,"column":7}},"type":"if","locations":[{"start":{"line":19,"column":6},"end":{"line":22,"column":7}}]},"1":{"loc":{"start":{"line":25,"column":6},"end":{"line":35,"column":7}},"type":"if","locations":[{"start":{"line":25,"column":6},"end":{"line":35,"column":7}},{"start":{"line":30,"column":13},"end":{"line":35,"column":7}}]},"2":{"loc":{"start":{"line":39,"column":27},"end":{"line":39,"column":56}},"type":"binary-expr","locations":[{"start":{"line":39,"column":27},"end":{"line":39,"column":50}},{"start":{"line":39,"column":54},"end":{"line":39,"column":56}}]},"3":{"loc":{"start":{"line":43,"column":8},"end":{"line":45,"column":9}},"type":"if","locations":[{"start":{"line":43,"column":8},"end":{"line":45,"column":9}}]},"4":{"loc":{"start":{"line":50,"column":8},"end":{"line":52,"column":9}},"type":"if","locations":[{"start":{"line":50,"column":8},"end":{"line":52,"column":9}}]},"5":{"loc":{"start":{"line":64,"column":6},"end":{"line":67,"column":7}},"type":"if","locations":[{"start":{"line":64,"column":6},"end":{"line":67,"column":7}}]},"6":{"loc":{"start":{"line":76,"column":6},"end":{"line":79,"column":7}},"type":"if","locations":[{"start":{"line":76,"column":6},"end":{"line":79,"column":7}}]},"7":{"loc":{"start":{"line":82,"column":6},"end":{"line":85,"column":7}},"type":"if","locations":[{"start":{"line":82,"column":6},"end":{"line":85,"column":7}}]}},"s":{"0":3,"1":3,"2":4,"3":4,"4":3,"5":3,"6":1,"7":1,"8":2,"9":2,"10":1,"11":1,"12":2,"13":2,"14":2,"15":1,"16":0,"17":2,"18":4,"19":3,"20":2,"21":2,"22":1,"23":1,"24":1,"25":0,"26":4,"27":4,"28":4,"29":1,"30":1,"31":3,"32":2,"33":1,"34":1,"35":1,"36":1,"37":1,"38":3,"39":3},"f":{"0":4,"1":4},"b":{"0":[1],"1":[1,1],"2":[2,0],"3":[0],"4":[3],"5":[1],"6":[1],"7":[1]}}
,"/Users/virginie/Applications/matcha_42/server/src/middleware/auth.ts": {"path":"/Users/virginie/Applications/matcha_42/server/src/middleware/auth.ts","statementMap":{"0":{"start":{"line":2,"column":0},"end":{"line":2,"column":31}},"1":{"start":{"line":8,"column":30},"end":{"line":23,"column":1}},"2":{"start":{"line":9,"column":16},"end":{"line":9,"column":56}},"3":{"start":{"line":11,"column":2},"end":{"line":14,"column":3}},"4":{"start":{"line":12,"column":4},"end":{"line":12,"column":65}},"5":{"start":{"line":13,"column":4},"end":{"line":13,"column":11}},"6":{"start":{"line":16,"column":2},"end":{"line":22,"column":3}},"7":{"start":{"line":17,"column":20},"end":{"line":17,"column":80}},"8":{"start":{"line":18,"column":4},"end":{"line":18,"column":23}},"9":{"start":{"line":19,"column":4},"end":{"line":19,"column":11}},"10":{"start":{"line":21,"column":4},"end":{"line":21,"column":55}},"11":{"start":{"line":8,"column":13},"end":{"line":8,"column":30}},"12":{"start":{"line":25,"column":28},"end":{"line":38,"column":1}},"13":{"start":{"line":26,"column":16},"end":{"line":26,"column":56}},"14":{"start":{"line":28,"column":2},"end":{"line":35,"column":3}},"15":{"start":{"line":29,"column":4},"end":{"line":32,"column":5}},"16":{"start":{"line":30,"column":22},"end":{"line":30,"column":82}},"17":{"start":{"line":31,"column":6},"end":{"line":31,"column":25}},"18":{"start":{"line":37,"column":2},"end":{"line":37,"column":9}},"19":{"start":{"line":25,"column":13},"end":{"line":25,"column":28}}},"fnMap":{"0":{"name":"(anonymous_1)","decl":{"start":{"line":8,"column":30},"end":{"line":8,"column":31}},"loc":{"start":{"line":8,"column":92},"end":{"line":23,"column":1}}},"1":{"name":"(anonymous_2)","decl":{"start":{"line":25,"column":28},"end":{"line":25,"column":29}},"loc":{"start":{"line":25,"column":90},"end":{"line":38,"column":1}}}},"branchMap":{"0":{"loc":{"start":{"line":11,"column":2},"end":{"line":14,"column":3}},"type":"if","locations":[{"start":{"line":11,"column":2},"end":{"line":14,"column":3}}]},"1":{"loc":{"start":{"line":29,"column":4},"end":{"line":32,"column":5}},"type":"if","locations":[{"start":{"line":29,"column":4},"end":{"line":32,"column":5}}]}},"s":{"0":3,"1":3,"2":3,"3":3,"4":1,"5":1,"6":2,"7":2,"8":1,"9":1,"10":1,"11":3,"12":3,"13":3,"14":3,"15":3,"16":2,"17":1,"18":3,"19":3},"f":{"0":3,"1":3},"b":{"0":[1],"1":[2]}}
,"/Users/virginie/Applications/matcha_42/server/src/middleware/security.ts": {"path":"/Users/virginie/Applications/matcha_42/server/src/middleware/security.ts","statementMap":{"0":{"start":{"line":1,"column":0},"end":{"line":1,"column":28}},"1":{"start":{"line":2,"column":0},"end":{"line":2,"column":43}},"2":{"start":{"line":3,"column":0},"end":{"line":3,"column":28}},"3":{"start":{"line":6,"column":43},"end":{"line":40,"column":1}},"4":{"start":{"line":7,"column":4},"end":{"line":7,"column":22}},"5":{"start":{"line":8,"column":4},"end":{"line":8,"column":19}},"6":{"start":{"line":9,"column":4},"end":{"line":9,"column":32}},"7":{"start":{"line":12,"column":20},"end":{"line":22,"column":6}},"8":{"start":{"line":18,"column":12},"end":{"line":20,"column":15}},"9":{"start":{"line":24,"column":4},"end":{"line":24,"column":30}},"10":{"start":{"line":27,"column":24},"end":{"line":37,"column":6}},"11":{"start":{"line":33,"column":12},"end":{"line":35,"column":15}},"12":{"start":{"line":39,"column":4},"end":{"line":39,"column":44}},"13":{"start":{"line":6,"column":13},"end":{"line":6,"column":43}}},"fnMap":{"0":{"name":"(anonymous_1)","decl":{"start":{"line":6,"column":43},"end":{"line":6,"column":44}},"loc":{"start":{"line":6,"column":60},"end":{"line":40,"column":1}}},"1":{"name":"(anonymous_2)","decl":{"start":{"line":17,"column":17},"end":{"line":17,"column":18}},"loc":{"start":{"line":17,"column":30},"end":{"line":21,"column":9}}},"2":{"name":"(anonymous_3)","decl":{"start":{"line":32,"column":17},"end":{"line":32,"column":18}},"loc":{"start":{"line":32,"column":30},"end":{"line":36,"column":9}}}},"branchMap":{},"s":{"0":3,"1":3,"2":3,"3":3,"4":8,"5":8,"6":8,"7":8,"8":2,"9":8,"10":8,"11":1,"12":8,"13":3},"f":{"0":8,"1":2,"2":1},"b":{}}
,"/Users/virginie/Applications/matcha_42/server/src/middleware/validation.ts": {"path":"/Users/virginie/Applications/matcha_42/server/src/middleware/validation.ts","statementMap":{"0":{"start":{"line":5,"column":31},"end":{"line":17,"column":1}},"1":{"start":{"line":6,"column":3},"end":{"line":16,"column":5}},"2":{"start":{"line":7,"column":7},"end":{"line":15,"column":8}},"3":{"start":{"line":8,"column":11},"end":{"line":8,"column":45}},"4":{"start":{"line":9,"column":11},"end":{"line":9,"column":18}},"5":{"start":{"line":11,"column":11},"end":{"line":14,"column":14}},"6":{"start":{"line":5,"column":13},"end":{"line":5,"column":31}},"7":{"start":{"line":19,"column":28},"end":{"line":32,"column":1}},"8":{"start":{"line":20,"column":4},"end":{"line":26,"column":5}},"9":{"start":{"line":21,"column":8},"end":{"line":24,"column":11}},"10":{"start":{"line":25,"column":8},"end":{"line":25,"column":15}},"11":{"start":{"line":27,"column":4},"end":{"line":27,"column":25}},"12":{"start":{"line":28,"column":4},"end":{"line":31,"column":7}},"13":{"start":{"line":19,"column":13},"end":{"line":19,"column":28}}},"fnMap":{"0":{"name":"(anonymous_0)","decl":{"start":{"line":5,"column":31},"end":{"line":5,"column":32}},"loc":{"start":{"line":5,"column":69},"end":{"line":17,"column":1}}},"1":{"name":"(anonymous_1)","decl":{"start":{"line":6,"column":10},"end":{"line":6,"column":15}},"loc":{"start":{"line":6,"column":83},"end":{"line":16,"column":4}}},"2":{"name":"(anonymous_2)","decl":{"start":{"line":19,"column":28},"end":{"line":19,"column":29}},"loc":{"start":{"line":19,"column":98},"end":{"line":32,"column":1}}}},"branchMap":{"0":{"loc":{"start":{"line":13,"column":23},"end":{"line":13,"column":73}},"type":"binary-expr","locations":[{"start":{"line":13,"column":23},"end":{"line":13,"column":35}},{"start":{"line":13,"column":39},"end":{"line":13,"column":73}}]},"1":{"loc":{"start":{"line":20,"column":4},"end":{"line":26,"column":5}},"type":"if","locations":[{"start":{"line":20,"column":4},"end":{"line":26,"column":5}}]}},"s":{"0":3,"1":6,"2":2,"3":2,"4":1,"5":1,"6":3,"7":3,"8":2,"9":1,"10":1,"11":1,"12":1,"13":3},"f":{"0":6,"1":2,"2":2},"b":{"0":[1,0],"1":[1]}}
,"/Users/virginie/Applications/matcha_42/server/src/models/Profile.ts": {"path":"/Users/virginie/Applications/matcha_42/server/src/models/Profile.ts","statementMap":{"0":{"start":{"line":2,"column":0},"end":{"line":2,"column":40}},"1":{"start":{"line":4,"column":0},"end":{"line":4,"column":24}},"2":{"start":{"line":5,"column":0},"end":{"line":5,"column":29}},"3":{"start":{"line":9,"column":17},"end":{"line":23,"column":null}},"4":{"start":{"line":26,"column":2},"end":{"line":26,"column":24}},"5":{"start":{"line":30,"column":17},"end":{"line":49,"column":null}},"6":{"start":{"line":52,"column":2},"end":{"line":52,"column":24}},"7":{"start":{"line":56,"column":17},"end":{"line":58,"column":null}},"8":{"start":{"line":60,"column":2},"end":{"line":60,"column":32}},"9":{"start":{"line":65,"column":2},"end":{"line":70,"column":4}},"10":{"start":{"line":73,"column":2},"end":{"line":78,"column":4}},"11":{"start":{"line":82,"column":2},"end":{"line":88,"column":4}},"12":{"start":{"line":92,"column":17},"end":{"line":97,"column":null}},"13":{"start":{"line":99,"column":2},"end":{"line":99,"column":42}},"14":{"start":{"line":99,"column":32},"end":{"line":99,"column":40}},"15":{"start":{"line":103,"column":2},"end":{"line":125,"column":3}},"16":{"start":{"line":105,"column":4},"end":{"line":105,"column":28}},"17":{"start":{"line":107,"column":4},"end":{"line":113,"column":5}},"18":{"start":{"line":109,"column":3},"end":{"line":112,"column":5}},"19":{"start":{"line":115,"column":4},"end":{"line":119,"column":6}},"20":{"start":{"line":121,"column":4},"end":{"line":121,"column":29}},"21":{"start":{"line":123,"column":4},"end":{"line":123,"column":31}},"22":{"start":{"line":124,"column":4},"end":{"line":124,"column":16}},"23":{"start":{"line":129,"column":17},"end":{"line":134,"column":null}},"24":{"start":{"line":136,"column":2},"end":{"line":136,"column":21}},"25":{"start":{"line":140,"column":2},"end":{"line":172,"column":3}},"26":{"start":{"line":142,"column":4},"end":{"line":142,"column":28}},"27":{"start":{"line":145,"column":18},"end":{"line":147,"column":null}},"28":{"start":{"line":150,"column":4},"end":{"line":152,"column":5}},"29":{"start":{"line":151,"column":3},"end":{"line":151,"column":54}},"30":{"start":{"line":155,"column":4},"end":{"line":158,"column":6}},"31":{"start":{"line":161,"column":4},"end":{"line":164,"column":6}},"32":{"start":{"line":167,"column":4},"end":{"line":167,"column":29}},"33":{"start":{"line":170,"column":4},"end":{"line":170,"column":31}},"34":{"start":{"line":171,"column":4},"end":{"line":171,"column":16}},"35":{"start":{"line":176,"column":2},"end":{"line":221,"column":3}},"36":{"start":{"line":177,"column":4},"end":{"line":177,"column":28}},"37":{"start":{"line":180,"column":18},"end":{"line":182,"column":null}},"38":{"start":{"line":185,"column":4},"end":{"line":187,"column":5}},"39":{"start":{"line":186,"column":3},"end":{"line":186,"column":54}},"40":{"start":{"line":190,"column":4},"end":{"line":193,"column":6}},"41":{"start":{"line":195,"column":4},"end":{"line":208,"column":5}},"42":{"start":{"line":196,"column":3},"end":{"line":207,"column":5}},"43":{"start":{"line":210,"column":4},"end":{"line":210,"column":29}},"44":{"start":{"line":213,"column":4},"end":{"line":214,"column":21}},"45":{"start":{"line":215,"column":4},"end":{"line":216,"column":21}},"46":{"start":{"line":219,"column":4},"end":{"line":219,"column":31}},"47":{"start":{"line":220,"column":4},"end":{"line":220,"column":16}},"48":{"start":{"line":7,"column":0},"end":{"line":7,"column":13}}},"fnMap":{"0":{"name":"(anonymous_1)","decl":{"start":{"line":8,"column":1},"end":{"line":8,"column":7}},"loc":{"start":{"line":8,"column":66},"end":{"line":27,"column":2}}},"1":{"name":"(anonymous_2)","decl":{"start":{"line":29,"column":1},"end":{"line":29,"column":7}},"loc":{"start":{"line":29,"column":66},"end":{"line":53,"column":2}}},"2":{"name":"(anonymous_3)","decl":{"start":{"line":55,"column":1},"end":{"line":55,"column":7}},"loc":{"start":{"line":55,"column":41},"end":{"line":61,"column":2}}},"3":{"name":"(anonymous_4)","decl":{"start":{"line":63,"column":1},"end":{"line":63,"column":7}},"loc":{"start":{"line":63,"column":62},"end":{"line":79,"column":2}}},"4":{"name":"(anonymous_5)","decl":{"start":{"line":81,"column":1},"end":{"line":81,"column":7}},"loc":{"start":{"line":81,"column":65},"end":{"line":89,"column":2}}},"5":{"name":"(anonymous_6)","decl":{"start":{"line":91,"column":1},"end":{"line":91,"column":7}},"loc":{"start":{"line":91,"column":41},"end":{"line":100,"column":2}}},"6":{"name":"(anonymous_7)","decl":{"start":{"line":99,"column":25},"end":{"line":99,"column":28}},"loc":{"start":{"line":99,"column":32},"end":{"line":99,"column":40}}},"7":{"name":"(anonymous_8)","decl":{"start":{"line":102,"column":1},"end":{"line":102,"column":7}},"loc":{"start":{"line":102,"column":83},"end":{"line":126,"column":4}}},"8":{"name":"(anonymous_9)","decl":{"start":{"line":128,"column":1},"end":{"line":128,"column":7}},"loc":{"start":{"line":128,"column":38},"end":{"line":137,"column":2}}},"9":{"name":"(anonymous_10)","decl":{"start":{"line":139,"column":1},"end":{"line":139,"column":7}},"loc":{"start":{"line":139,"column":61},"end":{"line":173,"column":2}}},"10":{"name":"(anonymous_11)","decl":{"start":{"line":175,"column":1},"end":{"line":175,"column":7}},"loc":{"start":{"line":175,"column":57},"end":{"line":222,"column":2}}},"11":{"name":"(anonymous_12)","decl":{"start":{"line":214,"column":10},"end":{"line":214,"column":13}},"loc":{"start":{"line":214,"column":15},"end":{"line":214,"column":19}}},"12":{"name":"(anonymous_13)","decl":{"start":{"line":216,"column":10},"end":{"line":216,"column":13}},"loc":{"start":{"line":216,"column":15},"end":{"line":216,"column":19}}}},"branchMap":{"0":{"loc":{"start":{"line":60,"column":9},"end":{"line":60,"column":31}},"type":"binary-expr","locations":[{"start":{"line":60,"column":9},"end":{"line":60,"column":23}},{"start":{"line":60,"column":27},"end":{"line":60,"column":31}}]},"1":{"loc":{"start":{"line":102,"column":57},"end":{"line":102,"column":83}},"type":"default-arg","locations":[{"start":{"line":102,"column":78},"end":{"line":102,"column":83}}]},"2":{"loc":{"start":{"line":107,"column":4},"end":{"line":113,"column":5}},"type":"if","locations":[{"start":{"line":107,"column":4},"end":{"line":113,"column":5}}]},"3":{"loc":{"start":{"line":150,"column":4},"end":{"line":152,"column":5}},"type":"if","locations":[{"start":{"line":150,"column":4},"end":{"line":152,"column":5}}]},"4":{"loc":{"start":{"line":185,"column":4},"end":{"line":187,"column":5}},"type":"if","locations":[{"start":{"line":185,"column":4},"end":{"line":187,"column":5}}]},"5":{"loc":{"start":{"line":195,"column":4},"end":{"line":208,"column":5}},"type":"if","locations":[{"start":{"line":195,"column":4},"end":{"line":208,"column":5}}]}},"s":{"0":6,"1":6,"2":6,"3":2,"4":1,"5":1,"6":1,"7":2,"8":2,"9":1,"10":1,"11":1,"12":2,"13":2,"14":2,"15":0,"16":0,"17":0,"18":0,"19":0,"20":0,"21":0,"22":0,"23":0,"24":0,"25":2,"26":2,"27":2,"28":2,"29":1,"30":1,"31":1,"32":1,"33":1,"34":1,"35":3,"36":3,"37":3,"38":3,"39":1,"40":2,"41":2,"42":1,"43":2,"44":2,"45":2,"46":1,"47":1,"48":6},"f":{"0":2,"1":1,"2":2,"3":1,"4":1,"5":2,"6":2,"7":0,"8":0,"9":2,"10":3,"11":2,"12":2},"b":{"0":[2,1],"1":[0],"2":[0],"3":[1],"4":[1],"5":[1]}}
,"/Users/virginie/Applications/matcha_42/server/src/models/User.ts": {"path":"/Users/virginie/Applications/matcha_42/server/src/models/User.ts","statementMap":{"0":{"start":{"line":2,"column":0},"end":{"line":2,"column":40}},"1":{"start":{"line":4,"column":0},"end":{"line":4,"column":28}},"2":{"start":{"line":10,"column":27},"end":{"line":10,"column":58}},"3":{"start":{"line":12,"column":4},"end":{"line":30,"column":5}},"4":{"start":{"line":13,"column":21},"end":{"line":17,"column":null}},"5":{"start":{"line":20,"column":6},"end":{"line":20,"column":28}},"6":{"start":{"line":22,"column":18},"end":{"line":22,"column":40}},"7":{"start":{"line":23,"column":6},"end":{"line":25,"column":7}},"8":{"start":{"line":24,"column":8},"end":{"line":24,"column":51}},"9":{"start":{"line":26,"column":6},"end":{"line":28,"column":7}},"10":{"start":{"line":27,"column":8},"end":{"line":27,"column":48}},"11":{"start":{"line":29,"column":6},"end":{"line":29,"column":18}},"12":{"start":{"line":34,"column":19},"end":{"line":36,"column":null}},"13":{"start":{"line":38,"column":4},"end":{"line":38,"column":34}},"14":{"start":{"line":42,"column":23},"end":{"line":44,"column":null}},"15":{"start":{"line":46,"column":8},"end":{"line":46,"column":42}},"16":{"start":{"line":46,"column":29},"end":{"line":46,"column":42}},"17":{"start":{"line":48,"column":8},"end":{"line":48,"column":70}},"18":{"start":{"line":52,"column":31},"end":{"line":52,"column":79}},"19":{"start":{"line":53,"column":8},"end":{"line":56,"column":10}},"20":{"start":{"line":6,"column":0},"end":{"line":6,"column":13}},"21":{"start":{"line":7,"column":26},"end":{"line":7,"column":43}}},"fnMap":{"0":{"name":"(anonymous_1)","decl":{"start":{"line":9,"column":2},"end":{"line":9,"column":8}},"loc":{"start":{"line":9,"column":71},"end":{"line":31,"column":3}}},"1":{"name":"(anonymous_2)","decl":{"start":{"line":33,"column":2},"end":{"line":33,"column":8}},"loc":{"start":{"line":33,"column":40},"end":{"line":39,"column":3}}},"2":{"name":"(anonymous_3)","decl":{"start":{"line":41,"column":4},"end":{"line":41,"column":10}},"loc":{"start":{"line":41,"column":63},"end":{"line":49,"column":5}}},"3":{"name":"(anonymous_4)","decl":{"start":{"line":51,"column":4},"end":{"line":51,"column":10}},"loc":{"start":{"line":51,"column":67},"end":{"line":57,"column":5}}}},"branchMap":{"0":{"loc":{"start":{"line":23,"column":6},"end":{"line":25,"column":7}},"type":"if","locations":[{"start":{"line":23,"column":6},"end":{"line":25,"column":7}}]},"1":{"loc":{"start":{"line":26,"column":6},"end":{"line":28,"column":7}},"type":"if","locations":[{"start":{"line":26,"column":6},"end":{"line":28,"column":7}}]},"2":{"loc":{"start":{"line":38,"column":11},"end":{"line":38,"column":33}},"type":"binary-expr","locations":[{"start":{"line":38,"column":11},"end":{"line":38,"column":25}},{"start":{"line":38,"column":29},"end":{"line":38,"column":33}}]},"3":{"loc":{"start":{"line":46,"column":8},"end":{"line":46,"column":42}},"type":"if","locations":[{"start":{"line":46,"column":8},"end":{"line":46,"column":42}}]}},"s":{"0":4,"1":4,"2":3,"3":3,"4":3,"5":1,"6":2,"7":2,"8":1,"9":1,"10":1,"11":0,"12":2,"13":2,"14":3,"15":3,"16":1,"17":2,"18":0,"19":0,"20":4,"21":4},"f":{"0":3,"1":2,"2":3,"3":0},"b":{"0":[1],"1":[1],"2":[2,1],"3":[1]}}
,"/Users/virginie/Applications/matcha_42/server/src/routes/auth.ts": {"path":"/Users/virginie/Applications/matcha_42/server/src/routes/auth.ts","statementMap":{"0":{"start":{"line":1,"column":0},"end":{"line":1,"column":66}},"1":{"start":{"line":2,"column":0},"end":{"line":2,"column":53}},"2":{"start":{"line":3,"column":0},"end":{"line":3,"column":59}},"3":{"start":{"line":4,"column":0},"end":{"line":4,"column":66}},"4":{"start":{"line":6,"column":15},"end":{"line":6,"column":23}},"5":{"start":{"line":8,"column":24},"end":{"line":15,"column":1}},"6":{"start":{"line":9,"column":1},"end":{"line":14,"column":2}},"7":{"start":{"line":10,"column":3},"end":{"line":10,"column":50}},"8":{"start":{"line":12,"column":3},"end":{"line":12,"column":15}},"9":{"start":{"line":13,"column":3},"end":{"line":13,"column":10}},"10":{"start":{"line":17,"column":21},"end":{"line":24,"column":1}},"11":{"start":{"line":18,"column":1},"end":{"line":23,"column":2}},"12":{"start":{"line":19,"column":3},"end":{"line":19,"column":47}},"13":{"start":{"line":21,"column":3},"end":{"line":21,"column":15}},"14":{"start":{"line":22,"column":3},"end":{"line":22,"column":10}},"15":{"start":{"line":26,"column":0},"end":{"line":36,"column":2}},"16":{"start":{"line":30,"column":6},"end":{"line":34,"column":7}},"17":{"start":{"line":31,"column":10},"end":{"line":31,"column":50}},"18":{"start":{"line":33,"column":10},"end":{"line":33,"column":22}},"19":{"start":{"line":38,"column":0},"end":{"line":41,"column":2}},"20":{"start":{"line":43,"column":0},"end":{"line":43,"column":22}}},"fnMap":{"0":{"name":"(anonymous_0)","decl":{"start":{"line":8,"column":24},"end":{"line":8,"column":29}},"loc":{"start":{"line":8,"column":82},"end":{"line":15,"column":1}}},"1":{"name":"(anonymous_1)","decl":{"start":{"line":17,"column":21},"end":{"line":17,"column":26}},"loc":{"start":{"line":17,"column":79},"end":{"line":24,"column":1}}},"2":{"name":"(anonymous_2)","decl":{"start":{"line":29,"column":2},"end":{"line":29,"column":7}},"loc":{"start":{"line":29,"column":60},"end":{"line":35,"column":3}}}},"branchMap":{},"s":{"0":3,"1":3,"2":3,"3":3,"4":3,"5":3,"6":0,"7":0,"8":0,"9":0,"10":3,"11":2,"12":2,"13":1,"14":1,"15":3,"16":2,"17":2,"18":1,"19":3,"20":3},"f":{"0":0,"1":2,"2":2},"b":{}}
,"/Users/virginie/Applications/matcha_42/server/src/routes/notifications.ts": {"path":"/Users/virginie/Applications/matcha_42/server/src/routes/notifications.ts","statementMap":{"0":{"start":{"line":2,"column":0},"end":{"line":2,"column":33}},"1":{"start":{"line":3,"column":0},"end":{"line":3,"column":70}},"2":{"start":{"line":4,"column":0},"end":{"line":4,"column":64}},"3":{"start":{"line":6,"column":15},"end":{"line":6,"column":23}},"4":{"start":{"line":9,"column":0},"end":{"line":9,"column":36}},"5":{"start":{"line":11,"column":23},"end":{"line":11,"column":37}},"6":{"start":{"line":12,"column":28},"end":{"line":12,"column":59}},"7":{"start":{"line":13,"column":31},"end":{"line":13,"column":78}},"8":{"start":{"line":15,"column":0},"end":{"line":15,"column":106}},"9":{"start":{"line":16,"column":0},"end":{"line":16,"column":100}},"10":{"start":{"line":17,"column":0},"end":{"line":17,"column":99}},"11":{"start":{"line":18,"column":0},"end":{"line":18,"column":104}},"12":{"start":{"line":19,"column":0},"end":{"line":19,"column":99}},"13":{"start":{"line":20,"column":0},"end":{"line":20,"column":103}},"14":{"start":{"line":22,"column":0},"end":{"line":22,"column":22}}},"fnMap":{},"branchMap":{},"s":{"0":1,"1":1,"2":1,"3":1,"4":1,"5":1,"6":1,"7":1,"8":1,"9":1,"10":1,"11":1,"12":1,"13":1,"14":1},"f":{},"b":{}}
,"/Users/virginie/Applications/matcha_42/server/src/routes/profile.ts": {"path":"/Users/virginie/Applications/matcha_42/server/src/routes/profile.ts","statementMap":{"0":{"start":{"line":1,"column":0},"end":{"line":1,"column":66}},"1":{"start":{"line":2,"column":0},"end":{"line":2,"column":74}},"2":{"start":{"line":3,"column":0},"end":{"line":3,"column":48}},"3":{"start":{"line":4,"column":0},"end":{"line":4,"column":55}},"4":{"start":{"line":5,"column":0},"end":{"line":5,"column":52}},"5":{"start":{"line":7,"column":15},"end":{"line":7,"column":23}},"6":{"start":{"line":10,"column":26},"end":{"line":20,"column":1}},"7":{"start":{"line":15,"column":2},"end":{"line":19,"column":3}},"8":{"start":{"line":16,"column":4},"end":{"line":16,"column":66}},"9":{"start":{"line":18,"column":4},"end":{"line":18,"column":16}},"10":{"start":{"line":22,"column":29},"end":{"line":32,"column":1}},"11":{"start":{"line":27,"column":2},"end":{"line":31,"column":3}},"12":{"start":{"line":28,"column":4},"end":{"line":28,"column":69}},"13":{"start":{"line":30,"column":4},"end":{"line":30,"column":16}},"14":{"start":{"line":35,"column":0},"end":{"line":35,"column":51}},"15":{"start":{"line":36,"column":0},"end":{"line":36,"column":54}},"16":{"start":{"line":38,"column":0},"end":{"line":62,"column":2}},"17":{"start":{"line":42,"column":4},"end":{"line":59,"column":7}},"18":{"start":{"line":43,"column":6},"end":{"line":57,"column":7}},"19":{"start":{"line":45,"column":8},"end":{"line":47,"column":9}},"20":{"start":{"line":46,"column":10},"end":{"line":46,"column":67}},"21":{"start":{"line":48,"column":8},"end":{"line":50,"column":9}},"22":{"start":{"line":49,"column":10},"end":{"line":49,"column":69}},"23":{"start":{"line":52,"column":8},"end":{"line":54,"column":9}},"24":{"start":{"line":53,"column":10},"end":{"line":53,"column":62}},"25":{"start":{"line":56,"column":8},"end":{"line":56,"column":77}},"26":{"start":{"line":58,"column":6},"end":{"line":58,"column":13}},"27":{"start":{"line":65,"column":0},"end":{"line":69,"column":2}},"28":{"start":{"line":71,"column":0},"end":{"line":75,"column":2}},"29":{"start":{"line":77,"column":0},"end":{"line":77,"column":22}}},"fnMap":{"0":{"name":"(anonymous_0)","decl":{"start":{"line":10,"column":26},"end":{"line":10,"column":31}},"loc":{"start":{"line":14,"column":19},"end":{"line":20,"column":1}}},"1":{"name":"(anonymous_1)","decl":{"start":{"line":22,"column":29},"end":{"line":22,"column":34}},"loc":{"start":{"line":26,"column":19},"end":{"line":32,"column":1}}},"2":{"name":"(anonymous_2)","decl":{"start":{"line":41,"column":2},"end":{"line":41,"column":3}},"loc":{"start":{"line":41,"column":21},"end":{"line":60,"column":3}}},"3":{"name":"(anonymous_3)","decl":{"start":{"line":42,"column":43},"end":{"line":42,"column":44}},"loc":{"start":{"line":42,"column":51},"end":{"line":59,"column":5}}}},"branchMap":{"0":{"loc":{"start":{"line":43,"column":6},"end":{"line":57,"column":7}},"type":"if","locations":[{"start":{"line":43,"column":6},"end":{"line":57,"column":7}}]},"1":{"loc":{"start":{"line":45,"column":8},"end":{"line":47,"column":9}},"type":"if","locations":[{"start":{"line":45,"column":8},"end":{"line":47,"column":9}}]},"2":{"loc":{"start":{"line":48,"column":8},"end":{"line":50,"column":9}},"type":"if","locations":[{"start":{"line":48,"column":8},"end":{"line":50,"column":9}}]},"3":{"loc":{"start":{"line":52,"column":8},"end":{"line":54,"column":9}},"type":"if","locations":[{"start":{"line":52,"column":8},"end":{"line":54,"column":9}}]}},"s":{"0":2,"1":2,"2":2,"3":2,"4":2,"5":2,"6":2,"7":2,"8":2,"9":0,"10":2,"11":3,"12":3,"13":1,"14":2,"15":2,"16":2,"17":7,"18":7,"19":4,"20":1,"21":3,"22":1,"23":2,"24":1,"25":1,"26":3,"27":2,"28":2,"29":2},"f":{"0":2,"1":3,"2":7,"3":7},"b":{"0":[4],"1":[1],"2":[1],"3":[1]}}
,"/Users/virginie/Applications/matcha_42/server/src/services/chat.ts": {"path":"/Users/virginie/Applications/matcha_42/server/src/services/chat.ts","statementMap":{"0":{"start":{"line":1,"column":0},"end":{"line":1,"column":51}},"1":{"start":{"line":3,"column":0},"end":{"line":3,"column":40}},"2":{"start":{"line":35,"column":8},"end":{"line":40,"column":11}},"3":{"start":{"line":42,"column":8},"end":{"line":42,"column":35}},"4":{"start":{"line":46,"column":8},"end":{"line":72,"column":11}},"5":{"start":{"line":47,"column":12},"end":{"line":49,"column":15}},"6":{"start":{"line":48,"column":16},"end":{"line":48,"column":46}},"7":{"start":{"line":51,"column":12},"end":{"line":58,"column":15}},"8":{"start":{"line":52,"column":16},"end":{"line":57,"column":17}},"9":{"start":{"line":53,"column":20},"end":{"line":53,"column":62}},"10":{"start":{"line":55,"column":20},"end":{"line":55,"column":67}},"11":{"start":{"line":56,"column":20},"end":{"line":56,"column":74}},"12":{"start":{"line":60,"column":12},"end":{"line":62,"column":15}},"13":{"start":{"line":61,"column":16},"end":{"line":61,"column":88}},"14":{"start":{"line":64,"column":12},"end":{"line":71,"column":15}},"15":{"start":{"line":65,"column":16},"end":{"line":70,"column":17}},"16":{"start":{"line":66,"column":20},"end":{"line":66,"column":62}},"17":{"start":{"line":68,"column":20},"end":{"line":68,"column":75}},"18":{"start":{"line":69,"column":20},"end":{"line":69,"column":82}},"19":{"start":{"line":76,"column":24},"end":{"line":76,"column":74}},"20":{"start":{"line":77,"column":8},"end":{"line":80,"column":9}},"21":{"start":{"line":78,"column":12},"end":{"line":78,"column":65}},"22":{"start":{"line":79,"column":12},"end":{"line":79,"column":19}},"23":{"start":{"line":82,"column":24},"end":{"line":82,"column":52}},"24":{"start":{"line":84,"column":8},"end":{"line":87,"column":11}},"25":{"start":{"line":89,"column":8},"end":{"line":89,"column":44}},"26":{"start":{"line":91,"column":28},"end":{"line":91,"column":78}},"27":{"start":{"line":92,"column":8},"end":{"line":92,"column":88}},"28":{"start":{"line":96,"column":8},"end":{"line":96,"column":53}},"29":{"start":{"line":97,"column":28},"end":{"line":97,"column":74}},"30":{"start":{"line":98,"column":8},"end":{"line":98,"column":51}},"31":{"start":{"line":102,"column":23},"end":{"line":106,"column":58}},"32":{"start":{"line":108,"column":8},"end":{"line":110,"column":9}},"33":{"start":{"line":109,"column":12},"end":{"line":109,"column":54}},"34":{"start":{"line":112,"column":8},"end":{"line":112,"column":30}},"35":{"start":{"line":116,"column":23},"end":{"line":121,"column":30}},"36":{"start":{"line":123,"column":8},"end":{"line":123,"column":27}},"37":{"start":{"line":127,"column":23},"end":{"line":136,"column":30}},"38":{"start":{"line":138,"column":8},"end":{"line":138,"column":47}},"39":{"start":{"line":142,"column":8},"end":{"line":145,"column":10}},"40":{"start":{"line":149,"column":23},"end":{"line":151,"column":null}},"41":{"start":{"line":153,"column":8},"end":{"line":153,"column":46}},"42":{"start":{"line":157,"column":26},"end":{"line":157,"column":36}},"43":{"start":{"line":159,"column":8},"end":{"line":169,"column":9}},"44":{"start":{"line":160,"column":12},"end":{"line":160,"column":66}},"45":{"start":{"line":162,"column":26},"end":{"line":162,"column":48}},"46":{"start":{"line":163,"column":12},"end":{"line":165,"column":13}},"47":{"start":{"line":164,"column":16},"end":{"line":164,"column":94}},"48":{"start":{"line":167,"column":31},"end":{"line":167,"column":45}},"49":{"start":{"line":168,"column":12},"end":{"line":168,"column":29}},"50":{"start":{"line":30,"column":0},"end":{"line":30,"column":13}},"51":{"start":{"line":32,"column":28},"end":{"line":32,"column":46}}},"fnMap":{"0":{"name":"(anonymous_0)","decl":{"start":{"line":34,"column":4},"end":{"line":34,"column":16}},"loc":{"start":{"line":34,"column":30},"end":{"line":43,"column":5}}},"1":{"name":"(anonymous_1)","decl":{"start":{"line":45,"column":12},"end":{"line":45,"column":31}},"loc":{"start":{"line":45,"column":31},"end":{"line":73,"column":5}}},"2":{"name":"(anonymous_2)","decl":{"start":{"line":46,"column":33},"end":{"line":46,"column":34}},"loc":{"start":{"line":46,"column":44},"end":{"line":72,"column":9}}},"3":{"name":"(anonymous_3)","decl":{"start":{"line":47,"column":30},"end":{"line":47,"column":31}},"loc":{"start":{"line":47,"column":49},"end":{"line":49,"column":13}}},"4":{"name":"(anonymous_4)","decl":{"start":{"line":51,"column":37},"end":{"line":51,"column":42}},"loc":{"start":{"line":51,"column":66},"end":{"line":58,"column":13}}},"5":{"name":"(anonymous_5)","decl":{"start":{"line":60,"column":32},"end":{"line":60,"column":33}},"loc":{"start":{"line":60,"column":53},"end":{"line":62,"column":13}}},"6":{"name":"(anonymous_6)","decl":{"start":{"line":64,"column":36},"end":{"line":64,"column":41}},"loc":{"start":{"line":64,"column":61},"end":{"line":71,"column":13}}},"7":{"name":"(anonymous_7)","decl":{"start":{"line":75,"column":12},"end":{"line":75,"column":17}},"loc":{"start":{"line":75,"column":66},"end":{"line":93,"column":5}}},"8":{"name":"(anonymous_8)","decl":{"start":{"line":95,"column":12},"end":{"line":95,"column":17}},"loc":{"start":{"line":95,"column":62},"end":{"line":99,"column":5}}},"9":{"name":"(anonymous_9)","decl":{"start":{"line":101,"column":12},"end":{"line":101,"column":17}},"loc":{"start":{"line":101,"column":48},"end":{"line":113,"column":5}}},"10":{"name":"(anonymous_10)","decl":{"start":{"line":115,"column":11},"end":{"line":115,"column":16}},"loc":{"start":{"line":115,"column":65},"end":{"line":124,"column":5}}},"11":{"name":"(anonymous_11)","decl":{"start":{"line":126,"column":12},"end":{"line":126,"column":17}},"loc":{"start":{"line":126,"column":58},"end":{"line":139,"column":5}}},"12":{"name":"(anonymous_12)","decl":{"start":{"line":141,"column":11},"end":{"line":141,"column":16}},"loc":{"start":{"line":141,"column":52},"end":{"line":146,"column":5}}},"13":{"name":"(anonymous_13)","decl":{"start":{"line":148,"column":11},"end":{"line":148,"column":16}},"loc":{"start":{"line":148,"column":54},"end":{"line":154,"column":5}}},"14":{"name":"(anonymous_14)","decl":{"start":{"line":156,"column":12},"end":{"line":156,"column":17}},"loc":{"start":{"line":156,"column":83},"end":{"line":170,"column":5}}}},"branchMap":{"0":{"loc":{"start":{"line":77,"column":8},"end":{"line":80,"column":9}},"type":"if","locations":[{"start":{"line":77,"column":8},"end":{"line":80,"column":9}}]},"1":{"loc":{"start":{"line":108,"column":8},"end":{"line":110,"column":9}},"type":"if","locations":[{"start":{"line":108,"column":8},"end":{"line":110,"column":9}}]},"2":{"loc":{"start":{"line":138,"column":15},"end":{"line":138,"column":46}},"type":"binary-expr","locations":[{"start":{"line":138,"column":15},"end":{"line":138,"column":37}},{"start":{"line":138,"column":41},"end":{"line":138,"column":46}}]},"3":{"loc":{"start":{"line":163,"column":12},"end":{"line":165,"column":13}},"type":"if","locations":[{"start":{"line":163,"column":12},"end":{"line":165,"column":13}}]}},"s":{"0":4,"1":4,"2":31,"3":31,"4":31,"5":8,"6":1,"7":8,"8":3,"9":3,"10":1,"11":1,"12":8,"13":1,"14":8,"15":2,"16":2,"17":1,"18":1,"19":3,"20":2,"21":1,"22":1,"23":1,"24":1,"25":1,"26":1,"27":1,"28":2,"29":1,"30":1,"31":3,"32":2,"33":0,"34":2,"35":2,"36":1,"37":6,"38":4,"39":4,"40":4,"41":3,"42":3,"43":3,"44":3,"45":2,"46":2,"47":0,"48":1,"49":1,"50":4,"51":4},"f":{"0":31,"1":31,"2":8,"3":1,"4":3,"5":1,"6":2,"7":3,"8":2,"9":3,"10":2,"11":6,"12":4,"13":4,"14":3},"b":{"0":[1],"1":[0],"2":[4,0],"3":[0]}}
,"/Users/virginie/Applications/matcha_42/server/src/services/email.ts": {"path":"/Users/virginie/Applications/matcha_42/server/src/services/email.ts","statementMap":{"0":{"start":{"line":2,"column":0},"end":{"line":2,"column":36}},"1":{"start":{"line":4,"column":29},"end":{"line":7,"column":1}},"2":{"start":{"line":5,"column":21},"end":{"line":5,"column":49}},"3":{"start":{"line":6,"column":2},"end":{"line":6,"column":32}},"4":{"start":{"line":4,"column":13},"end":{"line":4,"column":29}},"5":{"start":{"line":9,"column":37},"end":{"line":54,"column":1}},"6":{"start":{"line":10,"column":2},"end":{"line":12,"column":3}},"7":{"start":{"line":11,"column":4},"end":{"line":11,"column":45}},"8":{"start":{"line":14,"column":2},"end":{"line":16,"column":3}},"9":{"start":{"line":15,"column":4},"end":{"line":15,"column":41}},"10":{"start":{"line":18,"column":2},"end":{"line":20,"column":3}},"11":{"start":{"line":19,"column":4},"end":{"line":19,"column":62}},"12":{"start":{"line":22,"column":22},"end":{"line":30,"column":4}},"13":{"start":{"line":32,"column":26},"end":{"line":32,"column":81}},"14":{"start":{"line":34,"column":22},"end":{"line":45,"column":4}},"15":{"start":{"line":47,"column":2},"end":{"line":53,"column":3}},"16":{"start":{"line":48,"column":19},"end":{"line":48,"column":58}},"17":{"start":{"line":49,"column":4},"end":{"line":49,"column":18}},"18":{"start":{"line":51,"column":4},"end":{"line":51,"column":62}},"19":{"start":{"line":52,"column":4},"end":{"line":52,"column":57}},"20":{"start":{"line":9,"column":13},"end":{"line":9,"column":37}}},"fnMap":{"0":{"name":"(anonymous_1)","decl":{"start":{"line":4,"column":29},"end":{"line":4,"column":30}},"loc":{"start":{"line":4,"column":56},"end":{"line":7,"column":1}}},"1":{"name":"(anonymous_2)","decl":{"start":{"line":9,"column":37},"end":{"line":9,"column":42}},"loc":{"start":{"line":9,"column":76},"end":{"line":54,"column":1}}}},"branchMap":{"0":{"loc":{"start":{"line":10,"column":2},"end":{"line":12,"column":3}},"type":"if","locations":[{"start":{"line":10,"column":2},"end":{"line":12,"column":3}}]},"1":{"loc":{"start":{"line":10,"column":6},"end":{"line":10,"column":37}},"type":"binary-expr","locations":[{"start":{"line":10,"column":6},"end":{"line":10,"column":12}},{"start":{"line":10,"column":16},"end":{"line":10,"column":37}}]},"2":{"loc":{"start":{"line":14,"column":2},"end":{"line":16,"column":3}},"type":"if","locations":[{"start":{"line":14,"column":2},"end":{"line":16,"column":3}}]},"3":{"loc":{"start":{"line":18,"column":2},"end":{"line":20,"column":3}},"type":"if","locations":[{"start":{"line":18,"column":2},"end":{"line":20,"column":3}}]},"4":{"loc":{"start":{"line":18,"column":6},"end":{"line":18,"column":55}},"type":"binary-expr","locations":[{"start":{"line":18,"column":6},"end":{"line":18,"column":28}},{"start":{"line":18,"column":32},"end":{"line":18,"column":55}}]},"5":{"loc":{"start":{"line":24,"column":19},"end":{"line":24,"column":49}},"type":"binary-expr","locations":[{"start":{"line":24,"column":19},"end":{"line":24,"column":40}},{"start":{"line":24,"column":44},"end":{"line":24,"column":49}}]}},"s":{"0":4,"1":4,"2":8,"3":8,"4":4,"5":4,"6":8,"7":1,"8":7,"9":2,"10":5,"11":1,"12":4,"13":4,"14":4,"15":4,"16":4,"17":3,"18":1,"19":1,"20":4},"f":{"0":8,"1":8},"b":{"0":[1],"1":[8,8],"2":[2],"3":[1],"4":[5,4],"5":[4,0]}}
,"/Users/virginie/Applications/matcha_42/server/src/services/fameRating.ts": {"path":"/Users/virginie/Applications/matcha_42/server/src/services/fameRating.ts","statementMap":{"0":{"start":{"line":1,"column":0},"end":{"line":1,"column":40}},"1":{"start":{"line":9,"column":8},"end":{"line":41,"column":9}},"2":{"start":{"line":10,"column":26},"end":{"line":10,"column":57}},"3":{"start":{"line":12,"column":25},"end":{"line":12,"column":27}},"4":{"start":{"line":15,"column":12},"end":{"line":15,"column":50}},"5":{"start":{"line":18,"column":12},"end":{"line":18,"column":55}},"6":{"start":{"line":21,"column":12},"end":{"line":21,"column":70}},"7":{"start":{"line":24,"column":12},"end":{"line":24,"column":67}},"8":{"start":{"line":27,"column":33},"end":{"line":29,"column":19}},"9":{"start":{"line":30,"column":12},"end":{"line":30,"column":40}},"10":{"start":{"line":33,"column":12},"end":{"line":35,"column":13}},"11":{"start":{"line":34,"column":16},"end":{"line":34,"column":29}},"12":{"start":{"line":37,"column":12},"end":{"line":37,"column":92}},"13":{"start":{"line":39,"column":12},"end":{"line":39,"column":67}},"14":{"start":{"line":40,"column":12},"end":{"line":40,"column":22}},"15":{"start":{"line":45,"column":22},"end":{"line":65,"column":20}},"16":{"start":{"line":67,"column":8},"end":{"line":75,"column":10}},"17":{"start":{"line":80,"column":26},"end":{"line":80,"column":64}},"18":{"start":{"line":81,"column":8},"end":{"line":84,"column":10}},"19":{"start":{"line":89,"column":23},"end":{"line":91,"column":null}},"20":{"start":{"line":93,"column":8},"end":{"line":93,"column":49}},"21":{"start":{"line":3,"column":0},"end":{"line":3,"column":13}},"22":{"start":{"line":4,"column":20},"end":{"line":4,"column":37}},"23":{"start":{"line":5,"column":20},"end":{"line":5,"column":35}}},"fnMap":{"0":{"name":"(anonymous_0)","decl":{"start":{"line":8,"column":4},"end":{"line":8,"column":10}},"loc":{"start":{"line":8,"column":51},"end":{"line":42,"column":5}}},"1":{"name":"(anonymous_1)","decl":{"start":{"line":44,"column":12},"end":{"line":44,"column":18}},"loc":{"start":{"line":44,"column":52},"end":{"line":76,"column":5}}},"2":{"name":"(anonymous_2)","decl":{"start":{"line":79,"column":4},"end":{"line":79,"column":10}},"loc":{"start":{"line":79,"column":48},"end":{"line":85,"column":5}}},"3":{"name":"(anonymous_3)","decl":{"start":{"line":88,"column":4},"end":{"line":88,"column":10}},"loc":{"start":{"line":88,"column":45},"end":{"line":94,"column":5}}}},"branchMap":{"0":{"loc":{"start":{"line":18,"column":22},"end":{"line":18,"column":54}},"type":"cond-expr","locations":[{"start":{"line":18,"column":48},"end":{"line":18,"column":50}},{"start":{"line":18,"column":53},"end":{"line":18,"column":54}}]},"1":{"loc":{"start":{"line":27,"column":33},"end":{"line":29,"column":19}},"type":"cond-expr","locations":[{"start":{"line":28,"column":19},"end":{"line":28,"column":66}},{"start":{"line":29,"column":18},"end":{"line":29,"column":19}}]},"2":{"loc":{"start":{"line":33,"column":12},"end":{"line":35,"column":13}},"type":"if","locations":[{"start":{"line":33,"column":12},"end":{"line":35,"column":13}}]},"3":{"loc":{"start":{"line":33,"column":16},"end":{"line":33,"column":107}},"type":"binary-expr","locations":[{"start":{"line":33,"column":16},"end":{"line":33,"column":34}},{"start":{"line":33,"column":38},"end":{"line":33,"column":107}}]},"4":{"loc":{"start":{"line":68,"column":24},"end":{"line":68,"column":54}},"type":"binary-expr","locations":[{"start":{"line":68,"column":24},"end":{"line":68,"column":49}},{"start":{"line":68,"column":53},"end":{"line":68,"column":54}}]},"5":{"loc":{"start":{"line":69,"column":29},"end":{"line":69,"column":64}},"type":"binary-expr","locations":[{"start":{"line":69,"column":29},"end":{"line":69,"column":59}},{"start":{"line":69,"column":63},"end":{"line":69,"column":64}}]},"6":{"loc":{"start":{"line":70,"column":26},"end":{"line":70,"column":58}},"type":"binary-expr","locations":[{"start":{"line":70,"column":26},"end":{"line":70,"column":53}},{"start":{"line":70,"column":57},"end":{"line":70,"column":58}}]},"7":{"loc":{"start":{"line":71,"column":30},"end":{"line":71,"column":66}},"type":"binary-expr","locations":[{"start":{"line":71,"column":30},"end":{"line":71,"column":61}},{"start":{"line":71,"column":65},"end":{"line":71,"column":66}}]},"8":{"loc":{"start":{"line":72,"column":30},"end":{"line":72,"column":62}},"type":"binary-expr","locations":[{"start":{"line":72,"column":30},"end":{"line":72,"column":57}},{"start":{"line":72,"column":61},"end":{"line":72,"column":62}}]},"9":{"loc":{"start":{"line":74,"column":31},"end":{"line":74,"column":73}},"type":"binary-expr","locations":[{"start":{"line":74,"column":31},"end":{"line":74,"column":64}},{"start":{"line":74,"column":68},"end":{"line":74,"column":73}}]},"10":{"loc":{"start":{"line":93,"column":15},"end":{"line":93,"column":48}},"type":"binary-expr","locations":[{"start":{"line":93,"column":15},"end":{"line":93,"column":42}},{"start":{"line":93,"column":46},"end":{"line":93,"column":48}}]}},"s":{"0":3,"1":2,"2":2,"3":1,"4":1,"5":1,"6":1,"7":1,"8":1,"9":1,"10":1,"11":1,"12":1,"13":1,"14":1,"15":2,"16":2,"17":2,"18":1,"19":3,"20":2,"21":3,"22":3,"23":3},"f":{"0":2,"1":2,"2":2,"3":3},"b":{"0":[1,0],"1":[1,0],"2":[1],"3":[1,1],"4":[2,1],"5":[2,1],"6":[2,1],"7":[2,1],"8":[2,1],"9":[2,1],"10":[2,1]}}
,"/Users/virginie/Applications/matcha_42/server/src/services/matching.ts": {"path":"/Users/virginie/Applications/matcha_42/server/src/services/matching.ts","statementMap":{"0":{"start":{"line":2,"column":0},"end":{"line":2,"column":40}},"1":{"start":{"line":3,"column":0},"end":{"line":3,"column":83}},"2":{"start":{"line":35,"column":22},"end":{"line":54,"column":10}},"3":{"start":{"line":56,"column":23},"end":{"line":61,"column":10}},"4":{"start":{"line":63,"column":24},"end":{"line":63,"column":35}},"5":{"start":{"line":65,"column":8},"end":{"line":65,"column":60}},"6":{"start":{"line":70,"column":45},"end":{"line":81,"column":10}},"7":{"start":{"line":84,"column":31},"end":{"line":87,"column":11}},"8":{"start":{"line":84,"column":53},"end":{"line":87,"column":10}},"9":{"start":{"line":90,"column":8},"end":{"line":117,"column":57}},"10":{"start":{"line":92,"column":43},"end":{"line":93,"column":null}},"11":{"start":{"line":93,"column":35},"end":{"line":93,"column":64}},"12":{"start":{"line":96,"column":16},"end":{"line":100,"column":18}},"13":{"start":{"line":103,"column":54},"end":{"line":111,"column":18}},"14":{"start":{"line":113,"column":30},"end":{"line":113,"column":84}},"15":{"start":{"line":115,"column":16},"end":{"line":115,"column":66}},"16":{"start":{"line":117,"column":28},"end":{"line":117,"column":55}},"17":{"start":{"line":127,"column":22},"end":{"line":127,"column":69}},"18":{"start":{"line":130,"column":8},"end":{"line":135,"column":9}},"19":{"start":{"line":131,"column":12},"end":{"line":134,"column":14}},"20":{"start":{"line":132,"column":16},"end":{"line":133,"column":58}},"21":{"start":{"line":138,"column":8},"end":{"line":166,"column":11}},"22":{"start":{"line":139,"column":12},"end":{"line":165,"column":13}},"23":{"start":{"line":141,"column":39},"end":{"line":141,"column":52}},"24":{"start":{"line":142,"column":20},"end":{"line":142,"column":82}},"25":{"start":{"line":145,"column":20},"end":{"line":145,"column":77}},"26":{"start":{"line":145,"column":67},"end":{"line":145,"column":77}},"27":{"start":{"line":146,"column":20},"end":{"line":146,"column":76}},"28":{"start":{"line":146,"column":67},"end":{"line":146,"column":76}},"29":{"start":{"line":147,"column":20},"end":{"line":147,"column":29}},"30":{"start":{"line":150,"column":20},"end":{"line":152,"column":54}},"31":{"start":{"line":155,"column":40},"end":{"line":156,"column":63}},"32":{"start":{"line":156,"column":24},"end":{"line":156,"column":55}},"33":{"start":{"line":157,"column":40},"end":{"line":158,"column":63}},"34":{"start":{"line":158,"column":24},"end":{"line":158,"column":55}},"35":{"start":{"line":159,"column":20},"end":{"line":161,"column":52}},"36":{"start":{"line":164,"column":20},"end":{"line":164,"column":29}},"37":{"start":{"line":170,"column":0},"end":{"line":170,"column":31}}},"fnMap":{"0":{"name":"(anonymous_0)","decl":{"start":{"line":34,"column":4},"end":{"line":34,"column":9}},"loc":{"start":{"line":34,"column":67},"end":{"line":66,"column":5}}},"1":{"name":"(anonymous_1)","decl":{"start":{"line":68,"column":12},"end":{"line":68,"column":33}},"loc":{"start":{"line":68,"column":71},"end":{"line":118,"column":5}}},"2":{"name":"(anonymous_2)","decl":{"start":{"line":84,"column":43},"end":{"line":84,"column":48}},"loc":{"start":{"line":84,"column":53},"end":{"line":87,"column":10}}},"3":{"name":"(anonymous_3)","decl":{"start":{"line":91,"column":20},"end":{"line":91,"column":25}},"loc":{"start":{"line":91,"column":28},"end":{"line"
[...]
ine":33,"column":12},"end":{"line":33,"column":32}},"loc":{"start":{"line":33,"column":32},"end":{"line":43,"column":5}}},"3":{"name":"(anonymous_3)","decl":{"start":{"line":34,"column":33},"end":{"line":34,"column":34}},"loc":{"start":{"line":34,"column":44},"end":{"line":42,"column":9}}},"4":{"name":"(anonymous_4)","decl":{"start":{"line":35,"column":30},"end":{"line":35,"column":31}},"loc":{"start":{"line":35,"column":49},"end":{"line":37,"column":13}}},"5":{"name":"(anonymous_5)","decl":{"start":{"line":39,"column":36},"end":{"line":39,"column":41}},"loc":{"start":{"line":39,"column":69},"end":{"line":41,"column":13}}},"6":{"name":"(anonymous_6)","decl":{"start":{"line":45,"column":4},"end":{"line":45,"column":9}},"loc":{"start":{"line":50,"column":5},"end":{"line":66,"column":5}}},"7":{"name":"(anonymous_7)","decl":{"start":{"line":68,"column":4},"end":{"line":68,"column":9}},"loc":{"start":{"line":68,"column":47},"end":{"line":75,"column":5}}},"8":{"name":"(anonymous_8)","decl":{"start":{"line":77,"column":4},"end":{"line":77,"column":9}},"loc":{"start":{"line":77,"column":55},"end":{"line":82,"column":5}}},"9":{"name":"(anonymous_9)","decl":{"start":{"line":84,"column":12},"end":{"line":84,"column":17}},"loc":{"start":{"line":84,"column":56},"end":{"line":95,"column":5}}},"10":{"name":"(anonymous_10)","decl":{"start":{"line":98,"column":4},"end":{"line":98,"column":9}},"loc":{"start":{"line":98,"column":62},"end":{"line":105,"column":5}}},"11":{"name":"(anonymous_11)","decl":{"start":{"line":107,"column":4},"end":{"line":107,"column":9}},"loc":{"start":{"line":107,"column":66},"end":{"line":114,"column":5}}},"12":{"name":"(anonymous_12)","decl":{"start":{"line":116,"column":4},"end":{"line":116,"column":9}},"loc":{"start":{"line":116,"column":54},"end":{"line":131,"column":5}}},"13":{"name":"(anonymous_13)","decl":{"start":{"line":133,"column":4},"end":{"line":133,"column":9}},"loc":{"start":{"line":133,"column":68},"end":{"line":140,"column":5}}},"14":{"name":"(anonymous_14)","decl":{"start":{"line":142,"column":4},"end":{"line":142,"column":9}},"loc":{"start":{"line":142,"column":44},"end":{"line":149,"column":5}}},"15":{"name":"(anonymous_15)","decl":{"start":{"line":151,"column":12},"end":{"line":151,"column":17}},"loc":{"start":{"line":155,"column":5},"end":{"line":166,"column":5}}}},"branchMap":{"0":{"loc":{"start":{"line":6,"column":12},"end":{"line":6,"column":null}},"type":"binary-expr","locations":[{"start":{"line":6,"column":12},"end":{"line":6,"column":28}},{"start":{"line":6,"column":28},"end":{"line":6,"column":null}}]},"1":{"loc":{"start":{"line":89,"column":12},"end":{"line":91,"column":13}},"type":"if","locations":[{"start":{"line":89,"column":12},"end":{"line":91,"column":13}}]}},"s":{"0":3,"1":3,"2":3,"3":3,"4":3,"5":3,"6":3,"7":3,"8":11,"9":11,"10":11,"11":0,"12":0,"13":0,"14":0,"15":4,"16":4,"17":3,"18":1,"19":1,"20":1,"21":1,"22":1,"23":3,"24":3,"25":3,"26":3,"27":3,"28":0,"29":0,"30":1,"31":1,"32":1,"33":1,"34":1,"35":1,"36":1,"37":1,"38":3,"39":3},"f":{"0":3,"1":11,"2":11,"3":0,"4":0,"5":0,"6":4,"7":1,"8":1,"9":3,"10":1,"11":1,"12":1,"13":1,"14":1,"15":1},"b":{"0":[3,3],"1":[0]}}
,"/Users/virginie/Applications/matcha_42/server/src/services/photo.ts": {"path":"/Users/virginie/Applications/matcha_42/server/src/services/photo.ts","statementMap":{"0":{"start":{"line":2,"column":0},"end":{"line":2,"column":26}},"1":{"start":{"line":3,"column":0},"end":{"line":3,"column":24}},"2":{"start":{"line":4,"column":0},"end":{"line":4,"column":29}},"3":{"start":{"line":5,"column":0},"end":{"line":5,"column":49}},"4":{"start":{"line":13,"column":2},"end":{"line":69,"column":3}},"5":{"start":{"line":15,"column":18},"end":{"line":15,"column":54}},"6":{"start":{"line":16,"column":3},"end":{"line":18,"column":4}},"7":{"start":{"line":17,"column":4},"end":{"line":17,"column":60}},"8":{"start":{"line":21,"column":21},"end":{"line":21,"column":68}},"9":{"start":{"line":22,"column":3},"end":{"line":22,"column":50}},"10":{"start":{"line":25,"column":20},"end":{"line":25,"column":50}},"11":{"start":{"line":26,"column":29},"end":{"line":26,"column":56}},"12":{"start":{"line":27,"column":29},"end":{"line":27,"column":52}},"13":{"start":{"line":30,"column":3},"end":{"line":36,"column":53}},"14":{"start":{"line":39,"column":3},"end":{"line":44,"column":53}},"15":{"start":{"line":47,"column":3},"end":{"line":47,"column":30}},"16":{"start":{"line":50,"column":3},"end":{"line":52,"column":4}},"17":{"start":{"line":51,"column":4},"end":{"line":51,"column":21}},"18":{"start":{"line":55,"column":3},"end":{"line":55,"column":69}},"19":{"start":{"line":57,"column":3},"end":{"line":61,"column":5}},"20":{"start":{"line":65,"column":3},"end":{"line":67,"column":4}},"21":{"start":{"line":66,"column":4},"end":{"line":66,"column":48}},"22":{"start":{"line":68,"column":3},"end":{"line":68,"column":15}},"23":{"start":{"line":73,"column":2},"end":{"line":98,"column":3}},"24":{"start":{"line":75,"column":17},"end":{"line":75,"column":53}},"25":{"start":{"line":76,"column":25},"end":{"line":76,"column":60}},"26":{"start":{"line":76,"column":43},"end":{"line":76,"column":59}},"27":{"start":{"line":78,"column":3},"end":{"line":80,"column":4}},"28":{"start":{"line":79,"column":4},"end":{"line":79,"column":55}},"29":{"start":{"line":83,"column":3},"end":{"line":83,"column":51}},"30":{"start":{"line":86,"column":21},"end":{"line":86,"column":68}},"31":{"start":{"line":87,"column":25},"end":{"line":87,"column":70}},"32":{"start":{"line":88,"column":25},"end":{"line":88,"column":102}},"33":{"start":{"line":90,"column":3},"end":{"line":90,"column":51}},"34":{"start":{"line":91,"column":3},"end":{"line":91,"column":51}},"35":{"start":{"line":93,"column":3},"end":{"line":97,"column":4}},"36":{"start":{"line":94,"column":4},"end":{"line":94,"column":64}},"37":{"start":{"line":96,"column":4},"end":{"line":96,"column":46}},"38":{"start":{"line":102,"column":17},"end":{"line":102,"column":53}},"39":{"start":{"line":103,"column":2},"end":{"line":105,"column":3}},"40":{"start":{"line":104,"column":3},"end":{"line":104,"column":59}},"41":{"start":{"line":106,"column":2},"end":{"line":106,"column":14}},"42":{"start":{"line":110,"column":17},"end":{"line":110,"column":53}},"43":{"start":{"line":111,"column":2},"end":{"line":111,"column":48}},"44":{"start":{"line":111,"column":30},"end":{"line":111,"column":46}},"45":{"start":{"line":7,"column":0},"end":{"line":7,"column":13}}},"fnMap":{"0":{"name":"(anonymous_1)","decl":{"start":{"line":8,"column":1},"end":{"line":8,"column":7}},"loc":{"start":{"line":11,"column":28},"end":{"line":70,"column":2}}},"1":{"name":"(anonymous_2)","decl":{"start":{"line":66,"column":37},"end":{"line":66,"column":40}},"loc":{"start":{"line":66,"column":42},"end":{"line":66,"column":46}}},"2":{"name":"(anonymous_3)","decl":{"start":{"line":72,"column":1},"end":{"line":72,"column":7}},"loc":{"start":{"line":72,"column":57},"end":{"line":99,"column":2}}},"3":{"name":"(anonymous_4)","decl":{"start":{"line":76,"column":36},"end":{"line":76,"column":37}},"loc":{"start":{"line":76,"column":43},"end":{"line":76,"column":59}}},"4":{"name":"(anonymous_5)","decl":{"start":{"line":90,"column":40},"end":{"line":90,"column":43}},"loc":{"start":{"line":90,"column":45},"end":{"line":90,"column":49}}},"5":{"name":"(anonymous_6)","decl":{"start":{"line":91,"column":40},"end":{"line":91,"column":43}},"loc":{"start":{"line":91,"column":45},"end":{"line":91,"column":49}}},"6":{"name":"(anonymous_7)","decl":{"start":{"line":101,"column":1},"end":{"line":101,"column":7}},"loc":{"start":{"line":101,"column":47},"end":{"line":107,"column":2}}},"7":{"name":"(anonymous_8)","decl":{"start":{"line":109,"column":1},"end":{"line":109,"column":7}},"loc":{"start":{"line":109,"column":46},"end":{"line":112,"column":2}}},"8":{"name":"(anonymous_9)","decl":{"start":{"line":111,"column":21},"end":{"line":111,"column":26}},"loc":{"start":{"line":111,"column":30},"end":{"line":111,"column":46}}}},"branchMap":{"0":{"loc":{"start":{"line":11,"column":2},"end":{"line":11,"column":28}},"type":"default-arg","locations":[{"start":{"line":11,"column":23},"end":{"line":11,"column":28}}]},"1":{"loc":{"start":{"line":16,"column":3},"end":{"line":18,"column":4}},"type":"if","locations":[{"start":{"line":16,"column":3},"end":{"line":18,"column":4}}]},"2":{"loc":{"start":{"line":50,"column":3},"end":{"line":52,"column":4}},"type":"if","locations":[{"start":{"line":50,"column":3},"end":{"line":52,"column":4}}]},"3":{"loc":{"start":{"line":65,"column":3},"end":{"line":67,"column":4}},"type":"if","locations":[{"start":{"line":65,"column":3},"end":{"line":67,"column":4}}]},"4":{"loc":{"start":{"line":78,"column":3},"end":{"line":80,"column":4}},"type":"if","locations":[{"start":{"line":78,"column":3},"end":{"line":80,"column":4}}]},"5":{"loc":{"start":{"line":93,"column":3},"end":{"line":97,"column":4}},"type":"if","locations":[{"start":{"line":93,"column":3},"end":{"line":97,"column":4}},{"start":{"line":95,"column":10},"end":{"line":97,"column":4}}]},"6":{"loc":{"start":{"line":103,"column":2},"end":{"line":105,"column":3}},"type":"if","locations":[{"start":{"line":103,"column":2},"end":{"line":105,"column":3}}]}},"s":{"0":4,"1":4,"2":4,"3":4,"4":5,"5":5,"6":5,"7":1,"8":4,"9":4,"10":3,"11":3,"12":3,"13":3,"14":2,"15":2,"16":2,"17":2,"18":2,"19":2,"20":3,"21":3,"22":3,"23":4,"24":4,"25":4,"26":3,"27":4,"28":1,"29":3,"30":2,"31":2,"32":2,"33":2,"34":2,"35":2,"36":2,"37":0,"38":2,"39":2,"40":1,"41":1,"42":3,"43":3,"44":2,"45":4},"f":{"0":5,"1":0,"2":4,"3":3,"4":1,"5":1,"6":2,"7":3,"8":2},"b":{"0":[4],"1":[1],"2":[2],"3":[3],"4":[1],"5":[2,0],"6":[1]}}
,"/Users/virginie/Applications/matcha_42/server/src/types/sharp.d.ts": {"path":"/Users/virginie/Applications/matcha_42/server/src/types/sharp.d.ts","statementMap":{},"fnMap":{},"branchMap":{},"s":{},"f":{},"b":{}}
,"/Users/virginie/Applications/matcha_42/server/src/types/xss-clean.d.ts": {"path":"/Users/virginie/Applications/matcha_42/server/src/types/xss-clean.d.ts","statementMap":{},"fnMap":{},"branchMap":{},"s":{},"f":{},"b":{}}
,"/Users/virginie/Applications/matcha_42/server/src/utils/database.ts": {"path":"/Users/virginie/Applications/matcha_42/server/src/utils/database.ts","statementMap":{"0":{"start":{"line":7,"column":8},"end":{"line":7,"column":25}},"1":{"start":{"line":11,"column":23},"end":{"line":11,"column":48}},"2":{"start":{"line":12,"column":8},"end":{"line":17,"column":9}},"3":{"start":{"line":13,"column":27},"end":{"line":13,"column":58}},"4":{"start":{"line":14,"column":12},"end":{"line":14,"column":31}},"5":{"start":{"line":16,"column":12},"end":{"line":16,"column":29}},"6":{"start":{"line":21,"column":23},"end":{"line":21,"column":48}},"7":{"start":{"line":22,"column":8},"end":{"line":32,"column":9}},"8":{"start":{"line":23,"column":12},"end":{"line":23,"column":40}},"9":{"start":{"line":24,"column":27},"end":{"line":24,"column":49}},"10":{"start":{"line":25,"column":12},"end":{"line":25,"column":41}},"11":{"start":{"line":26,"column":12},"end":{"line":26,"column":26}},"12":{"start":{"line":28,"column":12},"end":{"line":28,"column":43}},"13":{"start":{"line":29,"column":12},"end":{"line":29,"column":24}},"14":{"start":{"line":31,"column":12},"end":{"line":31,"column":29}},"15":{"start":{"line":36,"column":8},"end":{"line":36,"column":75}},"16":{"start":{"line":3,"column":0},"end":{"line":3,"column":13}}},"fnMap":{"0":{"name":"(anonymous_0)","decl":{"start":{"line":6,"column":4},"end":{"line":6,"column":16}},"loc":{"start":{"line":6,"column":26},"end":{"line":8,"column":5}}},"1":{"name":"(anonymous_1)","decl":{"start":{"line":10,"column":4},"end":{"line":10,"column":9}},"loc":{"start":{"line":10,"column":60},"end":{"line":18,"column":5}}},"2":{"name":"(anonymous_2)","decl":{"start":{"line":20,"column":4},"end":{"line":20,"column":9}},"loc":{"start":{"line":20,"column":62},"end":{"line":33,"column":5}}},"3":{"name":"(anonymous_3)","decl":{"start":{"line":35,"column":4},"end":{"line":35,"column":17}},"loc":{"start":{"line":35,"column":31},"end":{"line":37,"column":5}}}},"branchMap":{},"s":{"0":9,"1":3,"2":3,"3":3,"4":2,"5":3,"6":3,"7":3,"8":3,"9":2,"10":1,"11":1,"12":2,"13":2,"14":3,"15":3,"16":1},"f":{"0":9,"1":3,"2":3,"3":3},"b":{}}
,"/Users/virginie/Applications/matcha_42/server/src/utils/geolocation.ts": {"path":"/Users/virginie/Applications/matcha_42/server/src/utils/geolocation.ts","statementMap":{"0":{"start":{"line":2,"column":0},"end":{"line":2,"column":26}},"1":{"start":{"line":9,"column":33},"end":{"line":20,"column":1}},"2":{"start":{"line":10,"column":3},"end":{"line":19,"column":4}},"3":{"start":{"line":11,"column":24},"end":{"line":11,"column":70}},"4":{"start":{"line":12,"column":7},"end":{"line":15,"column":9}},"5":{"start":{"line":17,"column":7},"end":{"line":17,"column":55}},"6":{"start":{"line":18,"column":7},"end":{"line":18,"column":19}},"7":{"start":{"line":9,"column":13},"end":{"line":9,"column":33}},"8":{"start":{"line":23,"column":37},"end":{"line":37,"column":1}},"9":{"start":{"line":24,"column":3},"end":{"line":36,"column":4}},"10":{"start":{"line":25,"column":24},"end":{"line":26,"column":null}},"11":{"start":{"line":28,"column":22},"end":{"line":28,"column":57}},"12":{"start":{"line":29,"column":7},"end":{"line":32,"column":9}},"13":{"start":{"line":34,"column":7},"end":{"line":34,"column":55}},"14":{"start":{"line":35,"column":7},"end":{"line":35,"column":19}},"15":{"start":{"line":23,"column":13},"end":{"line":23,"column":37}}},"fnMap":{"0":{"name":"(anonymous_1)","decl":{"start":{"line":9,"column":33},"end":{"line":9,"column":38}},"loc":{"start":{"line":9,"column":77},"end":{"line":20,"column":1}}},"1":{"name":"(anonymous_2)","decl":{"start":{"line":23,"column":37},"end":{"line":23,"column":42}},"loc":{"start":{"line":23,"column":95},"end":{"line":37,"column":1}}}},"branchMap":{"0":{"loc":{"start":{"line":30,"column":17},"end":{"line":30,"column":43}},"type":"binary-expr","locations":[{"start":{"line":30,"column":17},"end":{"line":30,"column":28}},{"start":{"line":30,"column":32},"end":{"line":30,"column":43}}]}},"s":{"0":1,"1":1,"2":4,"3":4,"4":2,"5":2,"6":2,"7":1,"8":1,"9":7,"10":7,"11":5,"12":4,"13":3,"14":3,"15":1},"f":{"0":4,"1":7},"b":{"0":[4,2]}}
,"/Users/virginie/Applications/matcha_42/server/src/utils/matching.ts": {"path":"/Users/virginie/Applications/matcha_42/server/src/utils/matching.ts","statementMap":{"0":{"start":{"line":13,"column":0},"end":{"line":13,"column":16}},"1":{"start":{"line":29,"column":0},"end":{"line":29,"column":16}},"2":{"start":{"line":51,"column":0},"end":{"line":51,"column":7}},"3":{"start":{"line":14,"column":18},"end":{"line":14,"column":28}},"4":{"start":{"line":15,"column":14},"end":{"line":15,"column":59}},"5":{"start":{"line":16,"column":22},"end":{"line":16,"column":61}},"6":{"start":{"line":17,"column":4},"end":{"line":19,"column":5}},"7":{"start":{"line":18,"column":8},"end":{"line":18,"column":14}},"8":{"start":{"line":20,"column":4},"end":{"line":20,"column":15}},"9":{"start":{"line":30,"column":16},"end":{"line":30,"column":17}},"10":{"start":{"line":33,"column":4},"end":{"line":37,"column":5}},"11":{"start":{"line":34,"column":8},"end":{"line":34,"column":20}},"12":{"start":{"line":35,"column":11},"end":{"line":37,"column":5}},"13":{"start":{"line":36,"column":8},"end":{"line":36,"column":20}},"14":{"start":{"line":40,"column":28},"end":{"line":40,"column":88}},"15":{"start":{"line":40,"column":58},"end":{"line":40,"column":87}},"16":{"start":{"line":41,"column":4},"end":{"line":41,"column":81}},"17":{"start":{"line":44,"column":27},"end":{"line":44,"column":72}},"18":{"start":{"line":45,"column":4},"end":{"line":45,"column":42}},"19":{"start":{"line":47,"column":4},"end":{"line":47,"column":32}},"20":{"start":{"line":52,"column":4},"end":{"line":65,"column":53}},"21":{"start":{"line":56,"column":16},"end":{"line":57,"column":95}},"22":{"start":{"line":59,"column":12},"end":{"line":59,"column":31}},"23":{"start":{"line":61,"column":23},"end":{"line":64,"column":10}},"24":{"start":{"line":65,"column":24},"end":{"line":65,"column":51}}},"fnMap":{"0":{"name":"calculateAge","decl":{"start":{"line":13,"column":16},"end":{"line":13,"column":28}},"loc":{"start":{"line":13,"column":44},"end":{"line":21,"column":1}}},"1":{"name":"calculateMatchScore","decl":{"start":{"line":29,"column":16},"end":{"line":29,"column":35}},"loc":{"start":{"line":29,"column":74},"end":{"line":48,"column":1}}},"2":{"name":"(anonymous_2)","decl":{"start":{"line":40,"column":51},"end":{"line":40,"column":54}},"loc":{"start":{"line":40,"column":58},"end":{"line":40,"column":87}}},"3":{"name":"findMatches","decl":{"start":{"line":51,"column":22},"end":{"line":51,"column":33}},"loc":{"start":{"line":51,"column":84},"end":{"line":66,"column":1}}},"4":{"name":"(anonymous_4)","decl":{"start":{"line":53,"column":16},"end":{"line":53,"column":21}},"loc":{"start":{"line":53,"column":24},"end":{"line":60,"column":9}}},"5":{"name":"(anonymous_5)","decl":{"start":{"line":61,"column":13},"end":{"line":61,"column":18}},"loc":{"start":{"line":61,"column":23},"end":{"line":64,"column":10}}},"6":{"name":"(anonymous_6)","decl":{"start":{"line":65,"column":14},"end":{"line":65,"column":15}},"loc":{"start":{"line":65,"column":24},"end":{"line":65,"column":51}}}},"branchMap":{"0":{"loc":{"start":{"line":17,"column":4},"end":{"line":19,"column":5}},"type":"if","locations":[{"start":{"line":17,"column":4},"end":{"line":19,"column":5}}]},"1":{"loc":{"start":{"line":17,"column":8},"end":{"line":17,"column":83}},"type":"binary-expr","locations":[{"start":{"line":17,"column":8},"end":{"line":17,"column":21}},{"start":{"line":17,"column":26},"end":{"line":17,"column":41}},{"start":{"line":17,"column":45},"end":{"line":17,"column":82}}]},"2":{"loc":{"start":{"line":33,"column":4},"end":{"line":37,"column":5}},"type":"if","locations":[{"start":{"line":33,"column":4},"end":{"line":37,"column":5}},{"start":{"line":35,"column":11},"end":{"line":37,"column":5}}]},"3":{"loc":{"start":{"line":35,"column":11},"end":{"line":37,"column":5}},"type":"if","locations":[{"start":{"line":35,"column":11},"end":{"line":37,"column":5}}]},"4":{"loc":{"start":{"line":56,"column":16},"end":{"line":57,"column":95}},"type":"binary-expr","locations":[{"start":{"line":56,"column":17},"end":{"line":56,"column":50}},{"start":{"line":56,"column":54},"end":{"line":56,"column":93}},{"start":{"line":57,"column":17},"end":{"line":57,"column":51}},{"start":{"line":57,"column":55},"end":{"line":57,"column":94}}]}},"s":{"0":1,"1":1,"2":1,"3":4,"4":4,"5":4,"6":4,"7":0,"8":4,"9":10,"10":10,"11":7,"12":3,"13":2,"14":10,"15":25,"16":10,"17":10,"18":10,"19":10,"20":5,"21":9,"22":9,"23":5,"24":2},"f":{"0":4,"1":10,"2":25,"3":5,"4":9,"5":5,"6":2},"b":{"0":[0],"1":[4,4,2],"2":[7,3],"3":[2],"4":[9,7,7,6]}}
,"/Users/virginie/Applications/matcha_42/server/src/utils/validators.ts": {"path":"/Users/virginie/Applications/matcha_42/server/src/utils/validators.ts","statementMap":{"0":{"start":{"line":2,"column":0},"end":{"line":2,"column":24}},"1":{"start":{"line":4,"column":13},"end":{"line":25,"column":3}},"2":{"start":{"line":22,"column":20},"end":{"line":22,"column":58}},"3":{"start":{"line":27,"column":13},"end":{"line":30,"column":3}},"4":{"start":{"line":32,"column":13},"end":{"line":49,"column":3}},"5":{"start":{"line":43,"column":21},"end":{"line":43,"column":35}},"6":{"start":{"line":44,"column":16},"end":{"line":44,"column":66}},"7":{"start":{"line":45,"column":3},"end":{"line":45,"column":20}}},"fnMap":{"0":{"name":"(anonymous_0)","decl":{"start":{"line":22,"column":10},"end":{"line":22,"column":11}},"loc":{"start":{"line":22,"column":20},"end":{"line":22,"column":58}}},"1":{"name":"(anonymous_1)","decl":{"start":{"line":42,"column":10},"end":{"line":42,"column":11}},"loc":{"start":{"line":42,"column":19},"end":{"line":46,"column":3}}}},"branchMap":{},"s":{"0":7,"1":7,"2":26,"3":7,"4":7,"5":0,"6":0,"7":0},"f":{"0":26,"1":0},"b":{}}
}
