{"/Users/virginie/Applications/matcha/server/src/app.ts": {"path":"/Users/virginie/Applications/matcha/server/src/app.ts","statementMap":{"0":{"start":{"line":2,"column":0},"end":{"line":2,"column":76}},"1":{"start":{"line":3,"column":0},"end":{"line":3,"column":24}},"2":{"start":{"line":4,"column":0},"end":{"line":4,"column":28}},"3":{"start":{"line":5,"column":0},"end":{"line":5,"column":38}},"4":{"start":{"line":6,"column":0},"end":{"line":6,"column":28}},"5":{"start":{"line":7,"column":0},"end":{"line":7,"column":32}},"6":{"start":{"line":8,"column":0},"end":{"line":8,"column":39}},"7":{"start":{"line":9,"column":0},"end":{"line":9,"column":45}},"8":{"start":{"line":17,"column":0},"end":{"line":17,"column":9}},"9":{"start":{"line":18,"column":21},"end":{"line":18,"column":30}},"10":{"start":{"line":21,"column":0},"end":{"line":21,"column":16}},"11":{"start":{"line":22,"column":0},"end":{"line":22,"column":18}},"12":{"start":{"line":23,"column":0},"end":{"line":23,"column":23}},"13":{"start":{"line":24,"column":0},"end":{"line":24,"column":23}},"14":{"start":{"line":25,"column":0},"end":{"line":25,"column":24}},"15":{"start":{"line":26,"column":0},"end":{"line":26,"column":48}},"16":{"start":{"line":29,"column":0},"end":{"line":29,"column":33}},"17":{"start":{"line":30,"column":0},"end":{"line":30,"column":39}},"18":{"start":{"line":33,"column":0},"end":{"line":35,"column":3}},"19":{"start":{"line":34,"column":2},"end":{"line":34,"column":47}},"20":{"start":{"line":38,"column":0},"end":{"line":43,"column":3}},"21":{"start":{"line":39,"column":2},"end":{"line":39,"column":27}},"22":{"start":{"line":40,"column":2},"end":{"line":42,"column":5}},"23":{"start":{"line":46,"column":0},"end":{"line":51,"column":1}},"24":{"start":{"line":47,"column":23},"end":{"line":47,"column":75}},"25":{"start":{"line":48,"column":2},"end":{"line":50,"column":5}},"26":{"start":{"line":49,"column":4},"end":{"line":49,"column":53}},"27":{"start":{"line":53,"column":0},"end":{"line":53,"column":19}}},"fnMap":{"0":{"name":"(anonymous_1)","decl":{"start":{"line":33,"column":8},"end":{"line":33,"column":9}},"loc":{"start":{"line":33,"column":40},"end":{"line":35,"column":1}}},"1":{"name":"(anonymous_2)","decl":{"start":{"line":38,"column":8},"end":{"line":38,"column":9}},"loc":{"start":{"line":38,"column":72},"end":{"line":43,"column":1}}},"2":{"name":"(anonymous_3)","decl":{"start":{"line":48,"column":19},"end":{"line":48,"column":22}},"loc":{"start":{"line":48,"column":24},"end":{"line":50,"column":3}}}},"branchMap":{"0":{"loc":{"start":{"line":40,"column":13},"end":{"line":40,"column":30}},"type":"binary-expr","locations":[{"start":{"line":40,"column":13},"end":{"line":40,"column":23}},{"start":{"line":40,"column":27},"end":{"line":40,"column":30}}]},"1":{"loc":{"start":{"line":41,"column":11},"end":{"line":41,"column":44}},"type":"binary-expr","locations":[{"start":{"line":41,"column":11},"end":{"line":41,"column":22}},{"start":{"line":41,"column":26},"end":{"line":41,"column":44}}]},"2":{"loc":{"start":{"line":46,"column":0},"end":{"line":51,"column":1}},"type":"if","locations":[{"start":{"line":46,"column":0},"end":{"line":51,"column":1}}]},"3":{"loc":{"start":{"line":47,"column":23},"end":{"line":47,"column":75}},"type":"cond-expr","locations":[{"start":{"line":47,"column":42},"end":{"line":47,"column":68}},{"start":{"line":47,"column":71},"end":{"line":47,"column":75}}]}},"s":{"0":3,"1":3,"2":3,"3":3,"4":3,"5":3,"6":3,"7":3,"8":3,"9":3,"10":3,"11":3,"12":3,"13":3,"14":3,"15":3,"16":3,"17":3,"18":3,"19":1,"20":3,"21":2,"22":2,"23":3,"24":0,"25":0,"26":0,"27":3},"f":{"0":1,"1":2,"2":0},"b":{"0":[2,2],"1":[2,0],"2":[0],"3":[0,0]}}
,"/Users/virginie/Applications/matcha/server/src/config/database.ts": {"path":"/Users/virginie/Applications/matcha/server/src/config/database.ts","statementMap":{"0":{"start":{"line":1,"column":0},"end":{"line":1,"column":55}},"1":{"start":{"line":2,"column":0},"end":{"line":2,"column":28}},"2":{"start":{"line":4,"column":0},"end":{"line":4,"column":16}},"3":{"start":{"line":6,"column":0},"end":{"line":8,"column":1}},"4":{"start":{"line":7,"column":2},"end":{"line":7,"column":79}},"5":{"start":{"line":10,"column":13},"end":{"line":12,"column":2}},"6":{"start":{"line":15,"column":0},"end":{"line":18,"column":3}},"7":{"start":{"line":16,"column":2},"end":{"line":16,"column":56}},"8":{"start":{"line":17,"column":2},"end":{"line":17,"column":19}},"9":{"start":{"line":20,"column":13},"end":{"line":38,"column":2}},"10":{"start":{"line":31,"column":4},"end":{"line":36,"column":5}},"11":{"start":{"line":32,"column":6},"end":{"line":32,"column":47}},"12":{"start":{"line":34,"column":6},"end":{"line":34,"column":61}},"13":{"start":{"line":35,"column":6},"end":{"line":35,"column":18}},"14":{"start":{"line":44,"column":30},"end":{"line":52,"column":3}},"15":{"start":{"line":45,"column":4},"end":{"line":51,"column":5}},"16":{"start":{"line":46,"column":6},"end":{"line":46,"column":39}},"17":{"start":{"line":47,"column":6},"end":{"line":47,"column":52}},"18":{"start":{"line":49,"column":6},"end":{"line":49,"column":58}},"19":{"start":{"line":50,"column":6},"end":{"line":50,"column":18}},"20":{"start":{"line":44,"column":13},"end":{"line":44,"column":30}}},"fnMap":{"0":{"name":"(anonymous_1)","decl":{"start":{"line":15,"column":17},"end":{"line":15,"column":18}},"loc":{"start":{"line":15,"column":25},"end":{"line":18,"column":1}}},"1":{"name":"(anonymous_2)","decl":{"start":{"line":27,"column":9},"end":{"line":27,"column":14}},"loc":{"start":{"line":30,"column":31},"end":{"line":37,"column":3}}},"2":{"name":"(anonymous_3)","decl":{"start":{"line":44,"column":30},"end":{"line":44,"column":35}},"loc":{"start":{"line":44,"column":56},"end":{"line":52,"column":3}}}},"branchMap":{"0":{"loc":{"start":{"line":6,"column":0},"end":{"line":8,"column":1}},"type":"if","locations":[{"start":{"line":6,"column":0},"end":{"line":8,"column":1}}]}},"s":{"0":15,"1":15,"2":15,"3":15,"4":0,"5":15,"6":15,"7":0,"8":0,"9":15,"10":2,"11":2,"12":0,"13":0,"14":15,"15":3,"16":3,"17":2,"18":1,"19":1,"20":15},"f":{"0":0,"1":2,"2":3},"b":{"0":[0]}}
,"/Users/virginie/Applications/matcha/server/src/config/upload.ts": {"path":"/Users/virginie/Applications/matcha/server/src/config/upload.ts","statementMap":{"0":{"start":{"line":2,"column":0},"end":{"line":2,"column":28}},"1":{"start":{"line":3,"column":0},"end":{"line":3,"column":36}},"2":{"start":{"line":4,"column":0},"end":{"line":4,"column":24}},"3":{"start":{"line":7,"column":16},"end":{"line":15,"column":2}},"4":{"start":{"line":9,"column":4},"end":{"line":9,"column":34}},"5":{"start":{"line":12,"column":25},"end":{"line":12,"column":33}},"6":{"start":{"line":13,"column":4},"end":{"line":13,"column":66}},"7":{"start":{"line":18,"column":19},"end":{"line":27,"column":1}},"8":{"start":{"line":19,"column":23},"end":{"line":19,"column":63}},"9":{"start":{"line":21,"column":2},"end":{"line":24,"column":3}},"10":{"start":{"line":22,"column":4},"end":{"line":22,"column":71}},"11":{"start":{"line":23,"column":4},"end":{"line":23,"column":11}},"12":{"start":{"line":26,"column":2},"end":{"line":26,"column":17}},"13":{"start":{"line":29,"column":13},"end":{"line":36,"column":3}}},"fnMap":{"0":{"name":"(anonymous_1)","decl":{"start":{"line":8,"column":15},"end":{"line":8,"column":16}},"loc":{"start":{"line":8,"column":33},"end":{"line":10,"column":3}}},"1":{"name":"(anonymous_2)","decl":{"start":{"line":11,"column":12},"end":{"line":11,"column":13}},"loc":{"start":{"line":11,"column":30},"end":{"line":14,"column":3}}},"2":{"name":"(anonymous_3)","decl":{"start":{"line":18,"column":19},"end":{"line":18,"column":20}},"loc":{"start":{"line":18,"column":90},"end":{"line":27,"column":1}}}},"branchMap":{"0":{"loc":{"start":{"line":21,"column":2},"end":{"line":24,"column":3}},"type":"if","locations":[{"start":{"line":21,"column":2},"end":{"line":24,"column":3}}]}},"s":{"0":2,"1":2,"2":2,"3":2,"4":0,"5":0,"6":0,"7":2,"8":0,"9":0,"10":0,"11":0,"12":0,"13":2},"f":{"0":0,"1":0,"2":0},"b":{"0":[0]}}
,"/Users/virginie/Applications/matcha/server/src/controllers/auth.ts": {"path":"/Users/virginie/Applications/matcha/server/src/controllers/auth.ts","statementMap":{"0":{"start":{"line":3,"column":0},"end":{"line":3,"column":31}},"1":{"start":{"line":4,"column":0},"end":{"line":4,"column":43}},"2":{"start":{"line":5,"column":0},"end":{"line":5,"column":57}},"3":{"start":{"line":6,"column":0},"end":{"line":6,"column":66}},"4":{"start":{"line":10,"column":2},"end":{"line":47,"column":3}},"5":{"start":{"line":11,"column":26},"end":{"line":11,"column":56}},"6":{"start":{"line":13,"column":17},"end":{"line":16,"column":null}},"7":{"start":{"line":19,"column":30},"end":{"line":22,"column":null}},"8":{"start":{"line":25,"column":4},"end":{"line":25,"column":63}},"9":{"start":{"line":27,"column":4},"end":{"line":34,"column":7}},"10":{"start":{"line":36,"column":4},"end":{"line":46,"column":5}},"11":{"start":{"line":37,"column":3},"end":{"line":43,"column":4}},"12":{"start":{"line":38,"column":5},"end":{"line":38,"column":52}},"13":{"start":{"line":39,"column":10},"end":{"line":43,"column":4}},"14":{"start":{"line":40,"column":5},"end":{"line":40,"column":62}},"15":{"start":{"line":42,"column":5},"end":{"line":42,"column":52}},"16":{"start":{"line":45,"column":3},"end":{"line":45,"column":60}},"17":{"start":{"line":52,"column":2},"end":{"line":102,"column":3}},"18":{"start":{"line":53,"column":26},"end":{"line":53,"column":53}},"19":{"start":{"line":55,"column":17},"end":{"line":55,"column":65}},"20":{"start":{"line":56,"column":4},"end":{"line":59,"column":5}},"21":{"start":{"line":57,"column":3},"end":{"line":57,"column":58}},"22":{"start":{"line":58,"column":3},"end":{"line":58,"column":10}},"23":{"start":{"line":61,"column":26},"end":{"line":63,"column":null}},"24":{"start":{"line":65,"column":4},"end":{"line":68,"column":5}},"25":{"start":{"line":66,"column":3},"end":{"line":66,"column":58}},"26":{"start":{"line":67,"column":3},"end":{"line":67,"column":10}},"27":{"start":{"line":70,"column":4},"end":{"line":73,"column":5}},"28":{"start":{"line":71,"column":3},"end":{"line":71,"column":69}},"29":{"start":{"line":72,"column":3},"end":{"line":72,"column":10}},"30":{"start":{"line":75,"column":18},"end":{"line":78,"column":null}},"31":{"start":{"line":81,"column":4},"end":{"line":89,"column":7}},"32":{"start":{"line":91,"column":4},"end":{"line":101,"column":5}},"33":{"start":{"line":92,"column":3},"end":{"line":98,"column":4}},"34":{"start":{"line":93,"column":5},"end":{"line":93,"column":62}},"35":{"start":{"line":94,"column":10},"end":{"line":98,"column":4}},"36":{"start":{"line":95,"column":5},"end":{"line":95,"column":62}},"37":{"start":{"line":97,"column":5},"end":{"line":97,"column":52}},"38":{"start":{"line":100,"column":3},"end":{"line":100,"column":60}},"39":{"start":{"line":8,"column":0},"end":{"line":8,"column":13}}},"fnMap":{"0":{"name":"(anonymous_1)","decl":{"start":{"line":9,"column":1},"end":{"line":9,"column":7}},"loc":{"start":{"line":9,"column":50},"end":{"line":48,"column":4}}},"1":{"name":"(anonymous_2)","decl":{"start":{"line":51,"column":3},"end":{"line":51,"column":9}},"loc":{"start":{"line":51,"column":49},"end":{"line":103,"column":2}}}},"branchMap":{"0":{"loc":{"start":{"line":36,"column":4},"end":{"line":46,"column":5}},"type":"if","locations":[{"start":{"line":36,"column":4},"end":{"line":46,"column":5}},{"start":{"line":44,"column":11},"end":{"line":46,"column":5}}]},"1":{"loc":{"start":{"line":37,"column":3},"end":{"line":43,"column":4}},"type":"if","locations":[{"start":{"line":37,"column":3},"end":{"line":43,"column":4}},{"start":{"line":39,"column":10},"end":{"line":43,"column":4}}]},"2":{"loc":{"start":{"line":39,"column":10},"end":{"line":43,"column":4}},"type":"if","locations":[{"start":{"line":39,"column":10},"end":{"line":43,"column":4}},{"start":{"line":41,"column":10},"end":{"line":43,"column":4}}]},"3":{"loc":{"start":{"line":56,"column":4},"end":{"line":59,"column":5}},"type":"if","locations":[{"start":{"line":56,"column":4},"end":{"line":59,"column":5}}]},"4":{"loc":{"start":{"line":65,"column":4},"end":{"line":68,"column":5}},"type":"if","locations":[{"start":{"line":65,"column":4},"end":{"line":68,"column":5}}]},"5":{"loc":{"start":{"line":70,"column":4},"end":{"line":73,"column":5}},"type":"if","locations":[{"start":{"line":70,"column":4},"end":{"line":73,"column":5}}]},"6":{"loc":{"start":{"line":91,"column":4},"end":{"line":101,"column":5}},"type":"if","locations":[{"start":{"line":91,"column":4},"end":{"line":101,"column":5}},{"start":{"line":99,"column":11},"end":{"line":101,"column":5}}]},"7":{"loc":{"start":{"line":92,"column":3},"end":{"line":98,"column":4}},"type":"if","locations":[{"start":{"line":92,"column":3},"end":{"line":98,"column":4}},{"start":{"line":94,"column":10},"end":{"line":98,"column":4}}]},"8":{"loc":{"start":{"line":94,"column":10},"end":{"line":98,"column":4}},"type":"if","locations":[{"start":{"line":94,"column":10},"end":{"line":98,"column":4}},{"start":{"line":96,"column":10},"end":{"line":98,"column":4}}]}},"s":{"0":5,"1":5,"2":5,"3":5,"4":7,"5":7,"6":6,"7":5,"8":3,"9":1,"10":6,"11":5,"12":2,"13":3,"14":2,"15":1,"16":1,"17":7,"18":7,"19":7,"20":5,"21":1,"22":1,"23":4,"24":3,"25":1,"26":1,"27":2,"28":1,"29":1,"30":1,"31":1,"32":3,"33":2,"34":1,"35":1,"36":1,"37":0,"38":1,"39":5},"f":{"0":7,"1":7},"b":{"0":[5,1],"1":[2,3],"2":[2,1],"3":[1],"4":[1],"5":[1],"6":[2,1],"7":[1,1],"8":[1,0]}}
,"/Users/virginie/Applications/matcha/server/src/controllers/photo.ts": {"path":"/Users/virginie/Applications/matcha/server/src/controllers/photo.ts","statementMap":{"0":{"start":{"line":4,"column":0},"end":{"line":4,"column":49}},"1":{"start":{"line":5,"column":0},"end":{"line":5,"column":49}},"2":{"start":{"line":15,"column":3},"end":{"line":46,"column":4}},"3":{"start":{"line":16,"column":5},"end":{"line":19,"column":6}},"4":{"start":{"line":17,"column":7},"end":{"line":17,"column":59}},"5":{"start":{"line":18,"column":7},"end":{"line":18,"column":14}},"6":{"start":{"line":21,"column":20},"end":{"line":21,"column":32}},"7":{"start":{"line":22,"column":5},"end":{"line":25,"column":6}},"8":{"start":{"line":23,"column":7},"end":{"line":23,"column":55}},"9":{"start":{"line":24,"column":7},"end":{"line":24,"column":14}},"10":{"start":{"line":27,"column":20},"end":{"line":27,"column":56}},"11":{"start":{"line":28,"column":23},"end":{"line":28,"column":42}},"12":{"start":{"line":30,"column":20},"end":{"line":33,"column":null}},"13":{"start":{"line":36,"column":5},"end":{"line":39,"column":8}},"14":{"start":{"line":41,"column":5},"end":{"line":45,"column":6}},"15":{"start":{"line":42,"column":7},"end":{"line":42,"column":54}},"16":{"start":{"line":44,"column":7},"end":{"line":44,"column":64}},"17":{"start":{"line":50,"column":3},"end":{"line":75,"column":4}},"18":{"start":{"line":51,"column":20},"end":{"line":51,"column":32}},"19":{"start":{"line":52,"column":25},"end":{"line":52,"column":35}},"20":{"start":{"line":54,"column":5},"end":{"line":57,"column":6}},"21":{"start":{"line":55,"column":7},"end":{"line":55,"column":55}},"22":{"start":{"line":56,"column":7},"end":{"line":56,"column":14}},"23":{"start":{"line":59,"column":5},"end":{"line":62,"column":6}},"24":{"start":{"line":60,"column":7},"end":{"line":60,"column":63}},"25":{"start":{"line":61,"column":7},"end":{"line":61,"column":14}},"26":{"start":{"line":64,"column":5},"end":{"line":64,"column":57}},"27":{"start":{"line":66,"column":5},"end":{"line":68,"column":8}},"28":{"start":{"line":70,"column":5},"end":{"line":74,"column":6}},"29":{"start":{"line":71,"column":7},"end":{"line":71,"column":54}},"30":{"start":{"line":73,"column":7},"end":{"line":73,"column":64}},"31":{"start":{"line":79,"column":3},"end":{"line":104,"column":4}},"32":{"start":{"line":80,"column":20},"end":{"line":80,"column":32}},"33":{"start":{"line":81,"column":25},"end":{"line":81,"column":35}},"34":{"start":{"line":83,"column":5},"end":{"line":86,"column":6}},"35":{"start":{"line":84,"column":7},"end":{"line":84,"column":55}},"36":{"start":{"line":85,"column":7},"end":{"line":85,"column":14}},"37":{"start":{"line":88,"column":5},"end":{"line":91,"column":6}},"38":{"start":{"line":89,"column":7},"end":{"line":89,"column":63}},"39":{"start":{"line":90,"column":7},"end":{"line":90,"column":14}},"40":{"start":{"line":93,"column":5},"end":{"line":93,"column":53}},"41":{"start":{"line":95,"column":5},"end":{"line":97,"column":8}},"42":{"start":{"line":99,"column":5},"end":{"line":103,"column":6}},"43":{"start":{"line":100,"column":7},"end":{"line":100,"column":54}},"44":{"start":{"line":102,"column":7},"end":{"line":102,"column":64}},"45":{"start":{"line":108,"column":3},"end":{"line":127,"column":4}},"46":{"start":{"line":109,"column":20},"end":{"line":109,"column":32}},"47":{"start":{"line":111,"column":5},"end":{"line":114,"column":6}},"48":{"start":{"line":112,"column":7},"end":{"line":112,"column":55}},"49":{"start":{"line":113,"column":7},"end":{"line":113,"column":14}},"50":{"start":{"line":116,"column":20},"end":{"line":116,"column":56}},"51":{"start":{"line":118,"column":5},"end":{"line":120,"column":8}},"52":{"start":{"line":122,"column":5},"end":{"line":126,"column":6}},"53":{"start":{"line":123,"column":7},"end":{"line":123,"column":54}},"54":{"start":{"line":125,"column":7},"end":{"line":125,"column":64}},"55":{"start":{"line":13,"column":0},"end":{"line":13,"column":13}}},"fnMap":{"0":{"name":"(anonymous_0)","decl":{"start":{"line":14,"column":1},"end":{"line":14,"column":7}},"loc":{"start":{"line":14,"column":59},"end":{"line":47,"column":2}}},"1":{"name":"(anonymous_1)","decl":{"start":{"line":49,"column":1},"end":{"line":49,"column":7}},"loc":{"start":{"line":49,"column":63},"end":{"line":76,"column":2}}},"2":{"name":"(anonymous_2)","decl":{"start":{"line":78,"column":1},"end":{"line":78,"column":7}},"loc":{"start":{"line":78,"column":59},"end":{"line":105,"column":2}}},"3":{"name":"(anonymous_3)","decl":{"start":{"line":107,"column":1},"end":{"line":107,"column":7}},"loc":{"start":{"line":107,"column":57},"end":{"line":128,"column":2}}}},"branchMap":{"0":{"loc":{"start":{"line":16,"column":5},"end":{"line":19,"column":6}},"type":"if","locations":[{"start":{"line":16,"column":5},"end":{"line":19,"column":6}}]},"1":{"loc":{"start":{"line":22,"column":5},"end":{"line":25,"column":6}},"type":"if","locations":[{"start":{"line":22,"column":5},"end":{"line":25,"column":6}}]},"2":{"loc":{"start":{"line":41,"column":5},"end":{"line":45,"column":6}},"type":"if","locations":[{"start":{"line":41,"column":5},"end":{"line":45,"column":6}},{"start":{"line":43,"column":12},"end":{"line":45,"column":6}}]},"3":{"loc":{"start":{"line":54,"column":5},"end":{"line":57,"column":6}},"type":"if","locations":[{"start":{"line":54,"column":5},"end":{"line":57,"column":6}}]},"4":{"loc":{"start":{"line":59,"column":5},"end":{"line":62,"column":6}},"type":"if","locations":[{"start":{"line":59,"column":5},"end":{"line":62,"column":6}}]},"5":{"loc":{"start":{"line":70,"column":5},"end":{"line":74,"column":6}},"type":"if","locations":[{"start":{"line":70,"column":5},"end":{"line":74,"column":6}},{"start":{"line":72,"column":12},"end":{"line":74,"column":6}}]},"6":{"loc":{"start":{"line":83,"column":5},"end":{"line":86,"column":6}},"type":"if","locations":[{"start":{"line":83,"column":5},"end":{"line":86,"column":6}}]},"7":{"loc":{"start":{"line":88,"column":5},"end":{"line":91,"column":6}},"type":"if","locations":[{"start":{"line":88,"column":5},"end":{"line":91,"column":6}}]},"8":{"loc":{"start":{"line":99,"column":5},"end":{"line":103,"column":6}},"type":"if","locations":[{"start":{"line":99,"column":5},"end":{"line":103,"column":6}},{"start":{"line":101,"column":12},"end":{"line":103,"column":6}}]},"9":{"loc":{"start":{"line":111,"column":5},"end":{"line":114,"column":6}},"type":"if","locations":[{"start":{"line":111,"column":5},"end":{"line":114,"column":6}}]},"10":{"loc":{"start":{"line":122,"column":5},"end":{"line":126,"column":6}},"type":"if","locations":[{"start":{"line":122,"column":5},"end":{"line":126,"column":6}},{"start":{"line":124,"column":12},"end":{"line":126,"column":6}}]}},"s":{"0":4,"1":4,"2":3,"3":3,"4":1,"5":1,"6":2,"7":2,"8":1,"9":1,"10":1,"11":1,"12":1,"13":1,"14":0,"15":0,"16":0,"17":3,"18":3,"19":3,"20":3,"21":1,"22":1,"23":2,"24":1,"25":1,"26":1,"27":1,"28":0,"29":0,"30":0,"31":3,"32":3,"33":3,"34":3,"35":1,"36":1,"37":2,"38":1,"39":1,"40":1,"41":1,"42":0,"43":0,"44":0,"45":2,"46":2,"47":2,"48":1,"49":1,"50":1,"51":1,"52":0,"53":0,"54":0,"55":4},"f":{"0":3,"1":3,"2":3,"3":2},"b":{"0":[1],"1":[1],"2":[0,0],"3":[1],"4":[1],"5":[0,0],"6":[1],"7":[1],"8":[0,0],"9":[1],"10":[0,0]}}
,"/Users/virginie/Applications/matcha/server/src/controllers/profile.ts": {"path":"/Users/virginie/Applications/matcha/server/src/controllers/profile.ts","statementMap":{"0":{"start":{"line":3,"column":0},"end":{"line":3,"column":49}},"1":{"start":{"line":4,"column":0},"end":{"line":4,"column":52}},"2":{"start":{"line":15,"column":4},"end":{"line":69,"column":5}},"3":{"start":{"line":16,"column":28},"end":{"line":16,"column":57}},"4":{"start":{"line":17,"column":21},"end":{"line":17,"column":33}},"5":{"start":{"line":19,"column":6},"end":{"line":22,"column":7}},"6":{"start":{"line":20,"column":8},"end":{"line":20,"column":56}},"7":{"start":{"line":21,"column":8},"end":{"line":21,"column":15}},"8":{"start":{"line":24,"column":20},"end":{"line":24,"column":59}},"9":{"start":{"line":25,"column":6},"end":{"line":35,"column":7}},"10":{"start":{"line":26,"column":8},"end":{"line":29,"column":11}},"11":{"start":{"line":31,"column":8},"end":{"line":34,"column":11}},"12":{"start":{"line":38,"column":31},"end":{"line":38,"column":70}},"13":{"start":{"line":39,"column":27},"end":{"line":39,"column":56}},"14":{"start":{"line":42,"column":6},"end":{"line":46,"column":7}},"15":{"start":{"line":43,"column":8},"end":{"line":45,"column":9}},"16":{"start":{"line":44,"column":10},"end":{"line":44,"column":62}},"17":{"start":{"line":49,"column":6},"end":{"line":53,"column":7}},"18":{"start":{"line":50,"column":8},"end":{"line":52,"column":9}},"19":{"start":{"line":51,"column":10},"end":{"line":51,"column":59}},"20":{"start":{"line":55,"column":31},"end":{"line":55,"column":70}},"21":{"start":{"line":57,"column":6},"end":{"line":62,"column":9}},"22":{"start":{"line":64,"column":6},"end":{"line":67,"column":7}},"23":{"start":{"line":65,"column":8},"end":{"line":65,"column":55}},"24":{"start":{"line":66,"column":8},"end":{"line":66,"column":15}},"25":{"start":{"line":68,"column":6},"end":{"line":68,"column":63}},"26":{"start":{"line":73,"column":4},"end":{"line":97,"column":5}},"27":{"start":{"line":74,"column":21},"end":{"line":74,"column":33}},"28":{"start":{"line":76,"column":6},"end":{"line":79,"column":7}},"29":{"start":{"line":77,"column":8},"end":{"line":77,"column":56}},"30":{"start":{"line":78,"column":8},"end":{"line":78,"column":15}},"31":{"start":{"line":81,"column":22},"end":{"line":81,"column":61}},"32":{"start":{"line":82,"column":6},"end":{"line":85,"column":7}},"33":{"start":{"line":83,"column":8},"end":{"line":83,"column":61}},"34":{"start":{"line":84,"column":8},"end":{"line":84,"column":15}},"35":{"start":{"line":87,"column":24},"end":{"line":87,"column":63}},"36":{"start":{"line":89,"column":6},"end":{"line":94,"column":9}},"37":{"start":{"line":96,"column":6},"end":{"line":96,"column":63}},"38":{"start":{"line":13,"column":0},"end":{"line":13,"column":13}},"39":{"start":{"line":101,"column":0},"end":{"line":101,"column":33}}},"fnMap":{"0":{"name":"(anonymous_0)","decl":{"start":{"line":14,"column":2},"end":{"line":14,"column":8}},"loc":{"start":{"line":14,"column":62},"end":{"line":70,"column":3}}},"1":{"name":"(anonymous_1)","decl":{"start":{"line":72,"column":2},"end":{"line":72,"column":8}},"loc":{"start":{"line":72,"column":59},"end":{"line":98,"column":3}}}},"branchMap":{"0":{"loc":{"start":{"line":19,"column":6},"end":{"line":22,"column":7}},"type":"if","locations":[{"start":{"line":19,"column":6},"end":{"line":22,"column":7}}]},"1":{"loc":{"start":{"line":25,"column":6},"end":{"line":35,"column":7}},"type":"if","locations":[{"start":{"line":25,"column":6},"end":{"line":35,"column":7}},{"start":{"line":30,"column":13},"end":{"line":35,"column":7}}]},"2":{"loc":{"start":{"line":39,"column":27},"end":{"line":39,"column":56}},"type":"binary-expr","locations":[{"start":{"line":39,"column":27},"end":{"line":39,"column":50}},{"start":{"line":39,"column":54},"end":{"line":39,"column":56}}]},"3":{"loc":{"start":{"line":43,"column":8},"end":{"line":45,"column":9}},"type":"if","locations":[{"start":{"line":43,"column":8},"end":{"line":45,"column":9}}]},"4":{"loc":{"start":{"line":50,"column":8},"end":{"line":52,"column":9}},"type":"if","locations":[{"start":{"line":50,"column":8},"end":{"line":52,"column":9}}]},"5":{"loc":{"start":{"line":64,"column":6},"end":{"line":67,"column":7}},"type":"if","locations":[{"start":{"line":64,"column":6},"end":{"line":67,"column":7}}]},"6":{"loc":{"start":{"line":76,"column":6},"end":{"line":79,"column":7}},"type":"if","locations":[{"start":{"line":76,"column":6},"end":{"line":79,"column":7}}]},"7":{"loc":{"start":{"line":82,"column":6},"end":{"line":85,"column":7}},"type":"if","locations":[{"start":{"line":82,"column":6},"end":{"line":85,"column":7}}]}},"s":{"0":4,"1":4,"2":4,"3":4,"4":3,"5":3,"6":1,"7":1,"8":2,"9":2,"10":1,"11":1,"12":2,"13":2,"14":2,"15":1,"16":0,"17":2,"18":4,"19":3,"20":2,"21":2,"22":1,"23":1,"24":1,"25":0,"26":4,"27":4,"28":4,"29":1,"30":1,"31":3,"32":2,"33":1,"34":1,"35":1,"36":1,"37":1,"38":4,"39":4},"f":{"0":4,"1":4},"b":{"0":[1],"1":[1,1],"2":[2,0],"3":[0],"4":[3],"5":[1],"6":[1],"7":[1]}}
,"/Users/virginie/Applications/matcha/server/src/middleware/auth.ts": {"path":"/Users/virginie/Applications/matcha/server/src/middleware/auth.ts","statementMap":{"0":{"start":{"line":2,"column":0},"end":{"line":2,"column":31}},"1":{"start":{"line":8,"column":30},"end":{"line":23,"column":1}},"2":{"start":{"line":9,"column":16},"end":{"line":9,"column":56}},"3":{"start":{"line":11,"column":2},"end":{"line":14,"column":3}},"4":{"start":{"line":12,"column":4},"end":{"line":12,"column":65}},"5":{"start":{"line":13,"column":4},"end":{"line":13,"column":11}},"6":{"start":{"line":16,"column":2},"end":{"line":22,"column":3}},"7":{"start":{"line":17,"column":20},"end":{"line":17,"column":80}},"8":{"start":{"line":18,"column":4},"end":{"line":18,"column":23}},"9":{"start":{"line":19,"column":4},"end":{"line":19,"column":11}},"10":{"start":{"line":21,"column":4},"end":{"line":21,"column":55}},"11":{"start":{"line":8,"column":13},"end":{"line":8,"column":30}},"12":{"start":{"line":25,"column":28},"end":{"line":38,"column":1}},"13":{"start":{"line":26,"column":16},"end":{"line":26,"column":56}},"14":{"start":{"line":28,"column":2},"end":{"line":35,"column":3}},"15":{"start":{"line":29,"column":4},"end":{"line":32,"column":5}},"16":{"start":{"line":30,"column":22},"end":{"line":30,"column":82}},"17":{"start":{"line":31,"column":6},"end":{"line":31,"column":25}},"18":{"start":{"line":37,"column":2},"end":{"line":37,"column":9}},"19":{"start":{"line":25,"column":13},"end":{"line":25,"column":28}}},"fnMap":{"0":{"name":"(anonymous_1)","decl":{"start":{"line":8,"column":30},"end":{"line":8,"column":31}},"loc":{"start":{"line":8,"column":92},"end":{"line":23,"column":1}}},"1":{"name":"(anonymous_2)","decl":{"start":{"line":25,"column":28},"end":{"line":25,"column":29}},"loc":{"start":{"line":25,"column":90},"end":{"line":38,"column":1}}}},"branchMap":{"0":{"loc":{"start":{"line":11,"column":2},"end":{"line":14,"column":3}},"type":"if","locations":[{"start":{"line":11,"column":2},"end":{"line":14,"column":3}}]},"1":{"loc":{"start":{"line":29,"column":4},"end":{"line":32,"column":5}},"type":"if","locations":[{"start":{"line":29,"column":4},"end":{"line":32,"column":5}}]}},"s":{"0":4,"1":4,"2":3,"3":3,"4":1,"5":1,"6":2,"7":2,"8":1,"9":1,"10":1,"11":4,"12":4,"13":3,"14":3,"15":3,"16":2,"17":1,"18":3,"19":4},"f":{"0":3,"1":3},"b":{"0":[1],"1":[2]}}
,"/Users/virginie/Applications/matcha/server/src/models/Profile.ts": {"path":"/Users/virginie/Applications/matcha/server/src/models/Profile.ts","statementMap":{"0":{"start":{"line":2,"column":0},"end":{"line":2,"column":40}},"1":{"start":{"line":4,"column":0},"end":{"line":4,"column":24}},"2":{"start":{"line":5,"column":0},"end":{"line":5,"column":29}},"3":{"start":{"line":9,"column":17},"end":{"line":23,"column":null}},"4":{"start":{"line":26,"column":2},"end":{"line":26,"column":24}},"5":{"start":{"line":30,"column":17},"end":{"line":49,"column":null}},"6":{"start":{"line":52,"column":2},"end":{"line":52,"column":24}},"7":{"start":{"line":56,"column":17},"end":{"line":58,"column":null}},"8":{"start":{"line":60,"column":2},"end":{"line":60,"column":32}},"9":{"start":{"line":65,"column":2},"end":{"line":70,"column":4}},"10":{"start":{"line":73,"column":2},"end":{"line":78,"column":4}},"11":{"start":{"line":82,"column":2},"end":{"line":88,"column":4}},"12":{"start":{"line":92,"column":17},"end":{"line":97,"column":null}},"13":{"start":{"line":99,"column":2},"end":{"line":99,"column":42}},"14":{"start":{"line":99,"column":32},"end":{"line":99,"column":40}},"15":{"start":{"line":103,"column":2},"end":{"line":125,"column":3}},"16":{"start":{"line":105,"column":4},"end":{"line":105,"column":28}},"17":{"start":{"line":107,"column":4},"end":{"line":113,"column":5}},"18":{"start":{"line":109,"column":3},"end":{"line":112,"column":5}},"19":{"start":{"line":115,"column":4},"end":{"line":119,"column":6}},"20":{"start":{"line":121,"column":4},"end":{"line":121,"column":29}},"21":{"start":{"line":123,"column":4},"end":{"line":123,"column":31}},"22":{"start":{"line":124,"column":4},"end":{"line":124,"column":16}},"23":{"start":{"line":129,"column":17},"end":{"line":134,"column":null}},"24":{"start":{"line":136,"column":2},"end":{"line":136,"column":21}},"25":{"start":{"line":140,"column":2},"end":{"line":172,"column":3}},"26":{"start":{"line":142,"column":4},"end":{"line":142,"column":28}},"27":{"start":{"line":145,"column":18},"end":{"line":147,"column":null}},"28":{"start":{"line":150,"column":4},"end":{"line":152,"column":5}},"29":{"start":{"line":151,"column":3},"end":{"line":151,"column":54}},"30":{"start":{"line":155,"column":4},"end":{"line":158,"column":6}},"31":{"start":{"line":161,"column":4},"end":{"line":164,"column":6}},"32":{"start":{"line":167,"column":4},"end":{"line":167,"column":29}},"33":{"start":{"line":170,"column":4},"end":{"line":170,"column":31}},"34":{"start":{"line":171,"column":4},"end":{"line":171,"column":16}},"35":{"start":{"line":176,"column":2},"end":{"line":221,"column":3}},"36":{"start":{"line":177,"column":4},"end":{"line":177,"column":28}},"37":{"start":{"line":180,"column":18},"end":{"line":182,"column":null}},"38":{"start":{"line":185,"column":4},"end":{"line":187,"column":5}},"39":{"start":{"line":186,"column":3},"end":{"line":186,"column":54}},"40":{"start":{"line":190,"column":4},"end":{"line":193,"column":6}},"41":{"start":{"line":195,"column":4},"end":{"line":208,"column":5}},"42":{"start":{"line":196,"column":3},"end":{"line":207,"column":5}},"43":{"start":{"line":210,"column":4},"end":{"line":210,"column":29}},"44":{"start":{"line":213,"column":4},"end":{"line":214,"column":21}},"45":{"start":{"line":215,"column":4},"end":{"line":216,"column":21}},"46":{"start":{"line":219,"column":4},"end":{"line":219,"column":31}},"47":{"start":{"line":220,"column":4},"end":{"line":220,"column":16}},"48":{"start":{"line":7,"column":0},"end":{"line":7,"column":13}}},"fnMap":{"0":{"name":"(anonymous_1)","decl":{"start":{"line":8,"column":1},"end":{"line":8,"column":7}},"loc":{"start":{"line":8,"column":66},"end":{"line":27,"column":2}}},"1":{"name":"(anonymous_2)","decl":{"start":{"line":29,"column":1},"end":{"line":29,"column":7}},"loc":{"start":{"line":29,"column":66},"end":{"line":53,"column":2}}},"2":{"name":"(anonymous_3)","decl":{"start":{"line":55,"column":1},"end":{"line":55,"column":7}},"loc":{"start":{"line":55,"column":41},"end":{"line":61,"column":2}}},"3":{"name":"(anonymous_4)","decl":{"start":{"line":63,"column":1},"end":{"line":63,"column":7}},"loc":{"start":{"line":63,"column":62},"end":{"line":79,"column":2}}},"4":{"name":"(anonymous_5)","decl":{"start":{"line":81,"column":1},"end":{"line":81,"column":7}},"loc":{"start":{"line":81,"column":65},"end":{"line":89,"column":2}}},"5":{"name":"(anonymous_6)","decl":{"start":{"line":91,"column":1},"end":{"line":91,"column":7}},"loc":{"start":{"line":91,"column":41},"end":{"line":100,"column":2}}},"6":{"name":"(anonymous_7)","decl":{"start":{"line":99,"column":25},"end":{"line":99,"column":28}},"loc":{"start":{"line":99,"column":32},"end":{"line":99,"column":40}}},"7":{"name":"(anonymous_8)","decl":{"start":{"line":102,"column":1},"end":{"line":102,"column":7}},"loc":{"start":{"line":102,"column":83},"end":{"line":126,"column":4}}},"8":{"name":"(anonymous_9)","decl":{"start":{"line":128,"column":1},"end":{"line":128,"column":7}},"loc":{"start":{"line":128,"column":38},"end":{"line":137,"column":2}}},"9":{"name":"(anonymous_10)","decl":{"start":{"line":139,"column":1},"end":{"line":139,"column":7}},"loc":{"start":{"line":139,"column":61},"end":{"line":173,"column":2}}},"10":{"name":"(anonymous_11)","decl":{"start":{"line":175,"column":1},"end":{"line":175,"column":7}},"loc":{"start":{"line":175,"column":57},"end":{"line":222,"column":2}}},"11":{"name":"(anonymous_12)","decl":{"start":{"line":214,"column":10},"end":{"line":214,"column":13}},"loc":{"start":{"line":214,"column":15},"end":{"line":214,"column":19}}},"12":{"name":"(anonymous_13)","decl":{"start":{"line":216,"column":10},"end":{"line":216,"column":13}},"loc":{"start":{"line":216,"column":15},"end":{"line":216,"column":19}}}},"branchMap":{"0":{"loc":{"start":{"line":60,"column":9},"end":{"line":60,"column":31}},"type":"binary-expr","locations":[{"start":{"line":60,"column":9},"end":{"line":60,"column":23}},{"start":{"line":60,"column":27},"end":{"line":60,"column":31}}]},"1":{"loc":{"start":{"line":102,"column":57},"end":{"line":102,"column":83}},"type":"default-arg","locations":[{"start":{"line":102,"column":78},"end":{"line":102,"column":83}}]},"2":{"loc":{"start":{"line":107,"column":4},"end":{"line":113,"column":5}},"type":"if","locations":[{"start":{"line":107,"column":4},"end":{"line":113,"column":5}}]},"3":{"loc":{"start":{"line":150,"column":4},"end":{"line":152,"column":5}},"type":"if","locations":[{"start":{"line":150,"column":4},"end":{"line":152,"column":5}}]},"4":{"loc":{"start":{"line":185,"column":4},"end":{"line":187,"column":5}},"type":"if","locations":[{"start":{"line":185,"column":4},"end":{"line":187,"column":5}}]},"5":{"loc":{"start":{"line":195,"column":4},"end":{"line":208,"column":5}},"type":"if","locations":[{"start":{"line":195,"column":4},"end":{"line":208,"column":5}}]}},"s":{"0":7,"1":7,"2":7,"3":2,"4":1,"5":1,"6":1,"7":2,"8":2,"9":1,"10":1,"11":1,"12":2,"13":2,"14":2,"15":0,"16":0,"17":0,"18":0,"19":0,"20":0,"21":0,"22":0,"23":0,"24":0,"25":2,"26":2,"27":2,"28":2,"29":1,"30":1,"31":1,"32":1,"33":1,"34":1,"35":3,"36":3,"37":3,"38":3,"39":1,"40":2,"41":2,"42":1,"43":2,"44":2,"45":2,"46":1,"47":1,"48":7},"f":{"0":2,"1":1,"2":2,"3":1,"4":1,"5":2,"6":2,"7":0,"8":0,"9":2,"10":3,"11":2,"12":2},"b":{"0":[2,1],"1":[0],"2":[0],"3":[1],"4":[1],"5":[1]}}
,"/Users/virginie/Applications/matcha/server/src/models/User.ts": {"path":"/Users/virginie/Applications/matcha/server/src/models/User.ts","statementMap":{"0":{"start":{"line":2,"column":0},"end":{"line":2,"column":40}},"1":{"start":{"line":4,"column":0},"end":{"line":4,"column":28}},"2":{"start":{"line":8,"column":27},"end":{"line":8,"column":58}},"3":{"start":{"line":10,"column":4},"end":{"line":28,"column":5}},"4":{"start":{"line":11,"column":21},"end":{"line":15,"column":null}},"5":{"start":{"line":18,"column":6},"end":{"line":18,"column":28}},"6":{"start":{"line":20,"column":18},"end":{"line":20,"column":40}},"7":{"start":{"line":21,"column":6},"end":{"line":23,"column":7}},"8":{"start":{"line":22,"column":8},"end":{"line":22,"column":51}},"9":{"start":{"line":24,"column":6},"end":{"line":26,"column":7}},"10":{"start":{"line":25,"column":8},"end":{"line":25,"column":48}},"11":{"start":{"line":27,"column":6},"end":{"line":27,"column":18}},"12":{"start":{"line":32,"column":19},"end":{"line":34,"column":null}},"13":{"start":{"line":36,"column":4},"end":{"line":36,"column":34}},"14":{"start":{"line":40,"column":19},"end":{"line":42,"column":null}},"15":{"start":{"line":45,"column":4},"end":{"line":45,"column":38}},"16":{"start":{"line":45,"column":25},"end":{"line":45,"column":38}},"17":{"start":{"line":46,"column":4},"end":{"line":46,"column":66}},"18":{"start":{"line":6,"column":0},"end":{"line":6,"column":13}}},"fnMap":{"0":{"name":"(anonymous_1)","decl":{"start":{"line":7,"column":2},"end":{"line":7,"column":8}},"loc":{"start":{"line":7,"column":71},"end":{"line":29,"column":3}}},"1":{"name":"(anonymous_2)","decl":{"start":{"line":31,"column":2},"end":{"line":31,"column":8}},"loc":{"start":{"line":31,"column":40},"end":{"line":37,"column":3}}},"2":{"name":"(anonymous_3)","decl":{"start":{"line":39,"column":2},"end":{"line":39,"column":8}},"loc":{"start":{"line":39,"column":61},"end":{"line":47,"column":3}}}},"branchMap":{"0":{"loc":{"start":{"line":21,"column":6},"end":{"line":23,"column":7}},"type":"if","locations":[{"start":{"line":21,"column":6},"end":{"line":23,"column":7}}]},"1":{"loc":{"start":{"line":24,"column":6},"end":{"line":26,"column":7}},"type":"if","locations":[{"start":{"line":24,"column":6},"end":{"line":26,"column":7}}]},"2":{"loc":{"start":{"line":36,"column":11},"end":{"line":36,"column":33}},"type":"binary-expr","locations":[{"start":{"line":36,"column":11},"end":{"line":36,"column":25}},{"start":{"line":36,"column":29},"end":{"line":36,"column":33}}]},"3":{"loc":{"start":{"line":45,"column":4},"end":{"line":45,"column":38}},"type":"if","locations":[{"start":{"line":45,"column":4},"end":{"line":45,"column":38}}]}},"s":{"0":6,"1":6,"2":3,"3":3,"4":3,"5":1,"6":2,"7":2,"8":1,"9":1,"10":1,"11":0,"12":2,"13":2,"14":3,"15":3,"16":1,"17":2,"18":6},"f":{"0":3,"1":2,"2":3},"b":{"0":[1],"1":[1],"2":[2,1],"3":[1]}}
,"/Users/virginie/Applications/matcha/server/src/routes/auth.ts": {"path":"/Users/virginie/Applications/matcha/server/src/routes/auth.ts","statementMap":{"0":{"start":{"line":2,"column":0},"end":{"line":2,"column":66}},"1":{"start":{"line":3,"column":0},"end":{"line":3,"column":53}},"2":{"start":{"line":5,"column":15},"end":{"line":5,"column":23}},"3":{"start":{"line":8,"column":24},"end":{"line":18,"column":1}},"4":{"start":{"line":13,"column":2},"end":{"line":17,"column":3}},"5":{"start":{"line":14,"column":4},"end":{"line":14,"column":44}},"6":{"start":{"line":16,"column":4},"end":{"line":16,"column":16}},"7":{"start":{"line":20,"column":21},"end":{"line":30,"column":1}},"8":{"start":{"line":25,"column":2},"end":{"line":29,"column":3}},"9":{"start":{"line":26,"column":4},"end":{"line":26,"column":41}},"10":{"start":{"line":28,"column":4},"end":{"line":28,"column":16}},"11":{"start":{"line":33,"column":0},"end":{"line":33,"column":42}},"12":{"start":{"line":34,"column":0},"end":{"line":34,"column":36}},"13":{"start":{"line":36,"column":0},"end":{"line":36,"column":22}}},"fnMap":{"0":{"name":"(anonymous_0)","decl":{"start":{"line":8,"column":24},"end":{"line":8,"column":29}},"loc":{"start":{"line":12,"column":4},"end":{"line":18,"column":1}}},"1":{"name":"(anonymous_1)","decl":{"start":{"line":20,"column":21},"end":{"line":20,"column":26}},"loc":{"start":{"line":24,"column":4},"end":{"line":30,"column":1}}}},"branchMap":{},"s":{"0":4,"1":4,"2":4,"3":4,"4":3,"5":3,"6":2,"7":4,"8":2,"9":2,"10":1,"11":4,"12":4,"13":4},"f":{"0":3,"1":2},"b":{}}
,"/Users/virginie/Applications/matcha/server/src/routes/profile.ts": {"path":"/Users/virginie/Applications/matcha/server/src/routes/profile.ts","statementMap":{"0":{"start":{"line":1,"column":0},"end":{"line":1,"column":66}},"1":{"start":{"line":2,"column":0},"end":{"line":2,"column":74}},"2":{"start":{"line":3,"column":0},"end":{"line":3,"column":48}},"3":{"start":{"line":4,"column":0},"end":{"line":4,"column":55}},"4":{"start":{"line":5,"column":0},"end":{"line":5,"column":52}},"5":{"start":{"line":7,"column":15},"end":{"line":7,"column":23}},"6":{"start":{"line":10,"column":26},"end":{"line":20,"column":1}},"7":{"start":{"line":15,"column":2},"end":{"line":19,"column":3}},"8":{"start":{"line":16,"column":4},"end":{"line":16,"column":66}},"9":{"start":{"line":18,"column":4},"end":{"line":18,"column":16}},"10":{"start":{"line":22,"column":29},"end":{"line":32,"column":1}},"11":{"start":{"line":27,"column":2},"end":{"line":31,"column":3}},"12":{"start":{"line":28,"column":4},"end":{"line":28,"column":69}},"13":{"start":{"line":30,"column":4},"end":{"line":30,"column":16}},"14":{"start":{"line":35,"column":0},"end":{"line":35,"column":51}},"15":{"start":{"line":36,"column":0},"end":{"line":36,"column":54}},"16":{"start":{"line":38,"column":0},"end":{"line":43,"column":2}},"17":{"start":{"line":45,"column":0},"end":{"line":49,"column":2}},"18":{"start":{"line":51,"column":0},"end":{"line":55,"column":2}},"19":{"start":{"line":57,"column":0},"end":{"line":57,"column":22}}},"fnMap":{"0":{"name":"(anonymous_0)","decl":{"start":{"line":10,"column":26},"end":{"line":10,"column":31}},"loc":{"start":{"line":14,"column":19},"end":{"line":20,"column":1}}},"1":{"name":"(anonymous_1)","decl":{"start":{"line":22,"column":29},"end":{"line":22,"column":34}},"loc":{"start":{"line":26,"column":19},"end":{"line":32,"column":1}}}},"branchMap":{},"s":{"0":3,"1":3,"2":3,"3":3,"4":3,"5":3,"6":3,"7":4,"8":4,"9":1,"10":3,"11":2,"12":2,"13":0,"14":3,"15":3,"16":3,"17":3,"18":3,"19":3},"f":{"0":4,"1":2},"b":{}}
,"/Users/virginie/Applications/matcha/server/src/services/email.ts": {"path":"/Users/virginie/Applications/matcha/server/src/services/email.ts","statementMap":{"0":{"start":{"line":2,"column":0},"end":{"line":2,"column":36}},"1":{"start":{"line":4,"column":29},"end":{"line":7,"column":1}},"2":{"start":{"line":5,"column":21},"end":{"line":5,"column":49}},"3":{"start":{"line":6,"column":2},"end":{"line":6,"column":32}},"4":{"start":{"line":4,"column":13},"end":{"line":4,"column":29}},"5":{"start":{"line":9,"column":37},"end":{"line":54,"column":1}},"6":{"start":{"line":10,"column":2},"end":{"line":12,"column":3}},"7":{"start":{"line":11,"column":4},"end":{"line":11,"column":45}},"8":{"start":{"line":14,"column":2},"end":{"line":16,"column":3}},"9":{"start":{"line":15,"column":4},"end":{"line":15,"column":41}},"10":{"start":{"line":18,"column":2},"end":{"line":20,"column":3}},"11":{"start":{"line":19,"column":4},"end":{"line":19,"column":62}},"12":{"start":{"line":22,"column":22},"end":{"line":30,"column":4}},"13":{"start":{"line":32,"column":26},"end":{"line":32,"column":81}},"14":{"start":{"line":34,"column":22},"end":{"line":45,"column":4}},"15":{"start":{"line":47,"column":2},"end":{"line":53,"column":3}},"16":{"start":{"line":48,"column":19},"end":{"line":48,"column":58}},"17":{"start":{"line":49,"column":4},"end":{"line":49,"column":18}},"18":{"start":{"line":51,"column":4},"end":{"line":51,"column":62}},"19":{"start":{"line":52,"column":4},"end":{"line":52,"column":57}},"20":{"start":{"line":9,"column":13},"end":{"line":9,"column":37}}},"fnMap":{"0":{"name":"(anonymous_1)","decl":{"start":{"line":4,"column":29},"end":{"line":4,"column":30}},"loc":{"start":{"line":4,"column":56},"end":{"line":7,"column":1}}},"1":{"name":"(anonymous_2)","decl":{"start":{"line":9,"column":37},"end":{"line":9,"column":42}},"loc":{"start":{"line":9,"column":76},"end":{"line":54,"column":1}}}},"branchMap":{"0":{"loc":{"start":{"line":10,"column":2},"end":{"line":12,"column":3}},"type":"if","locations":[{"start":{"line":10,"column":2},"end":{"line":12,"column":3}}]},"1":{"loc":{"start":{"line":10,"column":6},"end":{"line":10,"column":37}},"type":"binary-expr","locations":[{"start":{"line":10,"column":6},"end":{"line":10,"column":12}},{"start":{"line":10,"column":16},"end":{"line":10,"column":37}}]},"2":{"loc":{"start":{"line":14,"column":2},"end":{"line":16,"column":3}},"type":"if","locations":[{"start":{"line":14,"column":2},"end":{"line":16,"column":3}}]},"3":{"loc":{"start":{"line":18,"column":2},"end":{"line":20,"column":3}},"type":"if","locations":[{"start":{"line":18,"column":2},"end":{"line":20,"column":3}}]},"4":{"loc":{"start":{"line":18,"column":6},"end":{"line":18,"column":55}},"type":"binary-expr","locations":[{"start":{"line":18,"column":6},"end":{"line":18,"column":28}},{"start":{"line":18,"column":32},"end":{"line":18,"column":55}}]},"5":{"loc":{"start":{"line":24,"column":19},"end":{"line":24,"column":49}},"type":"binary-expr","locations":[{"start":{"line":24,"column":19},"end":{"line":24,"column":40}},{"start":{"line":24,"column":44},"end":{"line":24,"column":49}}]}},"s":{"0":6,"1":6,"2":8,"3":8,"4":6,"5":6,"6":8,"7":1,"8":7,"9":2,"10":5,"11":1,"12":4,"13":4,"14":4,"15":4,"16":4,"17":3,"18":1,"19":1,"20":6},"f":{"0":8,"1":8},"b":{"0":[1],"1":[8,8],"2":[2],"3":[1],"4":[5,4],"5":[4,0]}}
,"/Users/virginie/Applications/matcha/server/src/services/photo.ts": {"path":"/Users/virginie/Applications/matcha/server/src/services/photo.ts","statementMap":{"0":{"start":{"line":2,"column":0},"end":{"line":2,"column":26}},"1":{"start":{"line":3,"column":0},"end":{"line":3,"column":24}},"2":{"start":{"line":4,"column":0},"end":{"line":4,"column":29}},"3":{"start":{"line":5,"column":0},"end":{"line":5,"column":49}},"4":{"start":{"line":13,"column":2},"end":{"line":63,"column":3}},"5":{"start":{"line":15,"column":21},"end":{"line":15,"column":68}},"6":{"start":{"line":16,"column":3},"end":{"line":16,"column":50}},"7":{"start":{"line":19,"column":20},"end":{"line":19,"column":50}},"8":{"start":{"line":20,"column":29},"end":{"line":20,"column":56}},"9":{"start":{"line":21,"column":29},"end":{"line":21,"column":52}},"10":{"start":{"line":24,"column":3},"end":{"line":30,"column":53}},"11":{"start":{"line":33,"column":3},"end":{"line":38,"column":53}},"12":{"start":{"line":41,"column":3},"end":{"line":41,"column":30}},"13":{"start":{"line":44,"column":3},"end":{"line":44,"column":69}},"14":{"start":{"line":47,"column":18},"end":{"line":47,"column":54}},"15":{"start":{"line":48,"column":3},"end":{"line":50,"column":4}},"16":{"start":{"line":49,"column":4},"end":{"line":49,"column":60}},"17":{"start":{"line":51,"column":3},"end":{"line":51,"column":69}},"18":{"start":{"line":53,"column":3},"end":{"line":56,"column":5}},"19":{"start":{"line":59,"column":3},"end":{"line":61,"column":4}},"20":{"start":{"line":60,"column":4},"end":{"line":60,"column":48}},"21":{"start":{"line":62,"column":3},"end":{"line":62,"column":15}},"22":{"start":{"line":66,"column":2},"end":{"line":91,"column":3}},"23":{"start":{"line":68,"column":17},"end":{"line":68,"column":53}},"24":{"start":{"line":69,"column":25},"end":{"line":69,"column":60}},"25":{"start":{"line":69,"column":43},"end":{"line":69,"column":59}},"26":{"start":{"line":71,"column":3},"end":{"line":73,"column":4}},"27":{"start":{"line":72,"column":4},"end":{"line":72,"column":55}},"28":{"start":{"line":76,"column":3},"end":{"line":76,"column":51}},"29":{"start":{"line":79,"column":21},"end":{"line":79,"column":68}},"30":{"start":{"line":80,"column":25},"end":{"line":80,"column":70}},"31":{"start":{"line":81,"column":25},"end":{"line":81,"column":102}},"32":{"start":{"line":83,"column":3},"end":{"line":83,"column":51}},"33":{"start":{"line":84,"column":3},"end":{"line":84,"column":51}},"34":{"start":{"line":86,"column":3},"end":{"line":90,"column":4}},"35":{"start":{"line":87,"column":4},"end":{"line":87,"column":64}},"36":{"start":{"line":89,"column":4},"end":{"line":89,"column":46}},"37":{"start":{"line":7,"column":0},"end":{"line":7,"column":13}}},"fnMap":{"0":{"name":"(anonymous_1)","decl":{"start":{"line":8,"column":1},"end":{"line":8,"column":7}},"loc":{"start":{"line":11,"column":28},"end":{"line":64,"column":2}}},"1":{"name":"(anonymous_2)","decl":{"start":{"line":60,"column":37},"end":{"line":60,"column":40}},"loc":{"start":{"line":60,"column":42},"end":{"line":60,"column":46}}},"2":{"name":"(anonymous_3)","decl":{"start":{"line":65,"column":1},"end":{"line":65,"column":7}},"loc":{"start":{"line":65,"column":57},"end":{"line":92,"column":2}}},"3":{"name":"(anonymous_4)","decl":{"start":{"line":69,"column":36},"end":{"line":69,"column":37}},"loc":{"start":{"line":69,"column":43},"end":{"line":69,"column":59}}},"4":{"name":"(anonymous_5)","decl":{"start":{"line":83,"column":40},"end":{"line":83,"column":43}},"loc":{"start":{"line":83,"column":45},"end":{"line":83,"column":49}}},"5":{"name":"(anonymous_6)","decl":{"start":{"line":84,"column":40},"end":{"line":84,"column":43}},"loc":{"start":{"line":84,"column":45},"end":{"line":84,"column":49}}}},"branchMap":{"0":{"loc":{"start":{"line":11,"column":2},"end":{"line":11,"column":28}},"type":"default-arg","locations":[{"start":{"line":11,"column":23},"end":{"line":11,"column":28}}]},"1":{"loc":{"start":{"line":48,"column":3},"end":{"line":50,"column":4}},"type":"if","locations":[{"start":{"line":48,"column":3},"end":{"line":50,"column":4}}]},"2":{"loc":{"start":{"line":59,"column":3},"end":{"line":61,"column":4}},"type":"if","locations":[{"start":{"line":59,"column":3},"end":{"line":61,"column":4}}]},"3":{"loc":{"start":{"line":71,"column":3},"end":{"line":73,"column":4}},"type":"if","locations":[{"start":{"line":71,"column":3},"end":{"line":73,"column":4}}]},"4":{"loc":{"start":{"line":86,"column":3},"end":{"line":90,"column":4}},"type":"if","locations":[{"start":{"line":86,"column":3},"end":{"line":90,"column":4}},{"start":{"line":88,"column":10},"end":{"line":90,"column":4}}]}},"s":{"0":4,"1":4,"2":4,"3":4,"4":0,"5":0,"6":0,"7":0,"8":0,"9":0,"10":0,"11":0,"12":0,"13":0,"14":0,"15":0,"16":0,"17":0,"18":0,"19":0,"20":0,"21":0,"22":0,"23":0,"24":0,"25":0,"26":0,"27":0,"28":0,"29":0,"30":0,"31":0,"32":0,"33":0,"34":0,"35":0,"36":0,"37":4},"f":{"0":0,"1":0,"2":0,"3":0,"4":0,"5":0},"b":{"0":[0],"1":[0],"2":[0],"3":[0],"4":[0,0]}}
,"/Users/virginie/Applications/matcha/server/src/types/sharp.d.ts": {"path":"/Users/virginie/Applications/matcha/server/src/types/sharp.d.ts","statementMap":{},"fnMap":{},"branchMap":{},"s":{},"f":{},"b":{}}
,"/Users/virginie/Applications/matcha/server/src/utils/validators.ts": {"path":"/Users/virginie/Applications/matcha/server/src/utils/validators.ts","statementMap":{"0":{"start":{"line":2,"column":0},"end":{"line":2,"column":24}},"1":{"start":{"line":4,"column":13},"end":{"line":25,"column":3}},"2":{"start":{"line":22,"column":20},"end":{"line":22,"column":58}},"3":{"start":{"line":27,"column":13},"end":{"line":30,"column":3}},"4":{"start":{"line":32,"column":13},"end":{"line":49,"column":3}},"5":{"start":{"line":43,"column":21},"end":{"line":43,"column":35}},"6":{"start":{"line":44,"column":16},"end":{"line":44,"column":66}},"7":{"start":{"line":45,"column":3},"end":{"line":45,"column":20}}},"fnMap":{"0":{"name":"(anonymous_0)","decl":{"start":{"line":22,"column":10},"end":{"line":22,"column":11}},"loc":{"start":{"line":22,"column":20},"end":{"line":22,"column":58}}},"1":{"name":"(anonymous_1)","decl":{"start":{"line":42,"column":10},"end":{"line":42,"column":11}},"loc":{"start":{"line":42,"column":19},"end":{"line":46,"column":3}}}},"branchMap":{},"s":{"0":9,"1":9,"2":26,"3":9,"4":9,"5":0,"6":0,"7":0},"f":{"0":26,"1":0},"b":{}}
}
