TN:
SF:src/app.ts
FN:46,(anonymous_1)
FN:50,(anonymous_2)
FN:55,(anonymous_3)
FN:64,(anonymous_4)
FN:71,(anonymous_5)
FN:86,(anonymous_6)
FNF:6
FNH:4
FNDA:1,(anonymous_1)
FNDA:1,(anonymous_2)
FNDA:3,(anonymous_3)
FNDA:5,(anonymous_4)
FNDA:0,(anonymous_5)
FNDA:0,(anonymous_6)
DA:2,2
DA:3,2
DA:4,2
DA:5,2
DA:6,2
DA:7,2
DA:8,2
DA:9,2
DA:10,2
DA:11,2
DA:12,2
DA:15,2
DA:18,2
DA:19,2
DA:22,2
DA:25,2
DA:30,2
DA:31,2
DA:32,2
DA:37,2
DA:38,2
DA:39,2
DA:42,2
DA:43,2
DA:46,2
DA:47,1
DA:50,2
DA:51,1
DA:55,2
DA:56,3
DA:64,2
DA:65,5
DA:66,5
DA:71,2
DA:72,0
DA:74,0
DA:75,0
DA:76,0
DA:77,0
DA:79,0
DA:84,2
DA:85,0
DA:86,0
DA:87,0
DA:91,2
LF:45
LH:36
BRDA:66,0,0,5
BRDA:66,0,1,5
BRDA:67,1,0,5
BRDA:67,1,1,1
BRDA:74,2,0,0
BRDA:74,2,1,0
BRDA:76,3,0,0
BRDA:76,3,1,0
BRDA:77,4,0,0
BRDA:77,4,1,0
BRDA:84,5,0,0
BRDA:85,6,0,0
BRDA:85,6,1,0
BRF:13
BRH:4
end_of_record
TN:
SF:src/config/database.ts
FN:15,(anonymous_1)
FN:21,(anonymous_2)
FN:34,(anonymous_3)
FNF:3
FNH:2
FNDA:0,(anonymous_1)
FNDA:3,(anonymous_2)
FNDA:3,(anonymous_3)
DA:2,17
DA:3,17
DA:5,17
DA:7,17
DA:8,0
DA:11,17
DA:15,17
DA:16,0
DA:17,0
DA:20,17
DA:25,3
DA:26,3
DA:28,1
DA:29,1
DA:34,17
DA:35,3
DA:36,3
DA:37,2
DA:39,1
DA:40,1
LF:20
LH:17
BRDA:7,0,0,0
BRF:1
BRH:0
end_of_record
TN:
SF:src/config/upload.ts
FN:7,(anonymous_1)
FN:10,(anonymous_2)
FN:16,(anonymous_3)
FNF:3
FNH:3
FNDA:3,(anonymous_1)
FNDA:3,(anonymous_2)
FNDA:4,(anonymous_3)
DA:2,3
DA:3,3
DA:4,3
DA:6,3
DA:8,3
DA:11,3
DA:12,3
DA:16,3
DA:17,4
DA:19,4
DA:20,1
DA:21,1
DA:24,3
DA:27,3
LF:14
LH:14
BRDA:19,0,0,1
BRF:1
BRH:1
end_of_record
TN:
SF:src/controllers/auth.ts
FN:9,(anonymous_1)
FN:51,(anonymous_2)
FNF:2
FNH:2
FNDA:7,(anonymous_1)
FNDA:7,(anonymous_2)
DA:3,3
DA:4,3
DA:5,3
DA:6,3
DA:8,3
DA:10,7
DA:11,7
DA:13,6
DA:19,5
DA:25,3
DA:27,1
DA:36,6
DA:37,5
DA:38,2
DA:39,3
DA:40,2
DA:42,1
DA:45,1
DA:52,7
DA:53,7
DA:55,7
DA:56,5
DA:57,1
DA:58,1
DA:61,4
DA:65,3
DA:66,1
DA:67,1
DA:70,2
DA:71,1
DA:72,1
DA:75,1
DA:81,1
DA:91,3
DA:92,2
DA:93,1
DA:94,1
DA:95,1
DA:97,0
DA:100,1
LF:40
LH:39
BRDA:36,0,0,5
BRDA:36,0,1,1
BRDA:37,1,0,2
BRDA:37,1,1,3
BRDA:39,2,0,2
BRDA:39,2,1,1
BRDA:56,3,0,1
BRDA:65,4,0,1
BRDA:70,5,0,1
BRDA:91,6,0,2
BRDA:91,6,1,1
BRDA:92,7,0,1
BRDA:92,7,1,1
BRDA:94,8,0,1
BRDA:94,8,1,0
BRF:15
BRH:14
end_of_record
TN:
SF:src/controllers/chat.ts
FN:6,(anonymous_0)
FN:8,(anonymous_1)
FN:22,(anonymous_2)
FN:33,(anonymous_3)
FNF:4
FNH:4
FNDA:6,(anonymous_0)
FNDA:2,(anonymous_1)
FNDA:2,(anonymous_2)
FNDA:2,(anonymous_3)
DA:5,1
DA:6,6
DA:9,2
DA:10,2
DA:11,2
DA:15,1
DA:17,1
DA:18,1
DA:23,2
DA:24,2
DA:25,2
DA:26,1
DA:28,1
DA:29,1
DA:34,2
DA:35,2
DA:36,2
DA:37,1
DA:39,1
DA:40,1
LF:20
LH:20
BRF:0
BRH:0
end_of_record
TN:
SF:src/controllers/notifications.ts
FN:6,(anonymous_0)
FN:8,(anonymous_1)
FN:19,(anonymous_2)
FN:30,(anonymous_3)
FN:44,(anonymous_4)
FN:58,(anonymous_5)
FN:72,(anonymous_6)
FNF:7
FNH:7
FNDA:12,(anonymous_0)
FNDA:2,(anonymous_1)
FNDA:2,(anonymous_2)
FNDA:2,(anonymous_3)
FNDA:2,(anonymous_4)
FNDA:2,(anonymous_5)
FNDA:2,(anonymous_6)
DA:5,2
DA:6,12
DA:9,2
DA:10,2
DA:11,2
DA:12,1
DA:14,1
DA:15,1
DA:20,2
DA:21,2
DA:22,2
DA:23,1
DA:25,1
DA:26,1
DA:31,2
DA:32,2
DA:33,2
DA:37,1
DA:39,1
DA:40,1
DA:45,2
DA:46,2
DA:47,2
DA:51,1
DA:53,1
DA:54,1
DA:59,2
DA:60,2
DA:61,2
DA:65,1
DA:67,1
DA:68,1
DA:73,2
DA:74,2
DA:75,2
DA:79,1
DA:81,1
DA:82,1
LF:38
LH:38
BRF:0
BRH:0
end_of_record
TN:
SF:src/controllers/photo.ts
FN:15,(anonymous_0)
FN:57,(anonymous_1)
FN:87,(anonymous_2)
FN:117,(anonymous_3)
FNF:4
FNH:4
FNDA:6,(anonymous_0)
FNDA:5,(anonymous_1)
FNDA:6,(anonymous_2)
FNDA:4,(anonymous_3)
DA:4,3
DA:5,3
DA:6,3
DA:14,3
DA:16,6
DA:17,6
DA:18,1
DA:19,1
DA:22,5
DA:23,5
DA:24,1
DA:25,1
DA:28,4
DA:29,4
DA:30,1
DA:31,1
DA:34,3
DA:36,3
DA:42,1
DA:44,1
DA:49,2
DA:50,1
DA:52,1
DA:58,5
DA:59,5
DA:60,5
DA:62,5
DA:63,1
DA:64,1
DA:67,4
DA:68,1
DA:69,1
DA:72,3
DA:73,2
DA:75,1
DA:79,2
DA:80,2
DA:82,0
DA:88,6
DA:89,6
DA:90,6
DA:92,6
DA:93,1
DA:94,1
DA:97,5
DA:98,1
DA:99,1
DA:102,4
DA:103,3
DA:105,2
DA:109,2
DA:110,2
DA:112,0
DA:118,4
DA:119,4
DA:120,4
DA:121,1
DA:122,1
DA:125,3
DA:126,1
DA:128,2
DA:129,1
DA:131,1
LF:63
LH:61
BRDA:17,0,0,1
BRDA:23,1,0,1
BRDA:29,2,0,1
BRDA:49,3,0,1
BRDA:49,3,1,1
BRDA:62,4,0,1
BRDA:67,5,0,1
BRDA:79,6,0,2
BRDA:79,6,1,0
BRDA:92,7,0,1
BRDA:97,8,0,1
BRDA:109,9,0,2
BRDA:109,9,1,0
BRDA:120,10,0,1
BRDA:128,11,0,1
BRDA:128,11,1,1
BRF:16
BRH:14
end_of_record
TN:
SF:src/controllers/profile.ts
FN:14,(anonymous_0)
FN:72,(anonymous_1)
FNF:2
FNH:2
FNDA:4,(anonymous_0)
FNDA:4,(anonymous_1)
DA:3,3
DA:4,3
DA:13,3
DA:15,4
DA:16,4
DA:17,3
DA:19,3
DA:20,1
DA:21,1
DA:24,2
DA:25,2
DA:26,1
DA:31,1
DA:38,2
DA:39,2
DA:42,2
DA:43,1
DA:44,0
DA:49,2
DA:50,4
DA:51,3
DA:55,2
DA:57,2
DA:64,1
DA:65,1
DA:66,1
DA:68,0
DA:73,4
DA:74,4
DA:76,4
DA:77,1
DA:78,1
DA:81,3
DA:82,2
DA:83,1
DA:84,1
DA:87,1
DA:89,1
DA:96,1
DA:101,3
LF:40
LH:38
BRDA:19,0,0,1
BRDA:25,1,0,1
BRDA:25,1,1,1
BRDA:39,2,0,2
BRDA:39,2,1,0
BRDA:43,3,0,0
BRDA:50,4,0,3
BRDA:64,5,0,1
BRDA:76,6,0,1
BRDA:82,7,0,1
BRF:10
BRH:8
end_of_record
TN:
SF:src/middleware/auth.ts
FN:8,(anonymous_1)
FN:25,(anonymous_2)
FNF:2
FNH:2
FNDA:3,(anonymous_1)
FNDA:3,(anonymous_2)
DA:2,3
DA:8,3
DA:9,3
DA:11,3
DA:12,1
DA:13,1
DA:16,2
DA:17,2
DA:18,1
DA:19,1
DA:21,1
DA:25,3
DA:26,3
DA:28,3
DA:29,3
DA:30,2
DA:31,1
DA:37,3
LF:18
LH:18
BRDA:11,0,0,1
BRDA:29,1,0,2
BRF:2
BRH:2
end_of_record
TN:
SF:src/middleware/security.ts
FN:6,(anonymous_1)
FN:17,(anonymous_2)
FN:32,(anonymous_3)
FNF:3
FNH:3
FNDA:8,(anonymous_1)
FNDA:2,(anonymous_2)
FNDA:1,(anonymous_3)
DA:1,3
DA:2,3
DA:3,3
DA:6,3
DA:7,8
DA:8,8
DA:9,8
DA:12,8
DA:18,2
DA:24,8
DA:27,8
DA:33,1
DA:39,8
LF:13
LH:13
BRF:0
BRH:0
end_of_record
TN:
SF:src/middleware/validation.ts
FN:5,(anonymous_0)
FN:6,(anonymous_1)
FN:19,(anonymous_2)
FNF:3
FNH:3
FNDA:6,(anonymous_0)
FNDA:2,(anonymous_1)
FNDA:2,(anonymous_2)
DA:5,3
DA:6,6
DA:7,2
DA:8,2
DA:9,1
DA:11,1
DA:19,3
DA:20,2
DA:21,1
DA:25,1
DA:27,1
DA:28,1
LF:12
LH:12
BRDA:13,0,0,1
BRDA:13,0,1,0
BRDA:20,1,0,1
BRF:3
BRH:2
end_of_record
TN:
SF:src/models/Profile.ts
FN:8,(anonymous_1)
FN:29,(anonymous_2)
FN:55,(anonymous_3)
FN:63,(anonymous_4)
FN:81,(anonymous_5)
FN:91,(anonymous_6)
FN:99,(anonymous_7)
FN:102,(anonymous_8)
FN:128,(anonymous_9)
FN:139,(anonymous_10)
FN:175,(anonymous_11)
FN:214,(anonymous_12)
FN:216,(anonymous_13)
FNF:13
FNH:11
FNDA:2,(anonymous_1)
FNDA:1,(anonymous_2)
FNDA:2,(anonymous_3)
FNDA:1,(anonymous_4)
FNDA:1,(anonymous_5)
FNDA:2,(anonymous_6)
FNDA:2,(anonymous_7)
FNDA:0,(anonymous_8)
FNDA:0,(anonymous_9)
FNDA:2,(anonymous_10)
FNDA:3,(anonymous_11)
FNDA:2,(anonymous_12)
FNDA:2,(anonymous_13)
DA:2,6
DA:4,6
DA:5,6
DA:7,6
DA:9,2
DA:26,1
DA:30,1
DA:52,1
DA:56,2
DA:60,2
DA:65,1
DA:73,1
DA:82,1
DA:92,2
DA:99,2
DA:103,0
DA:105,0
DA:107,0
DA:109,0
DA:115,0
DA:121,0
DA:123,0
DA:124,0
DA:129,0
DA:136,0
DA:140,2
DA:142,2
DA:145,2
DA:150,2
DA:151,1
DA:155,1
DA:161,1
DA:167,1
DA:170,1
DA:171,1
DA:176,3
DA:177,3
DA:180,3
DA:185,3
DA:186,1
DA:190,2
DA:195,2
DA:196,1
DA:210,2
DA:213,2
DA:215,2
DA:219,1
DA:220,1
LF:48
LH:38
BRDA:60,0,0,2
BRDA:60,0,1,1
BRDA:102,1,0,0
BRDA:107,2,0,0
BRDA:150,3,0,1
BRDA:185,4,0,1
BRDA:195,5,0,1
BRF:7
BRH:5
end_of_record
TN:
SF:src/models/User.ts
FN:9,(anonymous_1)
FN:33,(anonymous_2)
FN:41,(anonymous_3)
FN:51,(anonymous_4)
FNF:4
FNH:3
FNDA:3,(anonymous_1)
FNDA:2,(anonymous_2)
FNDA:3,(anonymous_3)
FNDA:0,(anonymous_4)
DA:2,4
DA:4,4
DA:6,4
DA:7,4
DA:10,3
DA:12,3
DA:13,3
DA:20,1
DA:22,2
DA:23,2
DA:24,1
DA:26,1
DA:27,1
DA:29,0
DA:34,2
DA:38,2
DA:42,3
DA:46,3
DA:48,2
DA:52,0
DA:53,0
LF:21
LH:18
BRDA:23,0,0,1
BRDA:26,1,0,1
BRDA:38,2,0,2
BRDA:38,2,1,1
BRDA:46,3,0,1
BRF:5
BRH:5
end_of_record
TN:
SF:src/routes/auth.ts
FN:8,(anonymous_0)
FN:17,(anonymous_1)
FN:29,(anonymous_2)
FNF:3
FNH:2
FNDA:0,(anonymous_0)
FNDA:2,(anonymous_1)
FNDA:2,(anonymous_2)
DA:1,3
DA:2,3
DA:3,3
DA:4,3
DA:6,3
DA:8,3
DA:9,0
DA:10,0
DA:12,0
DA:13,0
DA:17,3
DA:18,2
DA:19,2
DA:21,1
DA:22,1
DA:26,3
DA:30,2
DA:31,2
DA:33,1
DA:38,3
DA:43,3
LF:21
LH:17
BRF:0
BRH:0
end_of_record
TN:
SF:src/routes/notifications.ts
FNF:0
FNH:0
DA:2,1
DA:3,1
DA:4,1
DA:6,1
DA:9,1
DA:11,1
DA:12,1
DA:13,1
DA:15,1
DA:16,1
DA:17,1
DA:18,1
DA:19,1
DA:20,1
DA:22,1
LF:15
LH:15
BRF:0
BRH:0
end_of_record
TN:
SF:src/routes/profile.ts
FN:10,(anonymous_0)
FN:22,(anonymous_1)
FN:41,(anonymous_2)
FN:42,(anonymous_3)
FNF:4
FNH:4
FNDA:2,(anonymous_0)
FNDA:3,(anonymous_1)
FNDA:7,(anonymous_2)
FNDA:7,(anonymous_3)
DA:1,2
DA:2,2
DA:3,2
DA:4,2
DA:5,2
DA:7,2
DA:10,2
DA:15,2
DA:16,2
DA:18,0
DA:22,2
DA:27,3
DA:28,3
DA:30,1
DA:35,2
DA:36,2
DA:38,2
DA:42,7
DA:43,7
DA:45,4
DA:46,1
DA:48,3
DA:49,1
DA:52,2
DA:53,1
DA:56,1
DA:58,3
DA:65,2
DA:71,2
DA:77,2
LF:30
LH:29
BRDA:43,0,0,4
BRDA:45,1,0,1
BRDA:48,2,0,1
BRDA:52,3,0,1
BRF:4
BRH:4
end_of_record
TN:
SF:src/services/chat.ts
FN:34,(anonymous_0)
FN:45,(anonymous_1)
FN:46,(anonymous_2)
FN:47,(anonymous_3)
FN:51,(anonymous_4)
FN:60,(anonymous_5)
FN:64,(anonymous_6)
FN:75,(anonymous_7)
FN:95,(anonymous_8)
FN:101,(anonymous_9)
FN:115,(anonymous_10)
FN:126,(anonymous_11)
FN:141,(anonymous_12)
FN:148,(anonymous_13)
FN:156,(anonymous_14)
FNF:15
FNH:15
FNDA:31,(anonymous_0)
FNDA:31,(anonymous_1)
FNDA:8,(anonymous_2)
FNDA:1,(anonymous_3)
FNDA:3,(anonymous_4)
FNDA:1,(anonymous_5)
FNDA:2,(anonymous_6)
FNDA:3,(anonymous_7)
FNDA:2,(anonymous_8)
FNDA:3,(anonymous_9)
FNDA:2,(anonymous_10)
FNDA:6,(anonymous_11)
FNDA:4,(anonymous_12)
FNDA:4,(anonymous_13)
FNDA:3,(anonymous_14)
DA:1,4
DA:3,4
DA:30,4
DA:32,4
DA:35,31
DA:42,31
DA:46,31
DA:47,8
DA:48,1
DA:51,8
DA:52,3
DA:53,3
DA:55,1
DA:56,1
DA:60,8
DA:61,1
DA:64,8
DA:65,2
DA:66,2
DA:68,1
DA:69,1
DA:76,3
DA:77,2
DA:78,1
DA:79,1
DA:82,1
DA:84,1
DA:89,1
DA:91,1
DA:92,1
DA:96,2
DA:97,1
DA:98,1
DA:102,3
DA:108,2
DA:109,0
DA:112,2
DA:116,2
DA:123,1
DA:127,6
DA:138,4
DA:142,4
DA:149,4
DA:153,3
DA:157,3
DA:159,3
DA:160,3
DA:162,2
DA:163,2
DA:164,0
DA:167,1
DA:168,1
LF:52
LH:50
BRDA:77,0,0,1
BRDA:108,1,0,0
BRDA:138,2,0,4
BRDA:138,2,1,0
BRDA:163,3,0,0
BRF:5
BRH:2
end_of_record
TN:
SF:src/services/email.ts
FN:4,(anonymous_1)
FN:9,(anonymous_2)
FNF:2
FNH:2
FNDA:8,(anonymous_1)
FNDA:8,(anonymous_2)
DA:2,4
DA:4,4
DA:5,8
DA:6,8
DA:9,4
DA:10,8
DA:11,1
DA:14,7
DA:15,2
DA:18,5
DA:19,1
DA:22,4
DA:32,4
DA:34,4
DA:47,4
DA:48,4
DA:49,3
DA:51,1
DA:52,1
LF:19
LH:19
BRDA:10,0,0,1
BRDA:10,1,0,8
BRDA:10,1,1,8
BRDA:14,2,0,2
BRDA:18,3,0,1
BRDA:18,4,0,5
BRDA:18,4,1,4
BRDA:24,5,0,4
BRDA:24,5,1,0
BRF:9
BRH:8
end_of_record
TN:
SF:src/services/fameRating.ts
FN:8,(anonymous_0)
FN:44,(anonymous_1)
FN:79,(anonymous_2)
FN:88,(anonymous_3)
FNF:4
FNH:4
FNDA:2,(anonymous_0)
FNDA:2,(anonymous_1)
FNDA:2,(anonymous_2)
FNDA:3,(anonymous_3)
DA:1,3
DA:3,3
DA:4,3
DA:5,3
DA:9,2
DA:10,2
DA:12,1
DA:15,1
DA:18,1
DA:21,1
DA:24,1
DA:27,1
DA:30,1
DA:33,1
DA:34,1
DA:37,1
DA:39,1
DA:40,1
DA:45,2
DA:67,2
DA:80,2
DA:81,1
DA:89,3
DA:93,2
LF:24
LH:24
BRDA:18,0,0,1
BRDA:18,0,1,0
BRDA:27,1,0,1
BRDA:27,1,1,0
BRDA:33,2,0,1
BRDA:33,3,0,1
BRDA:33,3,1,1
BRDA:68,4,0,2
BRDA:68,4,1,1
BRDA:69,5,0,2
BRDA:69,5,1,1
BRDA:70,6,0,2
BRDA:70,6,1,1
BRDA:71,7,0,2
BRDA:71,7,1,1
BRDA:72,8,0,2
BRDA:72,8,1,1
BRDA:74,9,0,2
BRDA:74,9,1,1
BRDA:93,10,0,2
BRDA:93,10,1,1
BRF:21
BRH:19
end_of_record
TN:
SF:src/services/matching.ts
FN:34,(anonymous_0)
FN:68,(anonymous_1)
FN:84,(anonymous_2)
FN:91,(anonymous_3)
FN:93,(anonymous_4)
FN:102,(anonymous_5)
FN:117,(anonymous_6)
FN:121,(anonymous_7)
FN:131,(anonymous_8)
FN:138,(anonymous_9)
FN:155,(anonymous_10)
FN:157,(anonymous_11)
FNF:12
FNH:12
FNDA:3,(anonymous_0)
FNDA:8,(anonymous_1)
FNDA:11,(anonymous_2)
FNDA:11,(anonymous_3)
FNDA:9,(anonymous_4)
FNDA:5,(anonymous_5)
FNDA:1,(anonymous_6)
FNDA:13,(anonymous_7)
FNDA:40,(anonymous_8)
FNDA:38,(anonymous_9)
FNDA:26,(anonymous_10)
FNDA:18,(anonymous_11)
DA:2,1
DA:3,1
DA:35,3
DA:56,3
DA:63,2
DA:65,2
DA:70,8
DA:84,11
DA:90,8
DA:92,11
DA:93,9
DA:96,11
DA:103,5
DA:113,5
DA:115,5
DA:117,1
DA:127,13
DA:130,13
DA:131,13
DA:132,40
DA:138,13
DA:139,38
DA:141,4
DA:142,4
DA:145,10
DA:146,2
DA:147,0
DA:150,14
DA:155,8
DA:156,26
DA:157,8
DA:158,18
DA:159,8
DA:164,2
DA:170,1
LF:35
LH:34
BRDA:97,0,0,11
BRDA:97,0,1,10
BRDA:97,0,2,9
BRDA:106,1,0,5
BRDA:106,1,1,0
BRDA:130,2,0,13
BRDA:132,3,0,40
BRDA:132,3,1,36
BRDA:139,4,0,4
BRDA:139,4,1,10
BRDA:139,4,2,14
BRDA:139,4,3,8
BRDA:139,4,4,2
BRDA:142,5,0,4
BRDA:142,5,1,0
BRDA:145,6,0,8
BRDA:146,7,0,2
BRDA:150,8,0,0
BRDA:150,8,1,14
BRDA:159,9,0,3
BRDA:159,9,1,5
BRF:21
BRH:18
end_of_record
TN:
SF:src/services/notifications.ts
FN:6,(anonymous_0)
FN:28,(anonymous_1)
FN:33,(anonymous_2)
FN:34,(anonymous_3)
FN:35,(anonymous_4)
FN:39,(anonymous_5)
FN:45,(anonymous_6)
FN:68,(anonymous_7)
FN:77,(anonymous_8)
FN:84,(anonymous_9)
FN:98,(anonymous_10)
FN:107,(anonymous_11)
FN:116,(anonymous_12)
FN:133,(anonymous_13)
FN:142,(anonymous_14)
FN:151,(anonymous_15)
FNF:16
FNH:13
FNDA:3,(anonymous_0)
FNDA:11,(anonymous_1)
FNDA:11,(anonymous_2)
FNDA:0,(anonymous_3)
FNDA:0,(anonymous_4)
FNDA:0,(anonymous_5)
FNDA:4,(anonymous_6)
FNDA:1,(anonymous_7)
FNDA:1,(anonymous_8)
FNDA:3,(anonymous_9)
FNDA:1,(anonymous_10)
FNDA:1,(anonymous_11)
FNDA:1,(anonymous_12)
FNDA:1,(anonymous_13)
FNDA:1,(anonymous_14)
FNDA:1,(anonymous_15)
DA:2,3
DA:4,3
DA:6,3
DA:7,3
DA:8,3
DA:9,3
DA:10,3
DA:11,3
DA:24,3
DA:26,3
DA:29,11
DA:30,11
DA:34,11
DA:35,0
DA:36,0
DA:39,0
DA:40,0
DA:51,4
DA:52,4
DA:58,3
DA:63,1
DA:64,1
DA:69,1
DA:74,1
DA:78,1
DA:85,3
DA:86,3
DA:87,3
DA:88,3
DA:89,3
DA:90,0
DA:93,0
DA:99,1
DA:108,1
DA:117,1
DA:134,1
DA:143,1
DA:148,1
DA:156,1
DA:165,1
LF:40
LH:34
BRDA:6,0,0,3
BRDA:6,0,1,3
BRDA:89,1,0,0
BRF:3
BRH:2
end_of_record
TN:
SF:src/services/photo.ts
FN:8,(anonymous_1)
FN:66,(anonymous_2)
FN:72,(anonymous_3)
FN:76,(anonymous_4)
FN:90,(anonymous_5)
FN:91,(anonymous_6)
FN:101,(anonymous_7)
FN:109,(anonymous_8)
FN:111,(anonymous_9)
FNF:9
FNH:8
FNDA:5,(anonymous_1)
FNDA:0,(anonymous_2)
FNDA:4,(anonymous_3)
FNDA:3,(anonymous_4)
FNDA:1,(anonymous_5)
FNDA:1,(anonymous_6)
FNDA:2,(anonymous_7)
FNDA:3,(anonymous_8)
FNDA:2,(anonymous_9)
DA:2,4
DA:3,4
DA:4,4
DA:5,4
DA:7,4
DA:13,5
DA:15,5
DA:16,5
DA:17,1
DA:21,4
DA:22,4
DA:25,3
DA:26,3
DA:27,3
DA:30,3
DA:39,2
DA:47,2
DA:50,2
DA:51,2
DA:55,2
DA:57,2
DA:65,3
DA:66,3
DA:68,3
DA:73,4
DA:75,4
DA:76,4
DA:78,4
DA:79,1
DA:83,3
DA:86,2
DA:87,2
DA:88,2
DA:90,2
DA:91,2
DA:93,2
DA:94,2
DA:96,0
DA:102,2
DA:103,2
DA:104,1
DA:106,1
DA:110,3
DA:111,3
LF:44
LH:43
BRDA:11,0,0,4
BRDA:16,1,0,1
BRDA:50,2,0,2
BRDA:65,3,0,3
BRDA:78,4,0,1
BRDA:93,5,0,2
BRDA:93,5,1,0
BRDA:103,6,0,1
BRF:8
BRH:7
end_of_record
TN:
SF:src/types/sharp.d.ts
FNF:0
FNH:0
LF:0
LH:0
BRF:0
BRH:0
end_of_record
TN:
SF:src/types/xss-clean.d.ts
FNF:0
FNH:0
LF:0
LH:0
BRF:0
BRH:0
end_of_record
TN:
SF:src/utils/database.ts
FN:6,(anonymous_0)
FN:10,(anonymous_1)
FN:20,(anonymous_2)
FN:35,(anonymous_3)
FNF:4
FNH:4
FNDA:9,(anonymous_0)
FNDA:3,(anonymous_1)
FNDA:3,(anonymous_2)
FNDA:3,(anonymous_3)
DA:3,1
DA:7,9
DA:11,3
DA:12,3
DA:13,3
DA:14,2
DA:16,3
DA:21,3
DA:22,3
DA:23,3
DA:24,2
DA:25,1
DA:26,1
DA:28,2
DA:29,2
DA:31,3
DA:36,3
LF:17
LH:17
BRF:0
BRH:0
end_of_record
TN:
SF:src/utils/geolocation.ts
FN:9,(anonymous_1)
FN:23,(anonymous_2)
FNF:2
FNH:2
FNDA:4,(anonymous_1)
FNDA:7,(anonymous_2)
DA:2,1
DA:9,1
DA:10,4
DA:11,4
DA:12,2
DA:17,2
DA:18,2
DA:23,1
DA:24,7
DA:25,7
DA:28,5
DA:29,4
DA:34,3
DA:35,3
LF:14
LH:14
BRDA:30,0,0,4
BRDA:30,0,1,2
BRF:2
BRH:2
end_of_record
TN:
SF:src/utils/matching.ts
FN:13,calculateAge
FN:29,calculateMatchScore
FN:40,(anonymous_2)
FN:51,findMatches
FN:53,(anonymous_4)
FN:61,(anonymous_5)
FN:65,(anonymous_6)
FNF:7
FNH:7
FNDA:4,calculateAge
FNDA:10,calculateMatchScore
FNDA:25,(anonymous_2)
FNDA:5,findMatches
FNDA:9,(anonymous_4)
FNDA:5,(anonymous_5)
FNDA:2,(anonymous_6)
DA:13,1
DA:14,4
DA:15,4
DA:16,4
DA:17,4
DA:18,0
DA:20,4
DA:29,1
DA:30,10
DA:33,10
DA:34,7
DA:35,3
DA:36,2
DA:40,25
DA:41,10
DA:44,10
DA:45,10
DA:47,10
DA:51,1
DA:52,5
DA:56,9
DA:59,9
DA:61,5
DA:65,2
LF:24
LH:23
BRDA:17,0,0,0
BRDA:17,1,0,4
BRDA:17,1,1,4
BRDA:17,1,2,2
BRDA:33,2,0,7
BRDA:33,2,1,3
BRDA:35,3,0,2
BRDA:56,4,0,9
BRDA:56,4,1,7
BRDA:56,4,2,7
BRDA:56,4,3,6
BRF:11
BRH:10
end_of_record
TN:
SF:src/utils/validators.ts
FN:22,(anonymous_0)
FN:42,(anonymous_1)
FNF:2
FNH:1
FNDA:26,(anonymous_0)
FNDA:0,(anonymous_1)
DA:2,7
DA:4,7
DA:22,26
DA:27,7
DA:32,7
DA:43,0
DA:44,0
DA:45,0
LF:8
LH:5
BRF:0
BRH:0
end_of_record
