TN:
SF:src/app.ts
FN:33,(anonymous_1)
FN:38,(anonymous_2)
FN:48,(anonymous_3)
FNF:3
FNH:2
FNDA:1,(anonymous_1)
FNDA:2,(anonymous_2)
FNDA:0,(anonymous_3)
DA:2,3
DA:3,3
DA:4,3
DA:5,3
DA:6,3
DA:7,3
DA:8,3
DA:9,3
DA:17,3
DA:18,3
DA:21,3
DA:22,3
DA:23,3
DA:24,3
DA:25,3
DA:26,3
DA:29,3
DA:30,3
DA:33,3
DA:34,1
DA:38,3
DA:39,2
DA:40,2
DA:46,3
DA:47,0
DA:48,0
DA:49,0
DA:53,3
LF:28
LH:25
BRDA:40,0,0,2
BRDA:40,0,1,2
BRDA:41,1,0,2
BRDA:41,1,1,0
BRDA:46,2,0,0
BRDA:47,3,0,0
BRDA:47,3,1,0
BRF:7
BRH:3
end_of_record
TN:
SF:src/config/database.ts
FN:15,(anonymous_1)
FN:27,(anonymous_2)
FN:44,(anonymous_3)
FNF:3
FNH:2
FNDA:0,(anonymous_1)
FNDA:2,(anonymous_2)
FNDA:3,(anonymous_3)
DA:1,15
DA:2,15
DA:4,15
DA:6,15
DA:7,0
DA:10,15
DA:15,15
DA:16,0
DA:17,0
DA:20,15
DA:31,2
DA:32,2
DA:34,0
DA:35,0
DA:44,15
DA:45,3
DA:46,3
DA:47,2
DA:49,1
DA:50,1
LF:20
LH:15
BRDA:6,0,0,0
BRF:1
BRH:0
end_of_record
TN:
SF:src/config/upload.ts
FN:8,(anonymous_1)
FN:11,(anonymous_2)
FN:18,(anonymous_3)
FNF:3
FNH:0
FNDA:0,(anonymous_1)
FNDA:0,(anonymous_2)
FNDA:0,(anonymous_3)
DA:2,2
DA:3,2
DA:4,2
DA:7,2
DA:9,0
DA:12,0
DA:13,0
DA:18,2
DA:19,0
DA:21,0
DA:22,0
DA:23,0
DA:26,0
DA:29,2
LF:14
LH:6
BRDA:21,0,0,0
BRF:1
BRH:0
end_of_record
TN:
SF:src/controllers/auth.ts
FN:9,(anonymous_1)
FN:51,(anonymous_2)
FNF:2
FNH:2
FNDA:7,(anonymous_1)
FNDA:7,(anonymous_2)
DA:3,5
DA:4,5
DA:5,5
DA:6,5
DA:8,5
DA:10,7
DA:11,7
DA:13,6
DA:19,5
DA:25,3
DA:27,1
DA:36,6
DA:37,5
DA:38,2
DA:39,3
DA:40,2
DA:42,1
DA:45,1
DA:52,7
DA:53,7
DA:55,7
DA:56,5
DA:57,1
DA:58,1
DA:61,4
DA:65,3
DA:66,1
DA:67,1
DA:70,2
DA:71,1
DA:72,1
DA:75,1
DA:81,1
DA:91,3
DA:92,2
DA:93,1
DA:94,1
DA:95,1
DA:97,0
DA:100,1
LF:40
LH:39
BRDA:36,0,0,5
BRDA:36,0,1,1
BRDA:37,1,0,2
BRDA:37,1,1,3
BRDA:39,2,0,2
BRDA:39,2,1,1
BRDA:56,3,0,1
BRDA:65,4,0,1
BRDA:70,5,0,1
BRDA:91,6,0,2
BRDA:91,6,1,1
BRDA:92,7,0,1
BRDA:92,7,1,1
BRDA:94,8,0,1
BRDA:94,8,1,0
BRF:15
BRH:14
end_of_record
TN:
SF:src/controllers/photo.ts
FN:14,(anonymous_0)
FN:49,(anonymous_1)
FN:78,(anonymous_2)
FN:107,(anonymous_3)
FNF:4
FNH:4
FNDA:3,(anonymous_0)
FNDA:3,(anonymous_1)
FNDA:3,(anonymous_2)
FNDA:2,(anonymous_3)
DA:4,4
DA:5,4
DA:13,4
DA:15,3
DA:16,3
DA:17,1
DA:18,1
DA:21,2
DA:22,2
DA:23,1
DA:24,1
DA:27,1
DA:28,1
DA:30,1
DA:36,1
DA:41,0
DA:42,0
DA:44,0
DA:50,3
DA:51,3
DA:52,3
DA:54,3
DA:55,1
DA:56,1
DA:59,2
DA:60,1
DA:61,1
DA:64,1
DA:66,1
DA:70,0
DA:71,0
DA:73,0
DA:79,3
DA:80,3
DA:81,3
DA:83,3
DA:84,1
DA:85,1
DA:88,2
DA:89,1
DA:90,1
DA:93,1
DA:95,1
DA:99,0
DA:100,0
DA:102,0
DA:108,2
DA:109,2
DA:111,2
DA:112,1
DA:113,1
DA:116,1
DA:118,1
DA:122,0
DA:123,0
DA:125,0
LF:56
LH:44
BRDA:16,0,0,1
BRDA:22,1,0,1
BRDA:41,2,0,0
BRDA:41,2,1,0
BRDA:54,3,0,1
BRDA:59,4,0,1
BRDA:70,5,0,0
BRDA:70,5,1,0
BRDA:83,6,0,1
BRDA:88,7,0,1
BRDA:99,8,0,0
BRDA:99,8,1,0
BRDA:111,9,0,1
BRDA:122,10,0,0
BRDA:122,10,1,0
BRF:15
BRH:7
end_of_record
TN:
SF:src/controllers/profile.ts
FN:14,(anonymous_0)
FN:72,(anonymous_1)
FNF:2
FNH:2
FNDA:4,(anonymous_0)
FNDA:4,(anonymous_1)
DA:3,4
DA:4,4
DA:13,4
DA:15,4
DA:16,4
DA:17,3
DA:19,3
DA:20,1
DA:21,1
DA:24,2
DA:25,2
DA:26,1
DA:31,1
DA:38,2
DA:39,2
DA:42,2
DA:43,1
DA:44,0
DA:49,2
DA:50,4
DA:51,3
DA:55,2
DA:57,2
DA:64,1
DA:65,1
DA:66,1
DA:68,0
DA:73,4
DA:74,4
DA:76,4
DA:77,1
DA:78,1
DA:81,3
DA:82,2
DA:83,1
DA:84,1
DA:87,1
DA:89,1
DA:96,1
DA:101,4
LF:40
LH:38
BRDA:19,0,0,1
BRDA:25,1,0,1
BRDA:25,1,1,1
BRDA:39,2,0,2
BRDA:39,2,1,0
BRDA:43,3,0,0
BRDA:50,4,0,3
BRDA:64,5,0,1
BRDA:76,6,0,1
BRDA:82,7,0,1
BRF:10
BRH:8
end_of_record
TN:
SF:src/middleware/auth.ts
FN:8,(anonymous_1)
FN:25,(anonymous_2)
FNF:2
FNH:2
FNDA:3,(anonymous_1)
FNDA:3,(anonymous_2)
DA:2,4
DA:8,4
DA:9,3
DA:11,3
DA:12,1
DA:13,1
DA:16,2
DA:17,2
DA:18,1
DA:19,1
DA:21,1
DA:25,4
DA:26,3
DA:28,3
DA:29,3
DA:30,2
DA:31,1
DA:37,3
LF:18
LH:18
BRDA:11,0,0,1
BRDA:29,1,0,2
BRF:2
BRH:2
end_of_record
TN:
SF:src/models/Profile.ts
FN:8,(anonymous_1)
FN:29,(anonymous_2)
FN:55,(anonymous_3)
FN:63,(anonymous_4)
FN:81,(anonymous_5)
FN:91,(anonymous_6)
FN:99,(anonymous_7)
FN:102,(anonymous_8)
FN:128,(anonymous_9)
FN:139,(anonymous_10)
FN:175,(anonymous_11)
FN:214,(anonymous_12)
FN:216,(anonymous_13)
FNF:13
FNH:11
FNDA:2,(anonymous_1)
FNDA:1,(anonymous_2)
FNDA:2,(anonymous_3)
FNDA:1,(anonymous_4)
FNDA:1,(anonymous_5)
FNDA:2,(anonymous_6)
FNDA:2,(anonymous_7)
FNDA:0,(anonymous_8)
FNDA:0,(anonymous_9)
FNDA:2,(anonymous_10)
FNDA:3,(anonymous_11)
FNDA:2,(anonymous_12)
FNDA:2,(anonymous_13)
DA:2,7
DA:4,7
DA:5,7
DA:7,7
DA:9,2
DA:26,1
DA:30,1
DA:52,1
DA:56,2
DA:60,2
DA:65,1
DA:73,1
DA:82,1
DA:92,2
DA:99,2
DA:103,0
DA:105,0
DA:107,0
DA:109,0
DA:115,0
DA:121,0
DA:123,0
DA:124,0
DA:129,0
DA:136,0
DA:140,2
DA:142,2
DA:145,2
DA:150,2
DA:151,1
DA:155,1
DA:161,1
DA:167,1
DA:170,1
DA:171,1
DA:176,3
DA:177,3
DA:180,3
DA:185,3
DA:186,1
DA:190,2
DA:195,2
DA:196,1
DA:210,2
DA:213,2
DA:215,2
DA:219,1
DA:220,1
LF:48
LH:38
BRDA:60,0,0,2
BRDA:60,0,1,1
BRDA:102,1,0,0
BRDA:107,2,0,0
BRDA:150,3,0,1
BRDA:185,4,0,1
BRDA:195,5,0,1
BRF:7
BRH:5
end_of_record
TN:
SF:src/models/User.ts
FN:7,(anonymous_1)
FN:31,(anonymous_2)
FN:39,(anonymous_3)
FNF:3
FNH:3
FNDA:3,(anonymous_1)
FNDA:2,(anonymous_2)
FNDA:3,(anonymous_3)
DA:2,6
DA:4,6
DA:6,6
DA:8,3
DA:10,3
DA:11,3
DA:18,1
DA:20,2
DA:21,2
DA:22,1
DA:24,1
DA:25,1
DA:27,0
DA:32,2
DA:36,2
DA:40,3
DA:45,3
DA:46,2
LF:18
LH:17
BRDA:21,0,0,1
BRDA:24,1,0,1
BRDA:36,2,0,2
BRDA:36,2,1,1
BRDA:45,3,0,1
BRF:5
BRH:5
end_of_record
TN:
SF:src/routes/auth.ts
FN:8,(anonymous_0)
FN:20,(anonymous_1)
FNF:2
FNH:2
FNDA:3,(anonymous_0)
FNDA:2,(anonymous_1)
DA:2,4
DA:3,4
DA:5,4
DA:8,4
DA:13,3
DA:14,3
DA:16,2
DA:20,4
DA:25,2
DA:26,2
DA:28,1
DA:33,4
DA:34,4
DA:36,4
LF:14
LH:14
BRF:0
BRH:0
end_of_record
TN:
SF:src/routes/profile.ts
FN:10,(anonymous_0)
FN:22,(anonymous_1)
FNF:2
FNH:2
FNDA:4,(anonymous_0)
FNDA:2,(anonymous_1)
DA:1,3
DA:2,3
DA:3,3
DA:4,3
DA:5,3
DA:7,3
DA:10,3
DA:15,4
DA:16,4
DA:18,1
DA:22,3
DA:27,2
DA:28,2
DA:30,0
DA:35,3
DA:36,3
DA:38,3
DA:45,3
DA:51,3
DA:57,3
LF:20
LH:19
BRF:0
BRH:0
end_of_record
TN:
SF:src/services/email.ts
FN:4,(anonymous_1)
FN:9,(anonymous_2)
FNF:2
FNH:2
FNDA:8,(anonymous_1)
FNDA:8,(anonymous_2)
DA:2,6
DA:4,6
DA:5,8
DA:6,8
DA:9,6
DA:10,8
DA:11,1
DA:14,7
DA:15,2
DA:18,5
DA:19,1
DA:22,4
DA:32,4
DA:34,4
DA:47,4
DA:48,4
DA:49,3
DA:51,1
DA:52,1
LF:19
LH:19
BRDA:10,0,0,1
BRDA:10,1,0,8
BRDA:10,1,1,8
BRDA:14,2,0,2
BRDA:18,3,0,1
BRDA:18,4,0,5
BRDA:18,4,1,4
BRDA:24,5,0,4
BRDA:24,5,1,0
BRF:9
BRH:8
end_of_record
TN:
SF:src/services/photo.ts
FN:8,(anonymous_1)
FN:60,(anonymous_2)
FN:65,(anonymous_3)
FN:69,(anonymous_4)
FN:83,(anonymous_5)
FN:84,(anonymous_6)
FNF:6
FNH:0
FNDA:0,(anonymous_1)
FNDA:0,(anonymous_2)
FNDA:0,(anonymous_3)
FNDA:0,(anonymous_4)
FNDA:0,(anonymous_5)
FNDA:0,(anonymous_6)
DA:2,4
DA:3,4
DA:4,4
DA:5,4
DA:7,4
DA:13,0
DA:15,0
DA:16,0
DA:19,0
DA:20,0
DA:21,0
DA:24,0
DA:33,0
DA:41,0
DA:44,0
DA:47,0
DA:48,0
DA:49,0
DA:51,0
DA:53,0
DA:59,0
DA:60,0
DA:62,0
DA:66,0
DA:68,0
DA:69,0
DA:71,0
DA:72,0
DA:76,0
DA:79,0
DA:80,0
DA:81,0
DA:83,0
DA:84,0
DA:86,0
DA:87,0
DA:89,0
LF:37
LH:5
BRDA:11,0,0,0
BRDA:48,1,0,0
BRDA:59,2,0,0
BRDA:71,3,0,0
BRDA:86,4,0,0
BRDA:86,4,1,0
BRF:6
BRH:0
end_of_record
TN:
SF:src/types/sharp.d.ts
FNF:0
FNH:0
LF:0
LH:0
BRF:0
BRH:0
end_of_record
TN:
SF:src/utils/validators.ts
FN:22,(anonymous_0)
FN:42,(anonymous_1)
FNF:2
FNH:1
FNDA:26,(anonymous_0)
FNDA:0,(anonymous_1)
DA:2,9
DA:4,9
DA:22,26
DA:27,9
DA:32,9
DA:43,0
DA:44,0
DA:45,0
LF:8
LH:5
BRF:0
BRH:0
end_of_record
